make[1]: Entering directory '/usr/ports/core-ppc/binutils/work/src/build'
make[2]: Entering directory '/usr/ports/core-ppc/binutils/work/src/build/bfd'
make  check-recursive
make[3]: Entering directory '/usr/ports/core-ppc/binutils/work/src/build/bfd'
Making check in po
make[4]: Entering directory '/usr/ports/core-ppc/binutils/work/src/build/bfd/po'
make[4]: Nothing to be done for 'check'.
make[4]: Leaving directory '/usr/ports/core-ppc/binutils/work/src/build/bfd/po'
make[4]: Entering directory '/usr/ports/core-ppc/binutils/work/src/build/bfd'
make[4]: Leaving directory '/usr/ports/core-ppc/binutils/work/src/build/bfd'
make[3]: Leaving directory '/usr/ports/core-ppc/binutils/work/src/build/bfd'
make[2]: Leaving directory '/usr/ports/core-ppc/binutils/work/src/build/bfd'
make[2]: Entering directory '/usr/ports/core-ppc/binutils/work/src/build/opcodes'
Making check in .
make[3]: Entering directory '/usr/ports/core-ppc/binutils/work/src/build/opcodes'
make[3]: Leaving directory '/usr/ports/core-ppc/binutils/work/src/build/opcodes'
Making check in po
make[3]: Entering directory '/usr/ports/core-ppc/binutils/work/src/build/opcodes/po'
make[3]: Nothing to be done for 'check'.
make[3]: Leaving directory '/usr/ports/core-ppc/binutils/work/src/build/opcodes/po'
make[2]: Leaving directory '/usr/ports/core-ppc/binutils/work/src/build/opcodes'
make[2]: Entering directory '/usr/ports/core-ppc/binutils/work/src/build/binutils'
make  check-recursive
make[3]: Entering directory '/usr/ports/core-ppc/binutils/work/src/build/binutils'
Making check in doc
make[4]: Entering directory '/usr/ports/core-ppc/binutils/work/src/build/binutils/doc'
make[4]: Nothing to be done for 'check'.
make[4]: Leaving directory '/usr/ports/core-ppc/binutils/work/src/build/binutils/doc'
Making check in po
make[4]: Entering directory '/usr/ports/core-ppc/binutils/work/src/build/binutils/po'
make[4]: Nothing to be done for 'check'.
make[4]: Leaving directory '/usr/ports/core-ppc/binutils/work/src/build/binutils/po'
make[4]: Entering directory '/usr/ports/core-ppc/binutils/work/src/build/binutils'
make  check-DEJAGNU
make[5]: Entering directory '/usr/ports/core-ppc/binutils/work/src/build/binutils'
srcdir=`cd ../../binutils-2.30/binutils && pwd`; export srcdir; \
r=`pwd`; export r; \
LC_ALL=C; export LC_ALL; \
EXPECT=expect; export EXPECT; \
runtest=runtest; \
if /bin/sh -c "$runtest --version" > /dev/null 2>&1; then \
  CC="gcc" CC_FOR_BUILD="gcc" \
  CC_FOR_TARGET="gcc" CFLAGS_FOR_TARGET="-O2 -pipe -mcpu=powerpc -mtune=750 -msecure-plt" \
	$runtest --tool binutils --srcdir ${srcdir}/testsuite \
		; \
else echo "WARNING: could not find \`runtest'" 1>&2; :;\
fi
WARNING: Couldn't find the global config file.
WARNING: Couldn't find tool init file
Test run by root on Mon Jan 21 16:08:37 2019
Native configuration is powerpc-unknown-linux-gnu

		=== binutils tests ===

Schedule of variations:
    unix

Running target unix
Using /usr/share/dejagnu/baseboards/unix.exp as board description file for target.
Using /usr/share/dejagnu/config/unix.exp as generic interface file for target.
Using /usr/ports/core-ppc/binutils/work/src/binutils-2.30/binutils/testsuite/config/default.exp as tool-and-target-specific interface file.
Running /usr/ports/core-ppc/binutils/work/src/binutils-2.30/binutils/testsuite/binutils-all/aarch64/aarch64.exp ...
Running /usr/ports/core-ppc/binutils/work/src/binutils-2.30/binutils/testsuite/binutils-all/ar.exp ...
Running /usr/ports/core-ppc/binutils/work/src/binutils-2.30/binutils/testsuite/binutils-all/arc/objdump.exp ...
Running /usr/ports/core-ppc/binutils/work/src/binutils-2.30/binutils/testsuite/binutils-all/arm/objdump.exp ...
Running /usr/ports/core-ppc/binutils/work/src/binutils-2.30/binutils/testsuite/binutils-all/bfin/objdump.exp ...
Running /usr/ports/core-ppc/binutils/work/src/binutils-2.30/binutils/testsuite/binutils-all/compress.exp ...
Running /usr/ports/core-ppc/binutils/work/src/binutils-2.30/binutils/testsuite/binutils-all/dlltool.exp ...
Running /usr/ports/core-ppc/binutils/work/src/binutils-2.30/binutils/testsuite/binutils-all/elfedit.exp ...
Running /usr/ports/core-ppc/binutils/work/src/binutils-2.30/binutils/testsuite/binutils-all/hppa/objdump.exp ...
Running /usr/ports/core-ppc/binutils/work/src/binutils-2.30/binutils/testsuite/binutils-all/i386/i386.exp ...
Running /usr/ports/core-ppc/binutils/work/src/binutils-2.30/binutils/testsuite/binutils-all/m68k/objdump.exp ...
Running /usr/ports/core-ppc/binutils/work/src/binutils-2.30/binutils/testsuite/binutils-all/mips/mips.exp ...
Running /usr/ports/core-ppc/binutils/work/src/binutils-2.30/binutils/testsuite/binutils-all/nm.exp ...
Version /usr/ports/core-ppc/binutils/work/src/build/binutils/nm-new 2.30
Running /usr/ports/core-ppc/binutils/work/src/binutils-2.30/binutils/testsuite/binutils-all/objcopy.exp ...
Version /usr/ports/core-ppc/binutils/work/src/build/binutils/objcopy 2.30
Running /usr/ports/core-ppc/binutils/work/src/binutils-2.30/binutils/testsuite/binutils-all/objdump.exp ...
Version /usr/ports/core-ppc/binutils/work/src/build/binutils/objdump 2.30
Running /usr/ports/core-ppc/binutils/work/src/binutils-2.30/binutils/testsuite/binutils-all/readelf.exp ...
Version /usr/ports/core-ppc/binutils/work/src/build/binutils/readelf 2.30
Running /usr/ports/core-ppc/binutils/work/src/binutils-2.30/binutils/testsuite/binutils-all/size.exp ...
Version /usr/ports/core-ppc/binutils/work/src/build/binutils/size 2.30
Running /usr/ports/core-ppc/binutils/work/src/binutils-2.30/binutils/testsuite/binutils-all/update-section.exp ...
Version /usr/ports/core-ppc/binutils/work/src/build/binutils/objcopy 2.30
Running /usr/ports/core-ppc/binutils/work/src/binutils-2.30/binutils/testsuite/binutils-all/vax/objdump.exp ...
Running /usr/ports/core-ppc/binutils/work/src/binutils-2.30/binutils/testsuite/binutils-all/wasm32/wasm32.exp ...
Running /usr/ports/core-ppc/binutils/work/src/binutils-2.30/binutils/testsuite/binutils-all/windres/windres.exp ...
Running /usr/ports/core-ppc/binutils/work/src/binutils-2.30/binutils/testsuite/binutils-all/x86-64/objects.exp ...
Running /usr/ports/core-ppc/binutils/work/src/binutils-2.30/binutils/testsuite/binutils-all/x86-64/x86-64.exp ...

		=== binutils Summary ===

# of expected passes		171
# of unsupported tests		4
make[5]: Leaving directory '/usr/ports/core-ppc/binutils/work/src/build/binutils'
make[4]: Leaving directory '/usr/ports/core-ppc/binutils/work/src/build/binutils'
make[3]: Leaving directory '/usr/ports/core-ppc/binutils/work/src/build/binutils'
make[2]: Leaving directory '/usr/ports/core-ppc/binutils/work/src/build/binutils'
make[2]: Entering directory '/usr/ports/core-ppc/binutils/work/src/build/etc'
make[2]: Nothing to be done for 'check'.
make[2]: Leaving directory '/usr/ports/core-ppc/binutils/work/src/build/etc'
make[2]: Entering directory '/usr/ports/core-ppc/binutils/work/src/build/gas'
Making check in doc
make[3]: Entering directory '/usr/ports/core-ppc/binutils/work/src/build/gas/doc'
make[3]: Nothing to be done for 'check'.
make[3]: Leaving directory '/usr/ports/core-ppc/binutils/work/src/build/gas/doc'
Making check in po
make[3]: Entering directory '/usr/ports/core-ppc/binutils/work/src/build/gas/po'
make[3]: Nothing to be done for 'check'.
make[3]: Leaving directory '/usr/ports/core-ppc/binutils/work/src/build/gas/po'
make[3]: Entering directory '/usr/ports/core-ppc/binutils/work/src/build/gas'
make  check-DEJAGNU
make[4]: Entering directory '/usr/ports/core-ppc/binutils/work/src/build/gas'
if [ -d testsuite ]; then \
  true; \
else \
  mkdir testsuite; \
fi
rm -f testsuite/site.exp
cp site.exp testsuite/site.exp
rootme=`pwd`; export rootme; \
srcdir=`cd ../../binutils-2.30/gas; pwd` ; export srcdir ; \
LC_ALL=C; export LC_ALL; \
EXPECT=expect ; export EXPECT ; \
runtest=runtest; \
cd testsuite; \
if /bin/sh -c "$runtest --version" > /dev/null 2>&1; then \
  $runtest --tool gas --srcdir ${srcdir}/testsuite \
	; \
else echo "WARNING: could not find \`runtest'" 1>&2; :;\
fi
WARNING: Couldn't find the global config file.
WARNING: Couldn't find tool init file
Test run by root on Mon Jan 21 16:09:06 2019
Native configuration is powerpc-unknown-linux-gnu

		=== gas tests ===

Schedule of variations:
    unix

Running target unix
Using /usr/share/dejagnu/baseboards/unix.exp as board description file for target.
Using /usr/share/dejagnu/config/unix.exp as generic interface file for target.
Using /usr/ports/core-ppc/binutils/work/src/binutils-2.30/gas/testsuite/config/default.exp as tool-and-target-specific interface file.
Running /usr/ports/core-ppc/binutils/work/src/binutils-2.30/gas/testsuite/gas/aarch64/aarch64.exp ...
Running /usr/ports/core-ppc/binutils/work/src/binutils-2.30/gas/testsuite/gas/all/gas.exp ...
Running /usr/ports/core-ppc/binutils/work/src/binutils-2.30/gas/testsuite/gas/alpha/alpha.exp ...
Running /usr/ports/core-ppc/binutils/work/src/binutils-2.30/gas/testsuite/gas/arc/arc.exp ...
Running /usr/ports/core-ppc/binutils/work/src/binutils-2.30/gas/testsuite/gas/arc/warn.exp ...
Running /usr/ports/core-ppc/binutils/work/src/binutils-2.30/gas/testsuite/gas/arm/arm.exp ...
Running /usr/ports/core-ppc/binutils/work/src/binutils-2.30/gas/testsuite/gas/avr/avr.exp ...
Running /usr/ports/core-ppc/binutils/work/src/binutils-2.30/gas/testsuite/gas/bfin/bfin.exp ...
Running /usr/ports/core-ppc/binutils/work/src/binutils-2.30/gas/testsuite/gas/bfin/error.exp ...
Running /usr/ports/core-ppc/binutils/work/src/binutils-2.30/gas/testsuite/gas/cfi/cfi.exp ...
Running /usr/ports/core-ppc/binutils/work/src/binutils-2.30/gas/testsuite/gas/cr16/cr16.exp ...
Running /usr/ports/core-ppc/binutils/work/src/binutils-2.30/gas/testsuite/gas/cr16/pic.exp ...
Running /usr/ports/core-ppc/binutils/work/src/binutils-2.30/gas/testsuite/gas/cris/cris.exp ...
Running /usr/ports/core-ppc/binutils/work/src/binutils-2.30/gas/testsuite/gas/crx/allinsn.exp ...
Running /usr/ports/core-ppc/binutils/work/src/binutils-2.30/gas/testsuite/gas/d10v/d10v.exp ...
Running /usr/ports/core-ppc/binutils/work/src/binutils-2.30/gas/testsuite/gas/d30v/d30.exp ...
Running /usr/ports/core-ppc/binutils/work/src/binutils-2.30/gas/testsuite/gas/dlx/alltests.exp ...
Running /usr/ports/core-ppc/binutils/work/src/binutils-2.30/gas/testsuite/gas/elf/elf.exp ...
Running /usr/ports/core-ppc/binutils/work/src/binutils-2.30/gas/testsuite/gas/epiphany/allinsn.exp ...
Running /usr/ports/core-ppc/binutils/work/src/binutils-2.30/gas/testsuite/gas/fr30/allinsn.exp ...
Running /usr/ports/core-ppc/binutils/work/src/binutils-2.30/gas/testsuite/gas/fr30/fr30.exp ...
Running /usr/ports/core-ppc/binutils/work/src/binutils-2.30/gas/testsuite/gas/frv/allinsn.exp ...
Running /usr/ports/core-ppc/binutils/work/src/binutils-2.30/gas/testsuite/gas/ft32/ft32.exp ...
Running /usr/ports/core-ppc/binutils/work/src/binutils-2.30/gas/testsuite/gas/h8300/h8300-coff.exp ...
Running /usr/ports/core-ppc/binutils/work/src/binutils-2.30/gas/testsuite/gas/h8300/h8300-elf.exp ...
Running /usr/ports/core-ppc/binutils/work/src/binutils-2.30/gas/testsuite/gas/h8300/h8300.exp ...
Running /usr/ports/core-ppc/binutils/work/src/binutils-2.30/gas/testsuite/gas/h8300/t01_mov.exp ...
Running /usr/ports/core-ppc/binutils/work/src/binutils-2.30/gas/testsuite/gas/h8300/t02_mova.exp ...
Running /usr/ports/core-ppc/binutils/work/src/binutils-2.30/gas/testsuite/gas/h8300/t03_add.exp ...
Running /usr/ports/core-ppc/binutils/work/src/binutils-2.30/gas/testsuite/gas/h8300/t04_sub.exp ...
Running /usr/ports/core-ppc/binutils/work/src/binutils-2.30/gas/testsuite/gas/h8300/t05_cmp.exp ...
Running /usr/ports/core-ppc/binutils/work/src/binutils-2.30/gas/testsuite/gas/h8300/t06_ari2.exp ...
Running /usr/ports/core-ppc/binutils/work/src/binutils-2.30/gas/testsuite/gas/h8300/t07_ari3.exp ...
Running /usr/ports/core-ppc/binutils/work/src/binutils-2.30/gas/testsuite/gas/h8300/t08_or.exp ...
Running /usr/ports/core-ppc/binutils/work/src/binutils-2.30/gas/testsuite/gas/h8300/t09_xor.exp ...
Running /usr/ports/core-ppc/binutils/work/src/binutils-2.30/gas/testsuite/gas/h8300/t10_and.exp ...
Running /usr/ports/core-ppc/binutils/work/src/binutils-2.30/gas/testsuite/gas/h8300/t11_logs.exp ...
Running /usr/ports/core-ppc/binutils/work/src/binutils-2.30/gas/testsuite/gas/h8300/t12_bit.exp ...
Running /usr/ports/core-ppc/binutils/work/src/binutils-2.30/gas/testsuite/gas/h8300/t13_otr.exp ...
Running /usr/ports/core-ppc/binutils/work/src/binutils-2.30/gas/testsuite/gas/hppa/basic/basic.exp ...
Running /usr/ports/core-ppc/binutils/work/src/binutils-2.30/gas/testsuite/gas/hppa/parse/parse.exp ...
Running /usr/ports/core-ppc/binutils/work/src/binutils-2.30/gas/testsuite/gas/hppa/reloc/reloc.exp ...
Running /usr/ports/core-ppc/binutils/work/src/binutils-2.30/gas/testsuite/gas/hppa/unsorted/unsorted.exp ...
Running /usr/ports/core-ppc/binutils/work/src/binutils-2.30/gas/testsuite/gas/i386/i386.exp ...
Running /usr/ports/core-ppc/binutils/work/src/binutils-2.30/gas/testsuite/gas/i386/ilp32/cfi/ilp32.exp ...
Running /usr/ports/core-ppc/binutils/work/src/binutils-2.30/gas/testsuite/gas/i386/ilp32/elf/ilp32.exp ...
Running /usr/ports/core-ppc/binutils/work/src/binutils-2.30/gas/testsuite/gas/i386/ilp32/ilp32.exp ...
Running /usr/ports/core-ppc/binutils/work/src/binutils-2.30/gas/testsuite/gas/i386/ilp32/lns/ilp32.exp ...
Running /usr/ports/core-ppc/binutils/work/src/binutils-2.30/gas/testsuite/gas/i860/i860.exp ...
Running /usr/ports/core-ppc/binutils/work/src/binutils-2.30/gas/testsuite/gas/ia64/ia64.exp ...
Running /usr/ports/core-ppc/binutils/work/src/binutils-2.30/gas/testsuite/gas/ieee-fp/x930509a.exp ...
Running /usr/ports/core-ppc/binutils/work/src/binutils-2.30/gas/testsuite/gas/ip2k/ip2k-allinsn.exp ...
Running /usr/ports/core-ppc/binutils/work/src/binutils-2.30/gas/testsuite/gas/iq2000/allinsn.exp ...
Running /usr/ports/core-ppc/binutils/work/src/binutils-2.30/gas/testsuite/gas/iq2000/load-hazards.exp ...
Running /usr/ports/core-ppc/binutils/work/src/binutils-2.30/gas/testsuite/gas/iq2000/odd-ldw.exp ...
Running /usr/ports/core-ppc/binutils/work/src/binutils-2.30/gas/testsuite/gas/iq2000/odd-sdw.exp ...
Running /usr/ports/core-ppc/binutils/work/src/binutils-2.30/gas/testsuite/gas/iq2000/yield.exp ...
Running /usr/ports/core-ppc/binutils/work/src/binutils-2.30/gas/testsuite/gas/lm32/all.exp ...
Running /usr/ports/core-ppc/binutils/work/src/binutils-2.30/gas/testsuite/gas/lns/lns.exp ...
Running /usr/ports/core-ppc/binutils/work/src/binutils-2.30/gas/testsuite/gas/m32r/allinsn.exp ...
Running /usr/ports/core-ppc/binutils/work/src/binutils-2.30/gas/testsuite/gas/m32r/error.exp ...
Running /usr/ports/core-ppc/binutils/work/src/binutils-2.30/gas/testsuite/gas/m32r/m32r.exp ...
Running /usr/ports/core-ppc/binutils/work/src/binutils-2.30/gas/testsuite/gas/m32r/m32r2.exp ...
Running /usr/ports/core-ppc/binutils/work/src/binutils-2.30/gas/testsuite/gas/m32r/m32rx.exp ...
Running /usr/ports/core-ppc/binutils/work/src/binutils-2.30/gas/testsuite/gas/m32r/pic.exp ...
Running /usr/ports/core-ppc/binutils/work/src/binutils-2.30/gas/testsuite/gas/m32r/rel32.exp ...
Running /usr/ports/core-ppc/binutils/work/src/binutils-2.30/gas/testsuite/gas/m68hc11/m68hc11.exp ...
Running /usr/ports/core-ppc/binutils/work/src/binutils-2.30/gas/testsuite/gas/m68k-coff/gas.exp ...
Running /usr/ports/core-ppc/binutils/work/src/binutils-2.30/gas/testsuite/gas/m68k/all.exp ...
Running /usr/ports/core-ppc/binutils/work/src/binutils-2.30/gas/testsuite/gas/mach-o/mach-o.exp ...
Running /usr/ports/core-ppc/binutils/work/src/binutils-2.30/gas/testsuite/gas/macros/macros.exp ...
Running /usr/ports/core-ppc/binutils/work/src/binutils-2.30/gas/testsuite/gas/mcore/allinsn.exp ...
Running /usr/ports/core-ppc/binutils/work/src/binutils-2.30/gas/testsuite/gas/mep/allinsn.exp ...
Running /usr/ports/core-ppc/binutils/work/src/binutils-2.30/gas/testsuite/gas/mep/complex-relocs.exp ...
Running /usr/ports/core-ppc/binutils/work/src/binutils-2.30/gas/testsuite/gas/metag/metag.exp ...
Running /usr/ports/core-ppc/binutils/work/src/binutils-2.30/gas/testsuite/gas/microblaze/allinsn.exp ...
Running /usr/ports/core-ppc/binutils/work/src/binutils-2.30/gas/testsuite/gas/microblaze/endian.exp ...
Running /usr/ports/core-ppc/binutils/work/src/binutils-2.30/gas/testsuite/gas/microblaze/relax_size.exp ...
Running /usr/ports/core-ppc/binutils/work/src/binutils-2.30/gas/testsuite/gas/microblaze/reloc_sym.exp ...
Running /usr/ports/core-ppc/binutils/work/src/binutils-2.30/gas/testsuite/gas/microblaze/special_reg.exp ...
Running /usr/ports/core-ppc/binutils/work/src/binutils-2.30/gas/testsuite/gas/mips/mips.exp ...
Running /usr/ports/core-ppc/binutils/work/src/binutils-2.30/gas/testsuite/gas/mmix/mmix-err.exp ...
Running /usr/ports/core-ppc/binutils/work/src/binutils-2.30/gas/testsuite/gas/mmix/mmix-list.exp ...
Running /usr/ports/core-ppc/binutils/work/src/binutils-2.30/gas/testsuite/gas/mmix/mmix.exp ...
Running /usr/ports/core-ppc/binutils/work/src/binutils-2.30/gas/testsuite/gas/mn10200/basic.exp ...
Running /usr/ports/core-ppc/binutils/work/src/binutils-2.30/gas/testsuite/gas/mn10300/basic.exp ...
Running /usr/ports/core-ppc/binutils/work/src/binutils-2.30/gas/testsuite/gas/mri/mri.exp ...
Running /usr/ports/core-ppc/binutils/work/src/binutils-2.30/gas/testsuite/gas/msp430/msp430.exp ...
Running /usr/ports/core-ppc/binutils/work/src/binutils-2.30/gas/testsuite/gas/mt/errors.exp ...
Running /usr/ports/core-ppc/binutils/work/src/binutils-2.30/gas/testsuite/gas/mt/mt.exp ...
Running /usr/ports/core-ppc/binutils/work/src/binutils-2.30/gas/testsuite/gas/mt/relocs.exp ...
Running /usr/ports/core-ppc/binutils/work/src/binutils-2.30/gas/testsuite/gas/nds32/nds32.exp ...
Running /usr/ports/core-ppc/binutils/work/src/binutils-2.30/gas/testsuite/gas/nios2/nios2.exp ...
Running /usr/ports/core-ppc/binutils/work/src/binutils-2.30/gas/testsuite/gas/or1k/allinsn.exp ...
Running /usr/ports/core-ppc/binutils/work/src/binutils-2.30/gas/testsuite/gas/pdp11/pdp11.exp ...
Running /usr/ports/core-ppc/binutils/work/src/binutils-2.30/gas/testsuite/gas/pe/pe.exp ...
Running /usr/ports/core-ppc/binutils/work/src/binutils-2.30/gas/testsuite/gas/pj/pj.exp ...
Running /usr/ports/core-ppc/binutils/work/src/binutils-2.30/gas/testsuite/gas/ppc/aix.exp ...
Running /usr/ports/core-ppc/binutils/work/src/binutils-2.30/gas/testsuite/gas/ppc/ppc.exp ...
Running /usr/ports/core-ppc/binutils/work/src/binutils-2.30/gas/testsuite/gas/pru/pru.exp ...
Running /usr/ports/core-ppc/binutils/work/src/binutils-2.30/gas/testsuite/gas/riscv/riscv.exp ...
Running /usr/ports/core-ppc/binutils/work/src/binutils-2.30/gas/testsuite/gas/rl78/rl78.exp ...
Running /usr/ports/core-ppc/binutils/work/src/binutils-2.30/gas/testsuite/gas/rx/rx.exp ...
Running /usr/ports/core-ppc/binutils/work/src/binutils-2.30/gas/testsuite/gas/s390/s390.exp ...
Running /usr/ports/core-ppc/binutils/work/src/binutils-2.30/gas/testsuite/gas/score/relax.exp ...
Running /usr/ports/core-ppc/binutils/work/src/binutils-2.30/gas/testsuite/gas/score/relax_32.exp ...
Running /usr/ports/core-ppc/binutils/work/src/binutils-2.30/gas/testsuite/gas/sh/arch/arch.exp ...
Running /usr/ports/core-ppc/binutils/work/src/binutils-2.30/gas/testsuite/gas/sh/basic.exp ...
Running /usr/ports/core-ppc/binutils/work/src/binutils-2.30/gas/testsuite/gas/sh/err.exp ...
Running /usr/ports/core-ppc/binutils/work/src/binutils-2.30/gas/testsuite/gas/sh/sh64/err.exp ...
Running /usr/ports/core-ppc/binutils/work/src/binutils-2.30/gas/testsuite/gas/sh/sh64/sh64.exp ...
Running /usr/ports/core-ppc/binutils/work/src/binutils-2.30/gas/testsuite/gas/sparc-solaris/addend.exp ...
Running /usr/ports/core-ppc/binutils/work/src/binutils-2.30/gas/testsuite/gas/sparc-solaris/gas.exp ...
Running /usr/ports/core-ppc/binutils/work/src/binutils-2.30/gas/testsuite/gas/sparc/mismatch.exp ...
Running /usr/ports/core-ppc/binutils/work/src/binutils-2.30/gas/testsuite/gas/sparc/sparc.exp ...
Running /usr/ports/core-ppc/binutils/work/src/binutils-2.30/gas/testsuite/gas/sun4/addend.exp ...
Running /usr/ports/core-ppc/binutils/work/src/binutils-2.30/gas/testsuite/gas/symver/symver.exp ...
Running /usr/ports/core-ppc/binutils/work/src/binutils-2.30/gas/testsuite/gas/tic4x/tic4x.exp ...
Running /usr/ports/core-ppc/binutils/work/src/binutils-2.30/gas/testsuite/gas/tic54x/tic54x.exp ...
Running /usr/ports/core-ppc/binutils/work/src/binutils-2.30/gas/testsuite/gas/tic6x/tic6x.exp ...
Running /usr/ports/core-ppc/binutils/work/src/binutils-2.30/gas/testsuite/gas/tilegx/tilegx.exp ...
Running /usr/ports/core-ppc/binutils/work/src/binutils-2.30/gas/testsuite/gas/tilepro/tilepro.exp ...
Running /usr/ports/core-ppc/binutils/work/src/binutils-2.30/gas/testsuite/gas/v850/basic.exp ...
Running /usr/ports/core-ppc/binutils/work/src/binutils-2.30/gas/testsuite/gas/vax/vax.exp ...
Running /usr/ports/core-ppc/binutils/work/src/binutils-2.30/gas/testsuite/gas/visium/error.exp ...
Running /usr/ports/core-ppc/binutils/work/src/binutils-2.30/gas/testsuite/gas/visium/visium.exp ...
Running /usr/ports/core-ppc/binutils/work/src/binutils-2.30/gas/testsuite/gas/wasm32/wasm32.exp ...
Running /usr/ports/core-ppc/binutils/work/src/binutils-2.30/gas/testsuite/gas/xc16x/xc16x.exp ...
Running /usr/ports/core-ppc/binutils/work/src/binutils-2.30/gas/testsuite/gas/xgate/xgate.exp ...
Running /usr/ports/core-ppc/binutils/work/src/binutils-2.30/gas/testsuite/gas/xstormy16/allinsn.exp ...
Running /usr/ports/core-ppc/binutils/work/src/binutils-2.30/gas/testsuite/gas/xtensa/all.exp ...
Running /usr/ports/core-ppc/binutils/work/src/binutils-2.30/gas/testsuite/gas/xtensa/xtensa-err.exp ...
Running /usr/ports/core-ppc/binutils/work/src/binutils-2.30/gas/testsuite/gas/z80/z80.exp ...
Running /usr/ports/core-ppc/binutils/work/src/binutils-2.30/gas/testsuite/gas/z8k/z8k.exp ...

		=== gas Summary ===

# of expected passes		252
# of expected failures		2
# of unsupported tests		2
/usr/ports/core-ppc/binutils/work/src/build/gas/as-new 2.30

make[4]: Leaving directory '/usr/ports/core-ppc/binutils/work/src/build/gas'
make[3]: Leaving directory '/usr/ports/core-ppc/binutils/work/src/build/gas'
make[2]: Leaving directory '/usr/ports/core-ppc/binutils/work/src/build/gas'
make[2]: Entering directory '/usr/ports/core-ppc/binutils/work/src/build/libiberty'
make[3]: Entering directory '/usr/ports/core-ppc/binutils/work/src/build/libiberty/testsuite'
make[3]: Nothing to be done for 'all'.
make[3]: Leaving directory '/usr/ports/core-ppc/binutils/work/src/build/libiberty/testsuite'
make[2]: Leaving directory '/usr/ports/core-ppc/binutils/work/src/build/libiberty'
make[2]: Entering directory '/usr/ports/core-ppc/binutils/work/src/build/intl'
make[2]: Nothing to be done for 'all'.
make[2]: Leaving directory '/usr/ports/core-ppc/binutils/work/src/build/intl'
make[2]: Entering directory '/usr/ports/core-ppc/binutils/work/src/build/zlib'
true "AR_FLAGS=rc" "CC_FOR_BUILD=gcc" "CFLAGS=-O2 -pipe -mcpu=powerpc -mtune=750 -msecure-plt" "CXXFLAGS=-O2 -pipe -mcpu=powerpc -mtune=750 -msecure-plt" "CFLAGS_FOR_BUILD=-O2 -pipe -mcpu=powerpc -mtune=750 -msecure-plt" "CFLAGS_FOR_TARGET=-g -O2 -pipe -mcpu=powerpc -mtune=750 -msecure-plt" "INSTALL=/usr/bin/install -c" "INSTALL_DATA=/usr/bin/install -c -m 644" "INSTALL_PROGRAM=/usr/bin/install -c" "INSTALL_SCRIPT=/usr/bin/install -c" "LDFLAGS=-static-libstdc++ -static-libgcc " "LIBCFLAGS=-O2 -pipe -mcpu=powerpc -mtune=750 -msecure-plt" "LIBCFLAGS_FOR_TARGET=-g -O2 -pipe -mcpu=powerpc -mtune=750 -msecure-plt" "MAKE=make" "MAKEINFO=/usr/ports/core-ppc/binutils/work/src/binutils-2.30/missing makeinfo --split-size=5000000 --split-size=5000000 " "PICFLAG=-fPIC" "PICFLAG_FOR_TARGET=" "SHELL=/bin/sh" "EXPECT=expect" "RUNTEST=runtest" "RUNTESTFLAGS=" "exec_prefix=/usr" "infodir=/usr/share/info" "libdir=/usr/lib" "prefix=/usr" "tooldir=/usr/powerpc-unknown-linux-gnu" "AR=ar" "AS=as" "CC=gcc" "CXX=g++" "LD=ld" "LIBCFLAGS=-O2 -pipe -mcpu=powerpc -mtune=750 -msecure-plt" "NM=nm" "PICFLAG=-fPIC" "RANLIB=ranlib" "DESTDIR=" DO=all multi-do # make
make[2]: Leaving directory '/usr/ports/core-ppc/binutils/work/src/build/zlib'
make[2]: Entering directory '/usr/ports/core-ppc/binutils/work/src/build/bfd'
Making info in po
make[3]: Entering directory '/usr/ports/core-ppc/binutils/work/src/build/bfd/po'
make[3]: Nothing to be done for 'info'.
make[3]: Leaving directory '/usr/ports/core-ppc/binutils/work/src/build/bfd/po'
make[3]: Entering directory '/usr/ports/core-ppc/binutils/work/src/build/bfd'
make[3]: Nothing to be done for 'info-am'.
make[3]: Leaving directory '/usr/ports/core-ppc/binutils/work/src/build/bfd'
make  all-recursive
make[3]: Entering directory '/usr/ports/core-ppc/binutils/work/src/build/bfd'
Making all in po
make[4]: Entering directory '/usr/ports/core-ppc/binutils/work/src/build/bfd/po'
make[4]: Nothing to be done for 'all'.
make[4]: Leaving directory '/usr/ports/core-ppc/binutils/work/src/build/bfd/po'
make[4]: Entering directory '/usr/ports/core-ppc/binutils/work/src/build/bfd'
make[4]: Leaving directory '/usr/ports/core-ppc/binutils/work/src/build/bfd'
make[3]: Leaving directory '/usr/ports/core-ppc/binutils/work/src/build/bfd'
make[2]: Leaving directory '/usr/ports/core-ppc/binutils/work/src/build/bfd'
make[2]: Entering directory '/usr/ports/core-ppc/binutils/work/src/build/opcodes'
make  all-recursive
make[3]: Entering directory '/usr/ports/core-ppc/binutils/work/src/build/opcodes'
Making all in .
make[4]: Entering directory '/usr/ports/core-ppc/binutils/work/src/build/opcodes'
make[4]: Leaving directory '/usr/ports/core-ppc/binutils/work/src/build/opcodes'
Making all in po
make[4]: Entering directory '/usr/ports/core-ppc/binutils/work/src/build/opcodes/po'
make[4]: Nothing to be done for 'all'.
make[4]: Leaving directory '/usr/ports/core-ppc/binutils/work/src/build/opcodes/po'
make[3]: Leaving directory '/usr/ports/core-ppc/binutils/work/src/build/opcodes'
make[2]: Leaving directory '/usr/ports/core-ppc/binutils/work/src/build/opcodes'
make[2]: Entering directory '/usr/ports/core-ppc/binutils/work/src/build/gas'
make  all-recursive
make[3]: Entering directory '/usr/ports/core-ppc/binutils/work/src/build/gas'
Making all in doc
make[4]: Entering directory '/usr/ports/core-ppc/binutils/work/src/build/gas/doc'
make[4]: Nothing to be done for 'all'.
make[4]: Leaving directory '/usr/ports/core-ppc/binutils/work/src/build/gas/doc'
Making all in po
make[4]: Entering directory '/usr/ports/core-ppc/binutils/work/src/build/gas/po'
make[4]: Nothing to be done for 'all'.
make[4]: Leaving directory '/usr/ports/core-ppc/binutils/work/src/build/gas/po'
make[4]: Entering directory '/usr/ports/core-ppc/binutils/work/src/build/gas'
make[4]: Leaving directory '/usr/ports/core-ppc/binutils/work/src/build/gas'
make[3]: Leaving directory '/usr/ports/core-ppc/binutils/work/src/build/gas'
make[2]: Leaving directory '/usr/ports/core-ppc/binutils/work/src/build/gas'
make[2]: Entering directory '/usr/ports/core-ppc/binutils/work/src/build/binutils'
Making info in doc
make[3]: Entering directory '/usr/ports/core-ppc/binutils/work/src/build/binutils/doc'
make[3]: Nothing to be done for 'info'.
make[3]: Leaving directory '/usr/ports/core-ppc/binutils/work/src/build/binutils/doc'
Making info in po
make[3]: Entering directory '/usr/ports/core-ppc/binutils/work/src/build/binutils/po'
make[3]: Nothing to be done for 'info'.
make[3]: Leaving directory '/usr/ports/core-ppc/binutils/work/src/build/binutils/po'
make[3]: Entering directory '/usr/ports/core-ppc/binutils/work/src/build/binutils'
make[3]: Nothing to be done for 'info-am'.
make[3]: Leaving directory '/usr/ports/core-ppc/binutils/work/src/build/binutils'
make  all-recursive
make[3]: Entering directory '/usr/ports/core-ppc/binutils/work/src/build/binutils'
Making all in doc
make[4]: Entering directory '/usr/ports/core-ppc/binutils/work/src/build/binutils/doc'
make[4]: Nothing to be done for 'all'.
make[4]: Leaving directory '/usr/ports/core-ppc/binutils/work/src/build/binutils/doc'
Making all in po
make[4]: Entering directory '/usr/ports/core-ppc/binutils/work/src/build/binutils/po'
make[4]: Nothing to be done for 'all'.
make[4]: Leaving directory '/usr/ports/core-ppc/binutils/work/src/build/binutils/po'
make[4]: Entering directory '/usr/ports/core-ppc/binutils/work/src/build/binutils'
make[4]: Leaving directory '/usr/ports/core-ppc/binutils/work/src/build/binutils'
make[3]: Leaving directory '/usr/ports/core-ppc/binutils/work/src/build/binutils'
make[2]: Leaving directory '/usr/ports/core-ppc/binutils/work/src/build/binutils'
make[2]: Entering directory '/usr/ports/core-ppc/binutils/work/src/build/gold'
Making check in po
make[3]: Entering directory '/usr/ports/core-ppc/binutils/work/src/build/gold/po'
make[3]: Nothing to be done for 'check'.
make[3]: Leaving directory '/usr/ports/core-ppc/binutils/work/src/build/gold/po'
Making check in testsuite
make[3]: Entering directory '/usr/ports/core-ppc/binutils/work/src/build/gold/testsuite'
make  check-am
make[4]: Entering directory '/usr/ports/core-ppc/binutils/work/src/build/gold/testsuite'
make  libgoldtest.a object_unittest binary_unittest leb128_unittest overflow_unittest icf_virtual_function_folding_test large_symbol_alignment basic_test basic_pic_test eh_test basic_static_test basic_static_pic_test basic_pie_test constructor_test constructor_static_test two_file_test two_file_pic_test two_file_static_test two_file_shared_1_test two_file_shared_2_test two_file_shared_1_pic_2_test two_file_shared_2_pic_1_test two_file_same_shared_test two_file_separate_shared_12_test two_file_separate_shared_21_test two_file_relocatable_test two_file_pie_test pie_copyrelocs_test weak_unresolved_symbols_test  two_file_strip_test two_file_same_shared_strip_test common_test_1 common_test_2 exception_test exception_shared_1_test exception_shared_2_test exception_same_shared_test exception_separate_shared_12_test exception_separate_shared_21_test exception_static_test weak_test weak_undef_test weak_undef_test_2  weak_alias_test weak_plt copy_test copy_test_relro tls_test tls_pic_test tls_pie_test tls_pie_pic_test tls_shared_test tls_shared_ie_test tls_shared_gd_to_ie_test   tls_static_test tls_static_pic_test     many_sections_test many_sections_r_test initpri1 initpri2 initpri3a flagstest_o_specialfile flagstest_compress_debug_sections_none flagstest_compress_debug_sections flagstest_compress_debug_sections_and_build_id_tree flagstest_compress_debug_sections_gnu flagstest_compress_debug_sections_gabi flagstest_o_specialfile_and_compress_debug_sections flagstest_o_ttext_1 ver_test ver_test_2 ver_test_6 ver_test_8 ver_test_9 ver_test_11 ver_test_12 protected_1 protected_2 relro_test relro_now_test relro_strip_test relro_script_test script_test_1 script_test_2 justsyms justsyms_exec binary_test script_test_3 tls_phdrs_script_test tls_script_test script_test_11 script_test_12 script_test_12i dynamic_list_2 thin_archive_test_1 thin_archive_test_2 plugin_test_1 plugin_test_2 plugin_test_3 plugin_test_4 plugin_test_5 plugin_test_6 plugin_test_7 plugin_test_8 plugin_test_10 plugin_test_11 plugin_test_12 plugin_test_start_lib plugin_test_tls exclude_libs_test local_labels_test discard_locals_test  permission_test searched_file_test ifuncmain1static ifuncmain1picstatic ifuncmain1 ifuncmain1pic ifuncmain1vis ifuncmain1vispic ifuncmain1staticpic ifuncmain1pie ifuncmain1vispie ifuncmain1staticpie ifuncmain2static ifuncmain2picstatic ifuncmain2 ifuncmain2pic ifuncmain3 ifuncmain4static ifuncmain4picstatic ifuncmain4 ifuncmain5static ifuncmain5picstatic ifuncmain5 ifuncmain5pic ifuncmain5staticpic ifuncmain5pie ifuncmain6pie ifuncmain7static ifuncmain7picstatic ifuncmain7 ifuncmain7pic ifuncmain7pie ifuncvar start_lib_test ehdr_start_test_1 ehdr_start_test_2 ehdr_start_test_3 ehdr_start_test_5 pr20976  pr22266 \
  empty_command_line_test.sh incremental_test.sh gc_comdat_test.sh gc_tls_test.sh gc_orphan_section_test.sh pr14265.sh pr20717.sh gc_dynamic_list_test.sh icf_test.sh icf_keep_unique_test.sh icf_safe_test.sh icf_safe_pie_test.sh icf_safe_so_test.sh final_layout.sh text_section_grouping.sh section_sorting_name.sh text_unlikely_segment.sh icf_preemptible_functions_test.sh icf_string_merge_test.sh icf_sht_rel_addend_test.sh merge_string_literals.sh eh_test_2.sh two_file_shared.sh weak_plt.sh  tls_pie_test.sh   file_in_many_sections_test.sh debug_msg.sh missing_key_func.sh undef_symbol.sh pr18689.sh ver_test_1.sh ver_test_2.sh ver_test_4.sh ver_test_5.sh ver_test_7.sh ver_test_8.sh ver_test_10.sh ver_test_13.sh relro_test.sh ver_matching_test.sh script_test_3.sh script_test_4.sh script_test_5.sh script_test_6.sh script_test_7.sh script_test_8.sh script_test_9.sh script_test_13.sh script_test_14.sh script_test_15a.sh script_test_15b.sh script_test_15c.sh dynamic_list.sh plugin_test_1.sh plugin_test_2.sh plugin_test_3.sh plugin_test_4.sh plugin_test_6.sh plugin_test_7.sh plugin_test_10.sh plugin_test_11.sh plugin_test_12.sh plugin_test_start_lib.sh plugin_test_tls.sh plugin_final_layout.sh plugin_layout_with_alignment.sh exclude_libs_test.sh discard_locals_test.sh hidden_test.sh retain_symbols_file_test.sh no_version_test.sh ifuncmod1.sh strong_ref_weak_def.sh dyn_weak_ref.sh memory_test.sh gdb_index_test_1.sh gdb_index_test_2.sh gdb_index_test_2_gabi.sh gdb_index_test_3.sh gdb_index_test_4.sh ehdr_start_test_4.sh defsym_test.sh script_test_10.sh        incremental_test.stdout gc_comdat_test.stdout gc_tls_test.stdout gc_orphan_section_test.stdout pr14265.stdout pr20717.stdout gc_dynamic_list_test.stdout icf_test.map icf_keep_unique_test.stdout icf_safe_test_1.stdout icf_safe_test_2.stdout icf_safe_test.map icf_safe_pie_test_1.stdout icf_safe_pie_test_2.stdout icf_safe_pie_test.map icf_safe_so_test_1.stdout icf_safe_so_test_2.stdout icf_safe_so_test.map final_layout.stdout text_section_grouping.stdout text_section_no_grouping.stdout section_sorting_name.stdout text_unlikely_segment_readelf.stdout icf_preemptible_functions_test.stdout icf_string_merge_test.stdout icf_sht_rel_addend_test.stdout merge_string_literals.stdout eh_test_2.sects two_file_shared.dbg weak_plt_shared.so  tls_pie_test.stdout   file_in_many_sections.stdout debug_msg.err missing_key_func.err debug_msg_cdebug.err debug_msg_cdebug_gabi.err debug_msg_so.err debug_msg_ndebug.err undef_symbol.err flagstest_compress_debug_sections_none.stdout flagstest_compress_debug_sections.stdout flagstest_compress_debug_sections.cmp flagstest_compress_debug_sections.check flagstest_compress_debug_sections_gnu.stdout flagstest_compress_debug_sections_gnu.cmp flagstest_compress_debug_sections_gnu.check flagstest_compress_debug_sections_gabi.stdout flagstest_compress_debug_sections_gabi.cmp flagstest_compress_debug_sections_gabi.check pr18689.stdout flagstest_o_ttext_2 ver_test_1.syms ver_test_2.syms ver_test_4.syms ver_test_5.syms ver_test_7.syms ver_test_8_2.so.syms ver_test_10.syms ver_test_13.syms protected_3.err relro_test.stdout ver_matching_test.stdout script_test_3.stdout script_test_4.stdout script_test_5.stdout script_test_6.stdout script_test_7.stdout script_test_8.stdout script_test_9.stdout script_test_13.stdout script_test_14.stdout script_test_15a.stdout script_test_15b.stdout script_test_15c.stdout dynamic_list.stdout plugin_test_1.err plugin_test_2.err plugin_test_3.err plugin_test_4.err plugin_test_6.err plugin_test_7.err plugin_test_7.o.syms plugin_test_9.err plugin_test_9b.err plugin_test_10.sections plugin_test_11.err plugin_test_12.err plugin_test_start_lib.err plugin_test_tls.err plugin_final_layout.stdout plugin_final_layout_readelf.stdout plugin_layout_new_file.stdout plugin_layout_new_file_readelf.stdout plugin_layout_with_alignment.stdout exclude_libs_test.syms discard_locals_test.syms discard_locals_relocatable_test1.syms discard_locals_relocatable_test2.syms hidden_test.err retain_symbols_file_test.stdout no_version_test.stdout ifuncmod1.so.stderr strong_ref_weak_def.stdout dyn_weak_ref.stdout memory_test.stdout memory_test_2 gdb_index_test_1.stdout gdb_index_test_2.stdout gdb_index_test_2_gabi.stdout gdb_index_test_3.stdout gdb_index_test_4.stdout ehdr_start_test_4.syms defsym_test.syms script_test_10.stdout       
make[5]: Entering directory '/usr/ports/core-ppc/binutils/work/src/build/gold/testsuite'
make[5]: 'libgoldtest.a' is up to date.
make[5]: 'object_unittest' is up to date.
make[5]: 'binary_unittest' is up to date.
make[5]: 'leb128_unittest' is up to date.
make[5]: 'overflow_unittest' is up to date.
make[5]: 'icf_virtual_function_folding_test' is up to date.
make[5]: 'large_symbol_alignment' is up to date.
make[5]: 'basic_test' is up to date.
make[5]: 'basic_pic_test' is up to date.
make[5]: 'eh_test' is up to date.
make[5]: 'basic_static_test' is up to date.
make[5]: 'basic_static_pic_test' is up to date.
make[5]: 'basic_pie_test' is up to date.
make[5]: 'constructor_test' is up to date.
make[5]: 'constructor_static_test' is up to date.
make[5]: 'two_file_test' is up to date.
make[5]: 'two_file_pic_test' is up to date.
make[5]: 'two_file_static_test' is up to date.
make[5]: 'two_file_shared_1_test' is up to date.
make[5]: 'two_file_shared_2_test' is up to date.
make[5]: 'two_file_shared_1_pic_2_test' is up to date.
make[5]: 'two_file_shared_2_pic_1_test' is up to date.
make[5]: 'two_file_same_shared_test' is up to date.
make[5]: 'two_file_separate_shared_12_test' is up to date.
make[5]: 'two_file_separate_shared_21_test' is up to date.
make[5]: 'two_file_relocatable_test' is up to date.
make[5]: 'two_file_pie_test' is up to date.
make[5]: 'pie_copyrelocs_test' is up to date.
make[5]: 'weak_unresolved_symbols_test' is up to date.
make[5]: 'two_file_strip_test' is up to date.
make[5]: 'two_file_same_shared_strip_test' is up to date.
make[5]: 'common_test_1' is up to date.
make[5]: 'common_test_2' is up to date.
make[5]: 'exception_test' is up to date.
make[5]: 'exception_shared_1_test' is up to date.
make[5]: 'exception_shared_2_test' is up to date.
make[5]: 'exception_same_shared_test' is up to date.
make[5]: 'exception_separate_shared_12_test' is up to date.
make[5]: 'exception_separate_shared_21_test' is up to date.
make[5]: 'exception_static_test' is up to date.
make[5]: 'weak_test' is up to date.
make[5]: 'weak_undef_test' is up to date.
make[5]: 'weak_undef_test_2' is up to date.
make[5]: 'weak_alias_test' is up to date.
make[5]: 'weak_plt' is up to date.
make[5]: 'copy_test' is up to date.
make[5]: 'copy_test_relro' is up to date.
make[5]: 'tls_test' is up to date.
make[5]: 'tls_pic_test' is up to date.
make[5]: 'tls_pie_test' is up to date.
make[5]: 'tls_pie_pic_test' is up to date.
make[5]: 'tls_shared_test' is up to date.
make[5]: 'tls_shared_ie_test' is up to date.
make[5]: 'tls_shared_gd_to_ie_test' is up to date.
make[5]: 'tls_static_test' is up to date.
make[5]: 'tls_static_pic_test' is up to date.
make[5]: 'many_sections_test' is up to date.
make[5]: 'many_sections_r_test' is up to date.
make[5]: 'initpri1' is up to date.
make[5]: 'initpri2' is up to date.
make[5]: 'initpri3a' is up to date.
make[5]: 'flagstest_o_specialfile' is up to date.
make[5]: 'flagstest_compress_debug_sections_none' is up to date.
make[5]: 'flagstest_compress_debug_sections' is up to date.
make[5]: 'flagstest_compress_debug_sections_and_build_id_tree' is up to date.
make[5]: 'flagstest_compress_debug_sections_gnu' is up to date.
make[5]: 'flagstest_compress_debug_sections_gabi' is up to date.
make[5]: 'flagstest_o_specialfile_and_compress_debug_sections' is up to date.
make[5]: 'flagstest_o_ttext_1' is up to date.
make[5]: 'ver_test' is up to date.
make[5]: 'ver_test_2' is up to date.
make[5]: 'ver_test_6' is up to date.
make[5]: 'ver_test_8' is up to date.
make[5]: 'ver_test_9' is up to date.
make[5]: 'ver_test_11' is up to date.
make[5]: 'ver_test_12' is up to date.
make[5]: 'protected_1' is up to date.
make[5]: 'protected_2' is up to date.
make[5]: 'relro_test' is up to date.
make[5]: 'relro_now_test' is up to date.
make[5]: 'relro_strip_test' is up to date.
make[5]: 'relro_script_test' is up to date.
make[5]: 'script_test_1' is up to date.
make[5]: 'script_test_2' is up to date.
make[5]: 'justsyms' is up to date.
make[5]: 'justsyms_exec' is up to date.
make[5]: 'binary_test' is up to date.
make[5]: 'script_test_3' is up to date.
make[5]: 'tls_phdrs_script_test' is up to date.
make[5]: 'tls_script_test' is up to date.
make[5]: 'script_test_11' is up to date.
make[5]: 'script_test_12' is up to date.
make[5]: 'script_test_12i' is up to date.
make[5]: 'dynamic_list_2' is up to date.
make[5]: 'thin_archive_test_1' is up to date.
make[5]: 'thin_archive_test_2' is up to date.
make[5]: 'plugin_test_1' is up to date.
make[5]: 'plugin_test_2' is up to date.
make[5]: 'plugin_test_3' is up to date.
make[5]: 'plugin_test_4' is up to date.
make[5]: 'plugin_test_5' is up to date.
make[5]: 'plugin_test_6' is up to date.
make[5]: 'plugin_test_7' is up to date.
make[5]: 'plugin_test_8' is up to date.
make[5]: 'plugin_test_10' is up to date.
make[5]: 'plugin_test_11' is up to date.
make[5]: 'plugin_test_12' is up to date.
make[5]: 'plugin_test_start_lib' is up to date.
make[5]: 'plugin_test_tls' is up to date.
make[5]: 'exclude_libs_test' is up to date.
make[5]: 'local_labels_test' is up to date.
make[5]: 'discard_locals_test' is up to date.
make[5]: 'permission_test' is up to date.
make[5]: 'searched_file_test' is up to date.
make[5]: 'ifuncmain1static' is up to date.
make[5]: 'ifuncmain1picstatic' is up to date.
make[5]: 'ifuncmain1' is up to date.
make[5]: 'ifuncmain1pic' is up to date.
make[5]: 'ifuncmain1vis' is up to date.
make[5]: 'ifuncmain1vispic' is up to date.
make[5]: 'ifuncmain1staticpic' is up to date.
make[5]: 'ifuncmain1pie' is up to date.
make[5]: 'ifuncmain1vispie' is up to date.
make[5]: 'ifuncmain1staticpie' is up to date.
make[5]: 'ifuncmain2static' is up to date.
make[5]: 'ifuncmain2picstatic' is up to date.
make[5]: 'ifuncmain2' is up to date.
make[5]: 'ifuncmain2pic' is up to date.
make[5]: 'ifuncmain3' is up to date.
make[5]: 'ifuncmain4static' is up to date.
make[5]: 'ifuncmain4picstatic' is up to date.
make[5]: 'ifuncmain4' is up to date.
make[5]: 'ifuncmain5static' is up to date.
make[5]: 'ifuncmain5picstatic' is up to date.
make[5]: 'ifuncmain5' is up to date.
make[5]: 'ifuncmain5pic' is up to date.
make[5]: 'ifuncmain5staticpic' is up to date.
make[5]: 'ifuncmain5pie' is up to date.
make[5]: 'ifuncmain6pie' is up to date.
make[5]: 'ifuncmain7static' is up to date.
make[5]: 'ifuncmain7picstatic' is up to date.
make[5]: 'ifuncmain7' is up to date.
make[5]: 'ifuncmain7pic' is up to date.
make[5]: 'ifuncmain7pie' is up to date.
make[5]: 'ifuncvar' is up to date.
make[5]: 'start_lib_test' is up to date.
make[5]: 'ehdr_start_test_1' is up to date.
make[5]: 'ehdr_start_test_2' is up to date.
make[5]: 'ehdr_start_test_3' is up to date.
make[5]: 'ehdr_start_test_5' is up to date.
make[5]: 'pr20976' is up to date.
make[5]: 'pr22266' is up to date.
make[5]: Nothing to be done for '../../../binutils-2.30/gold/testsuite/empty_command_line_test.sh'.
make[5]: Nothing to be done for '../../../binutils-2.30/gold/testsuite/incremental_test.sh'.
make[5]: Nothing to be done for '../../../binutils-2.30/gold/testsuite/gc_comdat_test.sh'.
make[5]: Nothing to be done for '../../../binutils-2.30/gold/testsuite/gc_tls_test.sh'.
make[5]: Nothing to be done for '../../../binutils-2.30/gold/testsuite/gc_orphan_section_test.sh'.
make[5]: Nothing to be done for '../../../binutils-2.30/gold/testsuite/pr14265.sh'.
make[5]: Nothing to be done for '../../../binutils-2.30/gold/testsuite/pr20717.sh'.
make[5]: Nothing to be done for '../../../binutils-2.30/gold/testsuite/gc_dynamic_list_test.sh'.
make[5]: Nothing to be done for '../../../binutils-2.30/gold/testsuite/icf_test.sh'.
make[5]: Nothing to be done for '../../../binutils-2.30/gold/testsuite/icf_keep_unique_test.sh'.
make[5]: Nothing to be done for '../../../binutils-2.30/gold/testsuite/icf_safe_test.sh'.
make[5]: Nothing to be done for '../../../binutils-2.30/gold/testsuite/icf_safe_pie_test.sh'.
make[5]: Nothing to be done for '../../../binutils-2.30/gold/testsuite/icf_safe_so_test.sh'.
make[5]: Nothing to be done for '../../../binutils-2.30/gold/testsuite/final_layout.sh'.
make[5]: Nothing to be done for '../../../binutils-2.30/gold/testsuite/text_section_grouping.sh'.
make[5]: Nothing to be done for '../../../binutils-2.30/gold/testsuite/section_sorting_name.sh'.
make[5]: Nothing to be done for '../../../binutils-2.30/gold/testsuite/text_unlikely_segment.sh'.
make[5]: Nothing to be done for '../../../binutils-2.30/gold/testsuite/icf_preemptible_functions_test.sh'.
make[5]: Nothing to be done for '../../../binutils-2.30/gold/testsuite/icf_string_merge_test.sh'.
make[5]: Nothing to be done for '../../../binutils-2.30/gold/testsuite/icf_sht_rel_addend_test.sh'.
make[5]: Nothing to be done for '../../../binutils-2.30/gold/testsuite/merge_string_literals.sh'.
make[5]: Nothing to be done for '../../../binutils-2.30/gold/testsuite/eh_test_2.sh'.
make[5]: Nothing to be done for '../../../binutils-2.30/gold/testsuite/two_file_shared.sh'.
make[5]: Nothing to be done for '../../../binutils-2.30/gold/testsuite/weak_plt.sh'.
make[5]: Nothing to be done for '../../../binutils-2.30/gold/testsuite/tls_pie_test.sh'.
make[5]: Nothing to be done for '../../../binutils-2.30/gold/testsuite/file_in_many_sections_test.sh'.
make[5]: Nothing to be done for '../../../binutils-2.30/gold/testsuite/debug_msg.sh'.
make[5]: Nothing to be done for '../../../binutils-2.30/gold/testsuite/missing_key_func.sh'.
make[5]: Nothing to be done for '../../../binutils-2.30/gold/testsuite/undef_symbol.sh'.
make[5]: Nothing to be done for '../../../binutils-2.30/gold/testsuite/pr18689.sh'.
make[5]: Nothing to be done for '../../../binutils-2.30/gold/testsuite/ver_test_1.sh'.
make[5]: Nothing to be done for '../../../binutils-2.30/gold/testsuite/ver_test_2.sh'.
make[5]: Nothing to be done for '../../../binutils-2.30/gold/testsuite/ver_test_4.sh'.
make[5]: Nothing to be done for '../../../binutils-2.30/gold/testsuite/ver_test_5.sh'.
make[5]: Nothing to be done for '../../../binutils-2.30/gold/testsuite/ver_test_7.sh'.
make[5]: Nothing to be done for '../../../binutils-2.30/gold/testsuite/ver_test_8.sh'.
make[5]: Nothing to be done for '../../../binutils-2.30/gold/testsuite/ver_test_10.sh'.
make[5]: Nothing to be done for '../../../binutils-2.30/gold/testsuite/ver_test_13.sh'.
make[5]: Nothing to be done for '../../../binutils-2.30/gold/testsuite/relro_test.sh'.
make[5]: Nothing to be done for '../../../binutils-2.30/gold/testsuite/ver_matching_test.sh'.
make[5]: Nothing to be done for '../../../binutils-2.30/gold/testsuite/script_test_3.sh'.
make[5]: Nothing to be done for '../../../binutils-2.30/gold/testsuite/script_test_4.sh'.
make[5]: Nothing to be done for '../../../binutils-2.30/gold/testsuite/script_test_5.sh'.
make[5]: Nothing to be done for '../../../binutils-2.30/gold/testsuite/script_test_6.sh'.
make[5]: Nothing to be done for '../../../binutils-2.30/gold/testsuite/script_test_7.sh'.
make[5]: Nothing to be done for '../../../binutils-2.30/gold/testsuite/script_test_8.sh'.
make[5]: Nothing to be done for '../../../binutils-2.30/gold/testsuite/script_test_9.sh'.
make[5]: Nothing to be done for '../../../binutils-2.30/gold/testsuite/script_test_13.sh'.
make[5]: Nothing to be done for '../../../binutils-2.30/gold/testsuite/script_test_14.sh'.
make[5]: Nothing to be done for '../../../binutils-2.30/gold/testsuite/script_test_15a.sh'.
make[5]: Nothing to be done for '../../../binutils-2.30/gold/testsuite/script_test_15b.sh'.
make[5]: Nothing to be done for '../../../binutils-2.30/gold/testsuite/script_test_15c.sh'.
make[5]: Nothing to be done for '../../../binutils-2.30/gold/testsuite/dynamic_list.sh'.
make[5]: Nothing to be done for '../../../binutils-2.30/gold/testsuite/plugin_test_1.sh'.
make[5]: Nothing to be done for '../../../binutils-2.30/gold/testsuite/plugin_test_2.sh'.
make[5]: Nothing to be done for '../../../binutils-2.30/gold/testsuite/plugin_test_3.sh'.
make[5]: Nothing to be done for '../../../binutils-2.30/gold/testsuite/plugin_test_4.sh'.
make[5]: Nothing to be done for '../../../binutils-2.30/gold/testsuite/plugin_test_6.sh'.
make[5]: Nothing to be done for '../../../binutils-2.30/gold/testsuite/plugin_test_7.sh'.
make[5]: Nothing to be done for '../../../binutils-2.30/gold/testsuite/plugin_test_10.sh'.
make[5]: Nothing to be done for '../../../binutils-2.30/gold/testsuite/plugin_test_11.sh'.
make[5]: Nothing to be done for '../../../binutils-2.30/gold/testsuite/plugin_test_12.sh'.
make[5]: Nothing to be done for '../../../binutils-2.30/gold/testsuite/plugin_test_start_lib.sh'.
make[5]: Nothing to be done for '../../../binutils-2.30/gold/testsuite/plugin_test_tls.sh'.
make[5]: Nothing to be done for '../../../binutils-2.30/gold/testsuite/plugin_final_layout.sh'.
make[5]: Nothing to be done for '../../../binutils-2.30/gold/testsuite/plugin_layout_with_alignment.sh'.
make[5]: Nothing to be done for '../../../binutils-2.30/gold/testsuite/exclude_libs_test.sh'.
make[5]: Nothing to be done for '../../../binutils-2.30/gold/testsuite/discard_locals_test.sh'.
make[5]: Nothing to be done for '../../../binutils-2.30/gold/testsuite/hidden_test.sh'.
make[5]: Nothing to be done for '../../../binutils-2.30/gold/testsuite/retain_symbols_file_test.sh'.
make[5]: Nothing to be done for '../../../binutils-2.30/gold/testsuite/no_version_test.sh'.
make[5]: Nothing to be done for '../../../binutils-2.30/gold/testsuite/ifuncmod1.sh'.
make[5]: Nothing to be done for '../../../binutils-2.30/gold/testsuite/strong_ref_weak_def.sh'.
make[5]: Nothing to be done for '../../../binutils-2.30/gold/testsuite/dyn_weak_ref.sh'.
make[5]: Nothing to be done for '../../../binutils-2.30/gold/testsuite/memory_test.sh'.
make[5]: Nothing to be done for '../../../binutils-2.30/gold/testsuite/gdb_index_test_1.sh'.
make[5]: Nothing to be done for '../../../binutils-2.30/gold/testsuite/gdb_index_test_2.sh'.
make[5]: Nothing to be done for '../../../binutils-2.30/gold/testsuite/gdb_index_test_2_gabi.sh'.
make[5]: Nothing to be done for '../../../binutils-2.30/gold/testsuite/gdb_index_test_3.sh'.
make[5]: Nothing to be done for '../../../binutils-2.30/gold/testsuite/gdb_index_test_4.sh'.
make[5]: Nothing to be done for '../../../binutils-2.30/gold/testsuite/ehdr_start_test_4.sh'.
make[5]: Nothing to be done for '../../../binutils-2.30/gold/testsuite/defsym_test.sh'.
make[5]: Nothing to be done for '../../../binutils-2.30/gold/testsuite/script_test_10.sh'.
make[5]: 'incremental_test.stdout' is up to date.
make[5]: 'gc_comdat_test.stdout' is up to date.
make[5]: 'gc_tls_test.stdout' is up to date.
make[5]: 'gc_orphan_section_test.stdout' is up to date.
make[5]: 'pr14265.stdout' is up to date.
make[5]: 'pr20717.stdout' is up to date.
make[5]: 'gc_dynamic_list_test.stdout' is up to date.
make[5]: 'icf_test.map' is up to date.
make[5]: 'icf_keep_unique_test.stdout' is up to date.
make[5]: 'icf_safe_test_1.stdout' is up to date.
make[5]: 'icf_safe_test_2.stdout' is up to date.
make[5]: 'icf_safe_test.map' is up to date.
make[5]: 'icf_safe_pie_test_1.stdout' is up to date.
make[5]: 'icf_safe_pie_test_2.stdout' is up to date.
make[5]: 'icf_safe_pie_test.map' is up to date.
make[5]: 'icf_safe_so_test_1.stdout' is up to date.
make[5]: 'icf_safe_so_test_2.stdout' is up to date.
make[5]: 'icf_safe_so_test.map' is up to date.
make[5]: 'final_layout.stdout' is up to date.
make[5]: 'text_section_grouping.stdout' is up to date.
make[5]: 'text_section_no_grouping.stdout' is up to date.
make[5]: 'section_sorting_name.stdout' is up to date.
make[5]: 'text_unlikely_segment_readelf.stdout' is up to date.
make[5]: 'icf_preemptible_functions_test.stdout' is up to date.
make[5]: 'icf_string_merge_test.stdout' is up to date.
make[5]: 'icf_sht_rel_addend_test.stdout' is up to date.
make[5]: 'merge_string_literals.stdout' is up to date.
make[5]: 'eh_test_2.sects' is up to date.
make[5]: 'two_file_shared.dbg' is up to date.
make[5]: 'weak_plt_shared.so' is up to date.
make[5]: 'tls_pie_test.stdout' is up to date.
make[5]: 'file_in_many_sections.stdout' is up to date.
make[5]: 'debug_msg.err' is up to date.
make[5]: 'missing_key_func.err' is up to date.
make[5]: 'debug_msg_cdebug.err' is up to date.
make[5]: 'debug_msg_cdebug_gabi.err' is up to date.
make[5]: 'debug_msg_so.err' is up to date.
make[5]: 'debug_msg_ndebug.err' is up to date.
make[5]: 'undef_symbol.err' is up to date.
make[5]: 'flagstest_compress_debug_sections_none.stdout' is up to date.
make[5]: 'flagstest_compress_debug_sections.stdout' is up to date.
make[5]: 'flagstest_compress_debug_sections.cmp' is up to date.
make[5]: 'flagstest_compress_debug_sections.check' is up to date.
make[5]: 'flagstest_compress_debug_sections_gnu.stdout' is up to date.
make[5]: 'flagstest_compress_debug_sections_gnu.cmp' is up to date.
make[5]: 'flagstest_compress_debug_sections_gnu.check' is up to date.
make[5]: 'flagstest_compress_debug_sections_gabi.stdout' is up to date.
make[5]: 'flagstest_compress_debug_sections_gabi.cmp' is up to date.
make[5]: 'flagstest_compress_debug_sections_gabi.check' is up to date.
make[5]: 'pr18689.stdout' is up to date.
make[5]: 'flagstest_o_ttext_2' is up to date.
make[5]: 'ver_test_1.syms' is up to date.
make[5]: 'ver_test_2.syms' is up to date.
make[5]: 'ver_test_4.syms' is up to date.
make[5]: 'ver_test_5.syms' is up to date.
make[5]: 'ver_test_7.syms' is up to date.
make[5]: 'ver_test_8_2.so.syms' is up to date.
make[5]: 'ver_test_10.syms' is up to date.
make[5]: 'ver_test_13.syms' is up to date.
make[5]: 'protected_3.err' is up to date.
make[5]: 'relro_test.stdout' is up to date.
make[5]: 'ver_matching_test.stdout' is up to date.
make[5]: 'script_test_3.stdout' is up to date.
make[5]: 'script_test_4.stdout' is up to date.
make[5]: 'script_test_5.stdout' is up to date.
make[5]: 'script_test_6.stdout' is up to date.
make[5]: 'script_test_7.stdout' is up to date.
make[5]: 'script_test_8.stdout' is up to date.
make[5]: 'script_test_9.stdout' is up to date.
make[5]: 'script_test_13.stdout' is up to date.
make[5]: 'script_test_14.stdout' is up to date.
make[5]: 'script_test_15a.stdout' is up to date.
make[5]: 'script_test_15b.stdout' is up to date.
make[5]: 'script_test_15c.stdout' is up to date.
make[5]: 'dynamic_list.stdout' is up to date.
make[5]: 'plugin_test_1.err' is up to date.
make[5]: 'plugin_test_2.err' is up to date.
make[5]: 'plugin_test_3.err' is up to date.
make[5]: 'plugin_test_4.err' is up to date.
make[5]: 'plugin_test_6.err' is up to date.
make[5]: Nothing to be done for 'plugin_test_7.err'.
make[5]: 'plugin_test_7.o.syms' is up to date.
make[5]: 'plugin_test_9.err' is up to date.
make[5]: 'plugin_test_9b.err' is up to date.
make[5]: 'plugin_test_10.sections' is up to date.
make[5]: 'plugin_test_11.err' is up to date.
make[5]: 'plugin_test_12.err' is up to date.
make[5]: 'plugin_test_start_lib.err' is up to date.
make[5]: 'plugin_test_tls.err' is up to date.
make[5]: 'plugin_final_layout.stdout' is up to date.
make[5]: 'plugin_final_layout_readelf.stdout' is up to date.
make[5]: 'plugin_layout_new_file.stdout' is up to date.
make[5]: 'plugin_layout_new_file_readelf.stdout' is up to date.
make[5]: 'plugin_layout_with_alignment.stdout' is up to date.
make[5]: 'exclude_libs_test.syms' is up to date.
make[5]: 'discard_locals_test.syms' is up to date.
make[5]: 'discard_locals_relocatable_test1.syms' is up to date.
make[5]: 'discard_locals_relocatable_test2.syms' is up to date.
make[5]: 'hidden_test.err' is up to date.
make[5]: 'retain_symbols_file_test.stdout' is up to date.
make[5]: 'no_version_test.stdout' is up to date.
make[5]: 'ifuncmod1.so.stderr' is up to date.
make[5]: 'strong_ref_weak_def.stdout' is up to date.
make[5]: 'dyn_weak_ref.stdout' is up to date.
make[5]: 'memory_test.stdout' is up to date.
make[5]: 'memory_test_2' is up to date.
make[5]: 'gdb_index_test_1.stdout' is up to date.
make[5]: 'gdb_index_test_2.stdout' is up to date.
make[5]: 'gdb_index_test_2_gabi.stdout' is up to date.
make[5]: 'gdb_index_test_3.stdout' is up to date.
make[5]: 'gdb_index_test_4.stdout' is up to date.
make[5]: 'ehdr_start_test_4.syms' is up to date.
make[5]: 'defsym_test.syms' is up to date.
make[5]: 'script_test_10.stdout' is up to date.
make[5]: Leaving directory '/usr/ports/core-ppc/binutils/work/src/build/gold/testsuite'
make  check-TESTS
make[5]: Entering directory '/usr/ports/core-ppc/binutils/work/src/build/gold/testsuite'
make[6]: Entering directory '/usr/ports/core-ppc/binutils/work/src/build/gold/testsuite'
PASS: empty_command_line_test.sh
PASS: incremental_test.sh
PASS: gc_comdat_test.sh
PASS: gc_tls_test.sh
PASS: gc_orphan_section_test.sh
PASS: pr14265.sh
PASS: pr20717.sh
PASS: gc_dynamic_list_test.sh
PASS: icf_test.sh
PASS: icf_keep_unique_test.sh
PASS: icf_safe_test.sh
PASS: icf_safe_pie_test.sh
FAIL: icf_safe_so_test.sh
PASS: final_layout.sh
PASS: text_section_grouping.sh
PASS: section_sorting_name.sh
PASS: text_unlikely_segment.sh
PASS: icf_preemptible_functions_test.sh
PASS: icf_string_merge_test.sh
PASS: icf_sht_rel_addend_test.sh
PASS: merge_string_literals.sh
PASS: eh_test_2.sh
PASS: two_file_shared.sh
PASS: weak_plt.sh
PASS: tls_pie_test.sh
PASS: file_in_many_sections_test.sh
PASS: debug_msg.sh
PASS: missing_key_func.sh
PASS: undef_symbol.sh
PASS: pr18689.sh
PASS: ver_test_1.sh
PASS: ver_test_2.sh
PASS: ver_test_4.sh
PASS: ver_test_5.sh
PASS: ver_test_7.sh
PASS: ver_test_8.sh
PASS: ver_test_10.sh
PASS: ver_test_13.sh
PASS: relro_test.sh
PASS: ver_matching_test.sh
PASS: script_test_3.sh
PASS: script_test_4.sh
PASS: script_test_5.sh
PASS: script_test_6.sh
PASS: script_test_7.sh
PASS: script_test_8.sh
PASS: script_test_9.sh
PASS: script_test_13.sh
PASS: script_test_14.sh
PASS: script_test_15a.sh
PASS: script_test_15b.sh
PASS: script_test_15c.sh
PASS: dynamic_list.sh
PASS: plugin_test_1.sh
PASS: plugin_test_2.sh
PASS: plugin_test_3.sh
PASS: plugin_test_4.sh
PASS: plugin_test_6.sh
PASS: plugin_test_7.sh
PASS: plugin_test_10.sh
PASS: plugin_test_11.sh
PASS: plugin_test_12.sh
PASS: plugin_test_start_lib.sh
PASS: plugin_test_tls.sh
PASS: plugin_final_layout.sh
PASS: plugin_layout_with_alignment.sh
PASS: exclude_libs_test.sh
PASS: discard_locals_test.sh
PASS: hidden_test.sh
PASS: retain_symbols_file_test.sh
PASS: no_version_test.sh
PASS: ifuncmod1.sh
PASS: strong_ref_weak_def.sh
PASS: dyn_weak_ref.sh
PASS: memory_test.sh
PASS: gdb_index_test_1.sh
PASS: gdb_index_test_2.sh
PASS: gdb_index_test_2_gabi.sh
PASS: gdb_index_test_3.sh
PASS: gdb_index_test_4.sh
PASS: ehdr_start_test_4.sh
PASS: defsym_test.sh
PASS: script_test_10.sh
PASS: object_unittest
PASS: binary_unittest
PASS: leb128_unittest
PASS: overflow_unittest
PASS: icf_virtual_function_folding_test
FAIL: large_symbol_alignment
PASS: basic_test
PASS: basic_pic_test
PASS: eh_test
PASS: basic_static_test
PASS: basic_static_pic_test
PASS: basic_pie_test
PASS: constructor_test
PASS: constructor_static_test
PASS: two_file_test
PASS: two_file_pic_test
PASS: two_file_static_test
PASS: two_file_shared_1_test
PASS: two_file_shared_2_test
PASS: two_file_shared_1_pic_2_test
PASS: two_file_shared_2_pic_1_test
PASS: two_file_same_shared_test
PASS: two_file_separate_shared_12_test
PASS: two_file_separate_shared_21_test
PASS: two_file_relocatable_test
PASS: two_file_pie_test
PASS: pie_copyrelocs_test
PASS: weak_unresolved_symbols_test
PASS: two_file_strip_test
PASS: two_file_same_shared_strip_test
PASS: common_test_1
PASS: common_test_2
PASS: exception_test
PASS: exception_shared_1_test
PASS: exception_shared_2_test
PASS: exception_same_shared_test
PASS: exception_separate_shared_12_test
PASS: exception_separate_shared_21_test
PASS: exception_static_test
PASS: weak_test
PASS: weak_undef_test
PASS: weak_undef_test_2
PASS: weak_alias_test
PASS: weak_plt
PASS: copy_test
/bin/sh: line 1:  1662 Aborted                 "$tst" > copy_test_relro.log-t 2>&1
FAIL: copy_test_relro
PASS: tls_test
PASS: tls_pic_test
PASS: tls_pie_test
PASS: tls_pie_pic_test
PASS: tls_shared_test
PASS: tls_shared_ie_test
PASS: tls_shared_gd_to_ie_test
PASS: tls_static_test
PASS: tls_static_pic_test
PASS: many_sections_test
PASS: many_sections_r_test
PASS: initpri1
PASS: initpri2
/bin/sh: line 1:  1862 Aborted                 "$tst" > initpri3a.log-t 2>&1
FAIL: initpri3a
PASS: flagstest_o_specialfile
PASS: flagstest_compress_debug_sections_none
PASS: flagstest_compress_debug_sections
PASS: flagstest_compress_debug_sections_and_build_id_tree
PASS: flagstest_compress_debug_sections_gnu
PASS: flagstest_compress_debug_sections_gabi
PASS: flagstest_o_specialfile_and_compress_debug_sections
PASS: flagstest_o_ttext_1
PASS: ver_test
PASS: ver_test_2
PASS: ver_test_6
PASS: ver_test_8
PASS: ver_test_9
PASS: ver_test_11
PASS: ver_test_12
PASS: protected_1
PASS: protected_2
PASS: relro_test
PASS: relro_now_test
PASS: relro_strip_test
PASS: relro_script_test
/bin/sh: line 1:  2148 Aborted                 "$tst" > script_test_1.log-t 2>&1
FAIL: script_test_1
/bin/sh: line 1:  2161 Segmentation fault      "$tst" > script_test_2.log-t 2>&1
FAIL: script_test_2
PASS: justsyms
PASS: justsyms_exec
PASS: binary_test
/bin/sh: line 1:  2213 Segmentation fault      "$tst" > script_test_3.log-t 2>&1
FAIL: script_test_3
/bin/sh: line 1:  2226 Segmentation fault      "$tst" > tls_phdrs_script_test.log-t 2>&1
FAIL: tls_phdrs_script_test
PASS: tls_script_test
PASS: script_test_11
/bin/sh: line 1:  2267 Segmentation fault      "$tst" > script_test_12.log-t 2>&1
FAIL: script_test_12
/bin/sh: line 1:  2280 Segmentation fault      "$tst" > script_test_12i.log-t 2>&1
FAIL: script_test_12i
PASS: dynamic_list_2
PASS: thin_archive_test_1
PASS: thin_archive_test_2
PASS: plugin_test_1
PASS: plugin_test_2
PASS: plugin_test_3
PASS: plugin_test_4
PASS: plugin_test_5
PASS: plugin_test_6
PASS: plugin_test_7
PASS: plugin_test_8
PASS: plugin_test_10
PASS: plugin_test_11
PASS: plugin_test_12
PASS: plugin_test_start_lib
PASS: plugin_test_tls
PASS: exclude_libs_test
PASS: local_labels_test
PASS: discard_locals_test
PASS: permission_test
PASS: searched_file_test
/bin/sh: line 1:  2566 Segmentation fault      "$tst" > ifuncmain1static.log-t 2>&1
FAIL: ifuncmain1static
/bin/sh: line 1:  2579 Segmentation fault      "$tst" > ifuncmain1picstatic.log-t 2>&1
FAIL: ifuncmain1picstatic
/bin/sh: line 1:  2592 Illegal instruction     "$tst" > ifuncmain1.log-t 2>&1
FAIL: ifuncmain1
/bin/sh: line 1:  2605 Illegal instruction     "$tst" > ifuncmain1pic.log-t 2>&1
FAIL: ifuncmain1pic
/bin/sh: line 1:  2618 Illegal instruction     "$tst" > ifuncmain1vis.log-t 2>&1
FAIL: ifuncmain1vis
/bin/sh: line 1:  2631 Illegal instruction     "$tst" > ifuncmain1vispic.log-t 2>&1
FAIL: ifuncmain1vispic
/bin/sh: line 1:  2644 Segmentation fault      "$tst" > ifuncmain1staticpic.log-t 2>&1
FAIL: ifuncmain1staticpic
/bin/sh: line 1:  2657 Illegal instruction     "$tst" > ifuncmain1pie.log-t 2>&1
FAIL: ifuncmain1pie
/bin/sh: line 1:  2670 Illegal instruction     "$tst" > ifuncmain1vispie.log-t 2>&1
FAIL: ifuncmain1vispie
/bin/sh: line 1:  2683 Segmentation fault      "$tst" > ifuncmain1staticpie.log-t 2>&1
FAIL: ifuncmain1staticpie
/bin/sh: line 1:  2696 Segmentation fault      "$tst" > ifuncmain2static.log-t 2>&1
FAIL: ifuncmain2static
/bin/sh: line 1:  2709 Segmentation fault      "$tst" > ifuncmain2picstatic.log-t 2>&1
FAIL: ifuncmain2picstatic
/bin/sh: line 1:  2722 Segmentation fault      "$tst" > ifuncmain2.log-t 2>&1
FAIL: ifuncmain2
/bin/sh: line 1:  2735 Segmentation fault      "$tst" > ifuncmain2pic.log-t 2>&1
FAIL: ifuncmain2pic
/bin/sh: line 1:  2748 Illegal instruction     "$tst" > ifuncmain3.log-t 2>&1
FAIL: ifuncmain3
/bin/sh: line 1:  2761 Segmentation fault      "$tst" > ifuncmain4static.log-t 2>&1
FAIL: ifuncmain4static
/bin/sh: line 1:  2774 Segmentation fault      "$tst" > ifuncmain4picstatic.log-t 2>&1
FAIL: ifuncmain4picstatic
/bin/sh: line 1:  2787 Segmentation fault      "$tst" > ifuncmain4.log-t 2>&1
FAIL: ifuncmain4
/bin/sh: line 1:  2800 Segmentation fault      "$tst" > ifuncmain5static.log-t 2>&1
FAIL: ifuncmain5static
/bin/sh: line 1:  2813 Segmentation fault      "$tst" > ifuncmain5picstatic.log-t 2>&1
FAIL: ifuncmain5picstatic
PASS: ifuncmain5
PASS: ifuncmain5pic
/bin/sh: line 1:  2852 Segmentation fault      "$tst" > ifuncmain5staticpic.log-t 2>&1
FAIL: ifuncmain5staticpic
PASS: ifuncmain5pie
PASS: ifuncmain6pie
PASS: ifuncmain7static
PASS: ifuncmain7picstatic
PASS: ifuncmain7
PASS: ifuncmain7pic
PASS: ifuncmain7pie
PASS: ifuncvar
PASS: start_lib_test
PASS: ehdr_start_test_1
PASS: ehdr_start_test_2
/bin/sh: line 1:  3008 Segmentation fault      "$tst" > ehdr_start_test_3.log-t 2>&1
FAIL: ehdr_start_test_3
PASS: ehdr_start_test_5
PASS: pr20976
PASS: pr22266
============================
32 of 234 tests failed
See testsuite/test-suite.log
============================
make[6]: *** [Makefile:5033: test-suite.log] Error 1
make[6]: Leaving directory '/usr/ports/core-ppc/binutils/work/src/build/gold/testsuite'
make[5]: *** [Makefile:5113: check-TESTS] Error 2
make[5]: Leaving directory '/usr/ports/core-ppc/binutils/work/src/build/gold/testsuite'
make[4]: *** [Makefile:5778: check-am] Error 2
make[4]: Leaving directory '/usr/ports/core-ppc/binutils/work/src/build/gold/testsuite'
make[3]: *** [Makefile:5781: check] Error 2
make[3]: Leaving directory '/usr/ports/core-ppc/binutils/work/src/build/gold/testsuite'
make[3]: Entering directory '/usr/ports/core-ppc/binutils/work/src/build/gold'
make  ld1 ld2 ld1-r ld2-r ld4 
make[4]: Entering directory '/usr/ports/core-ppc/binutils/work/src/build/gold'
make[4]: 'ld2' is up to date.
make[4]: 'ld1-r' is up to date.
make[4]: 'ld2-r' is up to date.
make[4]: 'ld4' is up to date.
make[4]: Leaving directory '/usr/ports/core-ppc/binutils/work/src/build/gold'
make  check-TESTS
make[4]: Entering directory '/usr/ports/core-ppc/binutils/work/src/build/gold'
make[5]: Entering directory '/usr/ports/core-ppc/binutils/work/src/build/gold'
PASS: bootstrap-test
PASS: bootstrap-test-r
PASS: bootstrap-test-treehash-chunksize
==================
All 3 tests passed
==================
make[5]: Leaving directory '/usr/ports/core-ppc/binutils/work/src/build/gold'
make[4]: Leaving directory '/usr/ports/core-ppc/binutils/work/src/build/gold'
make[3]: Leaving directory '/usr/ports/core-ppc/binutils/work/src/build/gold'
make[2]: *** [Makefile:941: check-recursive] Error 1
make[2]: Target 'check' not remade because of errors.
make[2]: Leaving directory '/usr/ports/core-ppc/binutils/work/src/build/gold'
make[1]: *** [Makefile:6099: check-gold] Error 2
make[2]: Entering directory '/usr/ports/core-ppc/binutils/work/src/build/gprof'
make  check-recursive
make[3]: Entering directory '/usr/ports/core-ppc/binutils/work/src/build/gprof'
Making check in po
make[4]: Entering directory '/usr/ports/core-ppc/binutils/work/src/build/gprof/po'
make[4]: Nothing to be done for 'check'.
make[4]: Leaving directory '/usr/ports/core-ppc/binutils/work/src/build/gprof/po'
make[4]: Entering directory '/usr/ports/core-ppc/binutils/work/src/build/gprof'
make[4]: Leaving directory '/usr/ports/core-ppc/binutils/work/src/build/gprof'
make[3]: Leaving directory '/usr/ports/core-ppc/binutils/work/src/build/gprof'
make[2]: Leaving directory '/usr/ports/core-ppc/binutils/work/src/build/gprof'
make[2]: Entering directory '/usr/ports/core-ppc/binutils/work/src/build/intl'
make[2]: Nothing to be done for 'check'.
make[2]: Leaving directory '/usr/ports/core-ppc/binutils/work/src/build/intl'
make[2]: Entering directory '/usr/ports/core-ppc/binutils/work/src/build/ld'
make  check-recursive
make[3]: Entering directory '/usr/ports/core-ppc/binutils/work/src/build/ld'
Making check in po
make[4]: Entering directory '/usr/ports/core-ppc/binutils/work/src/build/ld/po'
make[4]: Nothing to be done for 'check'.
make[4]: Leaving directory '/usr/ports/core-ppc/binutils/work/src/build/ld/po'
make[4]: Entering directory '/usr/ports/core-ppc/binutils/work/src/build/ld'
make  check-DEJAGNU
make[5]: Entering directory '/usr/ports/core-ppc/binutils/work/src/build/ld'
srcroot=`cd ../../binutils-2.30/ld && pwd`; export srcroot; \
r=`pwd`; export r; \
LC_ALL=C; export LC_ALL; \
EXPECT=expect; export EXPECT; \
runtest=runtest; \
if /bin/sh -c "$runtest --version" > /dev/null 2>&1; then \
  $runtest --tool ld --srcdir ${srcroot}/testsuite \
	CC="gcc" CFLAGS="-g -O2 -pipe -mcpu=powerpc -mtune=750 -msecure-plt" \
	CXX="g++" CXXFLAGS="-g -O2 -pipe -mcpu=powerpc -mtune=750 -msecure-plt -D_GNU_SOURCE" \
	CC_FOR_HOST="gcc" CFLAGS_FOR_HOST="-O2 -pipe -mcpu=powerpc -mtune=750 -msecure-plt" \
	OFILES="ldgram.o ldlex-wrapper.o lexsup.o ldlang.o mri.o ldctor.o ldmain.o plugin.o ldwrite.o ldexp.o  ldemul.o ldver.o ldmisc.o ldfile.o ldcref.o eelf32ppclinux.o eelf32ppc.o eelf32ppcsim.o eelf32lppclinux.o eelf32lppc.o eelf32lppcsim.o eelf64ppc.o eelf64lppc.o  ldbuildid.o" BFDLIB="../bfd/.libs/libbfd.a" \
	LIBIBERTY="../libiberty/libiberty.a " LIBS="-ldl -ldl " \
	DO_COMPARE="`echo 'cmp --ignore-initial=16 $f1 $f2' | sed -e 's,\\$,,g'`" \
	; \
else echo "WARNING: could not find \`runtest'" 1>&2; :;\
fi
WARNING: Couldn't find the global config file.
WARNING: Couldn't find tool init file
Test run by root on Mon Jan 21 16:10:42 2019
Native configuration is powerpc-unknown-linux-gnu

		=== ld tests ===

Schedule of variations:
    unix

Running target unix
Using /usr/share/dejagnu/baseboards/unix.exp as board description file for target.
Using /usr/share/dejagnu/config/unix.exp as generic interface file for target.
Using /usr/ports/core-ppc/binutils/work/src/binutils-2.30/ld/testsuite/config/default.exp as tool-and-target-specific interface file.
Running /usr/ports/core-ppc/binutils/work/src/binutils-2.30/ld/testsuite/ld-aarch64/aarch64-elf.exp ...
Running /usr/ports/core-ppc/binutils/work/src/binutils-2.30/ld/testsuite/ld-alpha/alpha.exp ...
Running /usr/ports/core-ppc/binutils/work/src/binutils-2.30/ld/testsuite/ld-arc/arc.exp ...
Running /usr/ports/core-ppc/binutils/work/src/binutils-2.30/ld/testsuite/ld-arm/arm-elf.exp ...
Running /usr/ports/core-ppc/binutils/work/src/binutils-2.30/ld/testsuite/ld-arm/export-class.exp ...
Running /usr/ports/core-ppc/binutils/work/src/binutils-2.30/ld/testsuite/ld-auto-import/auto-import.exp ...
Running /usr/ports/core-ppc/binutils/work/src/binutils-2.30/ld/testsuite/ld-avr/avr.exp ...
Running /usr/ports/core-ppc/binutils/work/src/binutils-2.30/ld/testsuite/ld-bootstrap/bootstrap.exp ...
Running /usr/ports/core-ppc/binutils/work/src/binutils-2.30/ld/testsuite/ld-cdtest/cdtest.exp ...
Running /usr/ports/core-ppc/binutils/work/src/binutils-2.30/ld/testsuite/ld-checks/checks.exp ...
Running /usr/ports/core-ppc/binutils/work/src/binutils-2.30/ld/testsuite/ld-cris/cris.exp ...
Running /usr/ports/core-ppc/binutils/work/src/binutils-2.30/ld/testsuite/ld-crx/crx.exp ...
Running /usr/ports/core-ppc/binutils/work/src/binutils-2.30/ld/testsuite/ld-cygwin/exe-export.exp ...
Running /usr/ports/core-ppc/binutils/work/src/binutils-2.30/ld/testsuite/ld-d10v/d10v.exp ...
Running /usr/ports/core-ppc/binutils/work/src/binutils-2.30/ld/testsuite/ld-discard/discard.exp ...
Running /usr/ports/core-ppc/binutils/work/src/binutils-2.30/ld/testsuite/ld-elf/audit.exp ...
Running /usr/ports/core-ppc/binutils/work/src/binutils-2.30/ld/testsuite/ld-elf/binutils.exp ...
Running /usr/ports/core-ppc/binutils/work/src/binutils-2.30/ld/testsuite/ld-elf/comm-data.exp ...
Running /usr/ports/core-ppc/binutils/work/src/binutils-2.30/ld/testsuite/ld-elf/compress.exp ...
Running /usr/ports/core-ppc/binutils/work/src/binutils-2.30/ld/testsuite/ld-elf/dwarf.exp ...
Running /usr/ports/core-ppc/binutils/work/src/binutils-2.30/ld/testsuite/ld-elf/eh-group.exp ...
Running /usr/ports/core-ppc/binutils/work/src/binutils-2.30/ld/testsuite/ld-elf/elf.exp ...
Running /usr/ports/core-ppc/binutils/work/src/binutils-2.30/ld/testsuite/ld-elf/exclude.exp ...
Running /usr/ports/core-ppc/binutils/work/src/binutils-2.30/ld/testsuite/ld-elf/export-class.exp ...
Running /usr/ports/core-ppc/binutils/work/src/binutils-2.30/ld/testsuite/ld-elf/frame.exp ...
Running /usr/ports/core-ppc/binutils/work/src/binutils-2.30/ld/testsuite/ld-elf/indirect.exp ...
Running /usr/ports/core-ppc/binutils/work/src/binutils-2.30/ld/testsuite/ld-elf/provide-hidden.exp ...
Running /usr/ports/core-ppc/binutils/work/src/binutils-2.30/ld/testsuite/ld-elf/readelf.exp ...
Running /usr/ports/core-ppc/binutils/work/src/binutils-2.30/ld/testsuite/ld-elf/sec-to-seg.exp ...
Running /usr/ports/core-ppc/binutils/work/src/binutils-2.30/ld/testsuite/ld-elf/sec64k.exp ...
Running /usr/ports/core-ppc/binutils/work/src/binutils-2.30/ld/testsuite/ld-elf/shared.exp ...
FAIL: Run with pr11138-2.c libpr11138-1.so
FAIL: Run with libpr11138-1.so pr11138-2.c
Running /usr/ports/core-ppc/binutils/work/src/binutils-2.30/ld/testsuite/ld-elf/tls.exp ...
Running /usr/ports/core-ppc/binutils/work/src/binutils-2.30/ld/testsuite/ld-elf/tls_common.exp ...
Running /usr/ports/core-ppc/binutils/work/src/binutils-2.30/ld/testsuite/ld-elf/wrap.exp ...
Running /usr/ports/core-ppc/binutils/work/src/binutils-2.30/ld/testsuite/ld-elfcomm/elfcomm.exp ...
Running /usr/ports/core-ppc/binutils/work/src/binutils-2.30/ld/testsuite/ld-elfvers/vers.exp ...
Running /usr/ports/core-ppc/binutils/work/src/binutils-2.30/ld/testsuite/ld-elfvsb/elfvsb.exp ...
Running /usr/ports/core-ppc/binutils/work/src/binutils-2.30/ld/testsuite/ld-elfweak/elfweak.exp ...
Running /usr/ports/core-ppc/binutils/work/src/binutils-2.30/ld/testsuite/ld-fastcall/fastcall.exp ...
Running /usr/ports/core-ppc/binutils/work/src/binutils-2.30/ld/testsuite/ld-frv/fdpic.exp ...
Running /usr/ports/core-ppc/binutils/work/src/binutils-2.30/ld/testsuite/ld-frv/frv-elf.exp ...
Running /usr/ports/core-ppc/binutils/work/src/binutils-2.30/ld/testsuite/ld-frv/tls.exp ...
Running /usr/ports/core-ppc/binutils/work/src/binutils-2.30/ld/testsuite/ld-gc/gc.exp ...
FAIL: Check --gc-section
FAIL: Check --gc-section/-q
FAIL: Check --gc-section/-r/-e
FAIL: Check --gc-section/-r/-u
Running /usr/ports/core-ppc/binutils/work/src/binutils-2.30/ld/testsuite/ld-h8300/h8300.exp ...
Running /usr/ports/core-ppc/binutils/work/src/binutils-2.30/ld/testsuite/ld-i386/export-class.exp ...
Running /usr/ports/core-ppc/binutils/work/src/binutils-2.30/ld/testsuite/ld-i386/i386.exp ...
Running /usr/ports/core-ppc/binutils/work/src/binutils-2.30/ld/testsuite/ld-i386/no-plt.exp ...
Running /usr/ports/core-ppc/binutils/work/src/binutils-2.30/ld/testsuite/ld-i386/tls.exp ...
Running /usr/ports/core-ppc/binutils/work/src/binutils-2.30/ld/testsuite/ld-ia64/ia64.exp ...
Running /usr/ports/core-ppc/binutils/work/src/binutils-2.30/ld/testsuite/ld-ia64/line.exp ...
Running /usr/ports/core-ppc/binutils/work/src/binutils-2.30/ld/testsuite/ld-ifunc/binutils.exp ...
Running /usr/ports/core-ppc/binutils/work/src/binutils-2.30/ld/testsuite/ld-ifunc/ifunc.exp ...
Running /usr/ports/core-ppc/binutils/work/src/binutils-2.30/ld/testsuite/ld-libs/libs.exp ...
Running /usr/ports/core-ppc/binutils/work/src/binutils-2.30/ld/testsuite/ld-linkonce/linkonce.exp ...
Running /usr/ports/core-ppc/binutils/work/src/binutils-2.30/ld/testsuite/ld-m68hc11/m68hc11.exp ...
Running /usr/ports/core-ppc/binutils/work/src/binutils-2.30/ld/testsuite/ld-m68k/m68k-got.exp ...
Running /usr/ports/core-ppc/binutils/work/src/binutils-2.30/ld/testsuite/ld-m68k/m68k.exp ...
Running /usr/ports/core-ppc/binutils/work/src/binutils-2.30/ld/testsuite/ld-mep/mep.exp ...
Running /usr/ports/core-ppc/binutils/work/src/binutils-2.30/ld/testsuite/ld-metag/metag.exp ...
Running /usr/ports/core-ppc/binutils/work/src/binutils-2.30/ld/testsuite/ld-mips-elf/comm-data.exp ...
Running /usr/ports/core-ppc/binutils/work/src/binutils-2.30/ld/testsuite/ld-mips-elf/export-class.exp ...
Running /usr/ports/core-ppc/binutils/work/src/binutils-2.30/ld/testsuite/ld-mips-elf/mips-elf-flags.exp ...
Running /usr/ports/core-ppc/binutils/work/src/binutils-2.30/ld/testsuite/ld-mips-elf/mips-elf.exp ...
Running /usr/ports/core-ppc/binutils/work/src/binutils-2.30/ld/testsuite/ld-misc/defsym.exp ...
Running /usr/ports/core-ppc/binutils/work/src/binutils-2.30/ld/testsuite/ld-mmix/mmix.exp ...
Running /usr/ports/core-ppc/binutils/work/src/binutils-2.30/ld/testsuite/ld-mn10300/mn10300.exp ...
Running /usr/ports/core-ppc/binutils/work/src/binutils-2.30/ld/testsuite/ld-msp430-elf/msp430-elf.exp ...
Running /usr/ports/core-ppc/binutils/work/src/binutils-2.30/ld/testsuite/ld-nds32/nds32.exp ...
Running /usr/ports/core-ppc/binutils/work/src/binutils-2.30/ld/testsuite/ld-nios2/nios2.exp ...
Running /usr/ports/core-ppc/binutils/work/src/binutils-2.30/ld/testsuite/ld-pe/pe-compile.exp ...
Running /usr/ports/core-ppc/binutils/work/src/binutils-2.30/ld/testsuite/ld-pe/pe-run.exp ...
Running /usr/ports/core-ppc/binutils/work/src/binutils-2.30/ld/testsuite/ld-pe/pe-run2.exp ...
Running /usr/ports/core-ppc/binutils/work/src/binutils-2.30/ld/testsuite/ld-pe/pe.exp ...
Running /usr/ports/core-ppc/binutils/work/src/binutils-2.30/ld/testsuite/ld-pie/pie.exp ...
Running /usr/ports/core-ppc/binutils/work/src/binutils-2.30/ld/testsuite/ld-plugin/lto.exp ...
Running /usr/ports/core-ppc/binutils/work/src/binutils-2.30/ld/testsuite/ld-plugin/plugin.exp ...
Running /usr/ports/core-ppc/binutils/work/src/binutils-2.30/ld/testsuite/ld-powerpc/aix52.exp ...
Running /usr/ports/core-ppc/binutils/work/src/binutils-2.30/ld/testsuite/ld-powerpc/export-class.exp ...
Running /usr/ports/core-ppc/binutils/work/src/binutils-2.30/ld/testsuite/ld-powerpc/powerpc.exp ...
Running /usr/ports/core-ppc/binutils/work/src/binutils-2.30/ld/testsuite/ld-pru/pru.exp ...
Running /usr/ports/core-ppc/binutils/work/src/binutils-2.30/ld/testsuite/ld-riscv-elf/ld-riscv-elf.exp ...
Running /usr/ports/core-ppc/binutils/work/src/binutils-2.30/ld/testsuite/ld-s390/s390.exp ...
Running /usr/ports/core-ppc/binutils/work/src/binutils-2.30/ld/testsuite/ld-scripts/align.exp ...
Running /usr/ports/core-ppc/binutils/work/src/binutils-2.30/ld/testsuite/ld-scripts/alignof.exp ...
Running /usr/ports/core-ppc/binutils/work/src/binutils-2.30/ld/testsuite/ld-scripts/assert.exp ...
Running /usr/ports/core-ppc/binutils/work/src/binutils-2.30/ld/testsuite/ld-scripts/crossref.exp ...
Running /usr/ports/core-ppc/binutils/work/src/binutils-2.30/ld/testsuite/ld-scripts/data.exp ...
Running /usr/ports/core-ppc/binutils/work/src/binutils-2.30/ld/testsuite/ld-scripts/default-script.exp ...
Running /usr/ports/core-ppc/binutils/work/src/binutils-2.30/ld/testsuite/ld-scripts/defined.exp ...
Running /usr/ports/core-ppc/binutils/work/src/binutils-2.30/ld/testsuite/ld-scripts/dynamic-sections.exp ...
Running /usr/ports/core-ppc/binutils/work/src/binutils-2.30/ld/testsuite/ld-scripts/empty-address.exp ...
Running /usr/ports/core-ppc/binutils/work/src/binutils-2.30/ld/testsuite/ld-scripts/empty-aligned.exp ...
Running /usr/ports/core-ppc/binutils/work/src/binutils-2.30/ld/testsuite/ld-scripts/empty-orphan.exp ...
Running /usr/ports/core-ppc/binutils/work/src/binutils-2.30/ld/testsuite/ld-scripts/exclude-file.exp ...
Running /usr/ports/core-ppc/binutils/work/src/binutils-2.30/ld/testsuite/ld-scripts/expr.exp ...
Running /usr/ports/core-ppc/binutils/work/src/binutils-2.30/ld/testsuite/ld-scripts/extern.exp ...
Running /usr/ports/core-ppc/binutils/work/src/binutils-2.30/ld/testsuite/ld-scripts/include.exp ...
Running /usr/ports/core-ppc/binutils/work/src/binutils-2.30/ld/testsuite/ld-scripts/log2.exp ...
Running /usr/ports/core-ppc/binutils/work/src/binutils-2.30/ld/testsuite/ld-scripts/map-address.exp ...
Running /usr/ports/core-ppc/binutils/work/src/binutils-2.30/ld/testsuite/ld-scripts/overlay-size.exp ...
Running /usr/ports/core-ppc/binutils/work/src/binutils-2.30/ld/testsuite/ld-scripts/phdrs.exp ...
Running /usr/ports/core-ppc/binutils/work/src/binutils-2.30/ld/testsuite/ld-scripts/phdrs2.exp ...
Running /usr/ports/core-ppc/binutils/work/src/binutils-2.30/ld/testsuite/ld-scripts/phdrs3.exp ...
Running /usr/ports/core-ppc/binutils/work/src/binutils-2.30/ld/testsuite/ld-scripts/print-memory-usage.exp ...
Running /usr/ports/core-ppc/binutils/work/src/binutils-2.30/ld/testsuite/ld-scripts/provide.exp ...
Running /usr/ports/core-ppc/binutils/work/src/binutils-2.30/ld/testsuite/ld-scripts/rgn-at.exp ...
Running /usr/ports/core-ppc/binutils/work/src/binutils-2.30/ld/testsuite/ld-scripts/rgn-over.exp ...
Running /usr/ports/core-ppc/binutils/work/src/binutils-2.30/ld/testsuite/ld-scripts/script.exp ...
Running /usr/ports/core-ppc/binutils/work/src/binutils-2.30/ld/testsuite/ld-scripts/section-flags.exp ...
Running /usr/ports/core-ppc/binutils/work/src/binutils-2.30/ld/testsuite/ld-scripts/section-match.exp ...
Running /usr/ports/core-ppc/binutils/work/src/binutils-2.30/ld/testsuite/ld-scripts/size.exp ...
Running /usr/ports/core-ppc/binutils/work/src/binutils-2.30/ld/testsuite/ld-scripts/sizeof.exp ...
Running /usr/ports/core-ppc/binutils/work/src/binutils-2.30/ld/testsuite/ld-scripts/sort.exp ...
Running /usr/ports/core-ppc/binutils/work/src/binutils-2.30/ld/testsuite/ld-scripts/sysroot-prefix.exp ...
Running /usr/ports/core-ppc/binutils/work/src/binutils-2.30/ld/testsuite/ld-scripts/weak.exp ...
Running /usr/ports/core-ppc/binutils/work/src/binutils-2.30/ld/testsuite/ld-selective/sel-dump.exp ...
Running /usr/ports/core-ppc/binutils/work/src/binutils-2.30/ld/testsuite/ld-selective/selective.exp ...
Running /usr/ports/core-ppc/binutils/work/src/binutils-2.30/ld/testsuite/ld-sh/arch/arch.exp ...
Running /usr/ports/core-ppc/binutils/work/src/binutils-2.30/ld/testsuite/ld-sh/rd-sh.exp ...
Running /usr/ports/core-ppc/binutils/work/src/binutils-2.30/ld/testsuite/ld-sh/sh-vxworks.exp ...
Running /usr/ports/core-ppc/binutils/work/src/binutils-2.30/ld/testsuite/ld-sh/sh.exp ...
Running /usr/ports/core-ppc/binutils/work/src/binutils-2.30/ld/testsuite/ld-sh/sh64/rd-sh64.exp ...
Running /usr/ports/core-ppc/binutils/work/src/binutils-2.30/ld/testsuite/ld-sh/sh64/relax.exp ...
Running /usr/ports/core-ppc/binutils/work/src/binutils-2.30/ld/testsuite/ld-sh/sh64/relfail.exp ...
Running /usr/ports/core-ppc/binutils/work/src/binutils-2.30/ld/testsuite/ld-sh/sh64/sh64.exp ...
Running /usr/ports/core-ppc/binutils/work/src/binutils-2.30/ld/testsuite/ld-shared/shared.exp ...
XPASS: shared (non PIC, load offset)
Running /usr/ports/core-ppc/binutils/work/src/binutils-2.30/ld/testsuite/ld-size/size.exp ...
Running /usr/ports/core-ppc/binutils/work/src/binutils-2.30/ld/testsuite/ld-sparc/sparc.exp ...
Running /usr/ports/core-ppc/binutils/work/src/binutils-2.30/ld/testsuite/ld-spu/spu.exp ...
Running /usr/ports/core-ppc/binutils/work/src/binutils-2.30/ld/testsuite/ld-srec/srec.exp ...
Running /usr/ports/core-ppc/binutils/work/src/binutils-2.30/ld/testsuite/ld-tic6x/tic6x.exp ...
Running /usr/ports/core-ppc/binutils/work/src/binutils-2.30/ld/testsuite/ld-tilegx/tilegx.exp ...
Running /usr/ports/core-ppc/binutils/work/src/binutils-2.30/ld/testsuite/ld-tilepro/tilepro.exp ...
Running /usr/ports/core-ppc/binutils/work/src/binutils-2.30/ld/testsuite/ld-undefined/entry.exp ...
Running /usr/ports/core-ppc/binutils/work/src/binutils-2.30/ld/testsuite/ld-undefined/require-defined.exp ...
Running /usr/ports/core-ppc/binutils/work/src/binutils-2.30/ld/testsuite/ld-undefined/undefined.exp ...
Running /usr/ports/core-ppc/binutils/work/src/binutils-2.30/ld/testsuite/ld-undefined/weak-undef.exp ...
Running /usr/ports/core-ppc/binutils/work/src/binutils-2.30/ld/testsuite/ld-unique/unique.exp ...
Running /usr/ports/core-ppc/binutils/work/src/binutils-2.30/ld/testsuite/ld-v850/v850.exp ...
Running /usr/ports/core-ppc/binutils/work/src/binutils-2.30/ld/testsuite/ld-vax-elf/export-class.exp ...
Running /usr/ports/core-ppc/binutils/work/src/binutils-2.30/ld/testsuite/ld-vax-elf/vax-elf.exp ...
Running /usr/ports/core-ppc/binutils/work/src/binutils-2.30/ld/testsuite/ld-versados/versados.exp ...
Running /usr/ports/core-ppc/binutils/work/src/binutils-2.30/ld/testsuite/ld-visium/visium.exp ...
Running /usr/ports/core-ppc/binutils/work/src/binutils-2.30/ld/testsuite/ld-vxworks/vxworks.exp ...
Running /usr/ports/core-ppc/binutils/work/src/binutils-2.30/ld/testsuite/ld-x86-64/dwarfreloc.exp ...
Running /usr/ports/core-ppc/binutils/work/src/binutils-2.30/ld/testsuite/ld-x86-64/export-class.exp ...
Running /usr/ports/core-ppc/binutils/work/src/binutils-2.30/ld/testsuite/ld-x86-64/line.exp ...
Running /usr/ports/core-ppc/binutils/work/src/binutils-2.30/ld/testsuite/ld-x86-64/mpx.exp ...
Running /usr/ports/core-ppc/binutils/work/src/binutils-2.30/ld/testsuite/ld-x86-64/no-plt.exp ...
Running /usr/ports/core-ppc/binutils/work/src/binutils-2.30/ld/testsuite/ld-x86-64/tls.exp ...
Running /usr/ports/core-ppc/binutils/work/src/binutils-2.30/ld/testsuite/ld-x86-64/x86-64.exp ...
Running /usr/ports/core-ppc/binutils/work/src/binutils-2.30/ld/testsuite/ld-xc16x/xc16x.exp ...
Running /usr/ports/core-ppc/binutils/work/src/binutils-2.30/ld/testsuite/ld-xstormy16/xstormy16.exp ...
Running /usr/ports/core-ppc/binutils/work/src/binutils-2.30/ld/testsuite/ld-xtensa/coalesce.exp ...
Running /usr/ports/core-ppc/binutils/work/src/binutils-2.30/ld/testsuite/ld-xtensa/diff_overflow.exp ...
Running /usr/ports/core-ppc/binutils/work/src/binutils-2.30/ld/testsuite/ld-xtensa/lcall.exp ...
Running /usr/ports/core-ppc/binutils/work/src/binutils-2.30/ld/testsuite/ld-xtensa/xtensa.exp ...
Running /usr/ports/core-ppc/binutils/work/src/binutils-2.30/ld/testsuite/ld-z8k/z8k.exp ...

		=== ld Summary ===

# of expected passes		1326
# of unexpected failures	6
# of unexpected successes	1
# of expected failures		4
# of untested testcases		1
# of unsupported tests		20
/usr/ports/core-ppc/binutils/work/src/build/ld/ld-new 2.30

make[5]: *** [Makefile:3669: check-DEJAGNU] Error 1
make[5]: Leaving directory '/usr/ports/core-ppc/binutils/work/src/build/ld'
make[4]: *** [Makefile:1920: check-am] Error 2
make[4]: Leaving directory '/usr/ports/core-ppc/binutils/work/src/build/ld'
make[3]: *** [Makefile:1760: check-recursive] Error 1
make[3]: Leaving directory '/usr/ports/core-ppc/binutils/work/src/build/ld'
make[2]: *** [Makefile:1922: check] Error 2
make[2]: Leaving directory '/usr/ports/core-ppc/binutils/work/src/build/ld'
make[1]: *** [Makefile:7512: check-ld] Error 2
make[2]: Entering directory '/usr/ports/core-ppc/binutils/work/src/build/libiberty'
make[3]: Entering directory '/usr/ports/core-ppc/binutils/work/src/build/libiberty/testsuite'
./test-demangle < ../../../binutils-2.30/libiberty/testsuite/demangle-expected
./test-demangle: 995 tests, 0 failures
./test-demangle < ../../../binutils-2.30/libiberty/testsuite/d-demangle-expected
./test-demangle: 323 tests, 0 failures
./test-demangle < ../../../binutils-2.30/libiberty/testsuite/rust-demangle-expected
./test-demangle: 36 tests, 0 failures
./test-pexecute
./test-expandargv
PASS: test-expandargv-0.
PASS: test-expandargv-1.
PASS: test-expandargv-2.
PASS: test-expandargv-3.
PASS: test-expandargv-4.
PASS: test-expandargv-5.
PASS: test-expandargv-6.
./test-strtol
PASS: test-strtol-0.
PASS: test-strtol-1.
PASS: test-strtol-2.
PASS: test-strtol-3.
PASS: test-strtol-4.
PASS: test-strtol-5.
PASS: test-strtol-6.
PASS: test-strtol-7.
PASS: test-strtol-8.
PASS: test-strtol-9.
PASS: test-strtol-10.
PASS: test-strtol-11.
PASS: test-strtol-12.
PASS: test-strtol-13.
PASS: test-strtol-14.
PASS: test-strtol-15.
PASS: test-strtol-16.
PASS: test-strtol-17.
PASS: test-strtol-18.
PASS: test-strtol-19.
PASS: test-strtol-20.
PASS: test-strtol-21.
PASS: test-strtol-22.
PASS: test-strtol-23.
make[3]: Leaving directory '/usr/ports/core-ppc/binutils/work/src/build/libiberty/testsuite'
make[2]: Leaving directory '/usr/ports/core-ppc/binutils/work/src/build/libiberty'
make[1]: Target 'check-host' not remade because of errors.
make[1]: Nothing to be done for 'check-target'.
make[1]: Leaving directory '/usr/ports/core-ppc/binutils/work/src/build'
make: *** [Makefile:2175: do-check] Error 2
make: Target 'check' not remade because of errors.
