  GEN      public-submodule-commit
make  check-recursive
make[1]: Entering directory '/usr/ports/core/sed/work/src/sed-4.7'
Making check in po
make[2]: Entering directory '/usr/ports/core/sed/work/src/sed-4.7/po'
make[2]: Nothing to be done for 'check'.
make[2]: Leaving directory '/usr/ports/core/sed/work/src/sed-4.7/po'
Making check in .
make[2]: Entering directory '/usr/ports/core/sed/work/src/sed-4.7'
make  testsuite/get-mb-cur-max testsuite/test-mbrtowc
make[3]: Entering directory '/usr/ports/core/sed/work/src/sed-4.7'
  CC       testsuite/get-mb-cur-max.o
  CCLD     testsuite/get-mb-cur-max
  CC       testsuite/test-mbrtowc.o
  CCLD     testsuite/test-mbrtowc
make[3]: Leaving directory '/usr/ports/core/sed/work/src/sed-4.7'
make  check-TESTS
make[3]: Entering directory '/usr/ports/core/sed/work/src/sed-4.7'
make[4]: Entering directory '/usr/ports/core/sed/work/src/sed-4.7'
PASS: testsuite/misc.pl
bug32082.sh: skipped test: requires a working valgrind
SKIP: testsuite/bug32082.sh
PASS: testsuite/bug32271-1.sh
bug32271-2.sh: skipped test: requires a working valgrind
SKIP: testsuite/bug32271-2.sh
PASS: testsuite/cmd-l.sh
PASS: testsuite/cmd-R.sh
PASS: testsuite/colon-with-no-label.sh
PASS: testsuite/comment-n.sh
PASS: testsuite/compile-errors.sh
PASS: testsuite/compile-tests.sh
PASS: testsuite/convert-number.sh
PASS: testsuite/command-endings.sh
PASS: testsuite/debug.pl
PASS: testsuite/execute-tests.sh
PASS: testsuite/help-version.sh
PASS: testsuite/in-place-hyphen.sh
PASS: testsuite/in-place-suffix-backup.sh
inplace-selinux.sh: skipped test: this system lacks SELinux support
SKIP: testsuite/inplace-selinux.sh
invalid-mb-seq-UMR.sh: skipped test: requires a working valgrind
SKIP: testsuite/invalid-mb-seq-UMR.sh
PASS: testsuite/mb-bad-delim.sh
mb-charclass-non-utf8.sh: skipped test: ja_JP shift-jis locale not found
SKIP: testsuite/mb-charclass-non-utf8.sh
PASS: testsuite/mb-match-slash.sh
PASS: testsuite/mb-y-translate.sh
PASS: testsuite/missing-filename.sh
newline-dfa-bug.sh: skipped test: requires a working valgrind
SKIP: testsuite/newline-dfa-bug.sh
PASS: testsuite/normalize-text.sh
PASS: testsuite/nulldata.sh
obinary.sh: skipped test: platform does not enable O_TEXT by default
SKIP: testsuite/obinary.sh
FAIL: testsuite/panic-tests.sh
PASS: testsuite/posix-char-class.sh
PASS: testsuite/posix-mode-addr.sh
PASS: testsuite/posix-mode-bad-ref.sh
PASS: testsuite/posix-mode-ERE.sh
PASS: testsuite/posix-mode-s.sh
PASS: testsuite/posix-mode-N.sh
PASS: testsuite/range-overlap.sh
PASS: testsuite/recursive-escape-c.sh
PASS: testsuite/regex-errors.sh
regex-max-int.sh: skipped test: very expensive: disabled by default
SKIP: testsuite/regex-max-int.sh
PASS: testsuite/sandbox.sh
PASS: testsuite/stdin-prog.sh
PASS: testsuite/subst-options.sh
PASS: testsuite/subst-mb-incomplete.sh
PASS: testsuite/subst-replacement.sh
PASS: testsuite/temp-file-cleanup.sh
title-case.sh: skipped test: el_GR.iso88597 locale not found
SKIP: testsuite/title-case.sh
PASS: testsuite/unbuffered.sh
PASS: testsuite/follow-symlinks.sh
PASS: testsuite/follow-symlinks-stdin.sh
PASS: testsuite/8bit.sh
PASS: testsuite/8to7.sh
PASS: testsuite/badenc.sh
PASS: testsuite/binary.sh
PASS: testsuite/bsd-wrapper.sh
PASS: testsuite/dc.sh
PASS: testsuite/distrib.sh
PASS: testsuite/eval.sh
PASS: testsuite/help.sh
PASS: testsuite/inplace-hold.sh
PASS: testsuite/mac-mf.sh
PASS: testsuite/madding.sh
PASS: testsuite/newjis.sh
PASS: testsuite/stdin.sh
PASS: testsuite/utf8-ru.sh
PASS: testsuite/uniq.sh
PASS: testsuite/word-delim.sh
PASS: testsuite/xemacs.sh
============================================================================
Testsuite summary for GNU sed 4.7
============================================================================
# TOTAL: 67
# PASS:  57
# SKIP:  9
# XFAIL: 0
# FAIL:  1
# XPASS: 0
# ERROR: 0
============================================================================
See ./test-suite.log
Please report to bug-sed@gnu.org
============================================================================
make[4]: *** [Makefile:3023: test-suite.log] Error 1
make[4]: Leaving directory '/usr/ports/core/sed/work/src/sed-4.7'
make[3]: *** [Makefile:3131: check-TESTS] Error 2
make[3]: Leaving directory '/usr/ports/core/sed/work/src/sed-4.7'
make[2]: *** [Makefile:3372: check-am] Error 2
make[2]: Leaving directory '/usr/ports/core/sed/work/src/sed-4.7'
make[1]: *** [Makefile:2908: check-recursive] Error 1
make[1]: Leaving directory '/usr/ports/core/sed/work/src/sed-4.7'
make: *** [Makefile:3374: check] Error 2
