nohup: ignoring input
make[1]: Entering directory '/usr/ports/core-ppc/gcc/work/src/build'
make[2]: Entering directory '/usr/ports/core-ppc/gcc/work/src/build/fixincludes'
echo "No check here.."
No check here..
make[2]: Leaving directory '/usr/ports/core-ppc/gcc/work/src/build/fixincludes'
make[2]: Entering directory '/usr/ports/core-ppc/gcc/work/src/build/gcc'
rm -rf testsuite/gcc-parallel
make[3]: Entering directory '/usr/ports/core-ppc/gcc/work/src/build/gcc'
(rootme=`${PWDCMD-pwd}`; export rootme; \
srcdir=`cd ../../gcc-7.4.0/gcc; ${PWDCMD-pwd}` ; export srcdir ; \
if [ -n "" ] \
   && [ -n "$GCC_RUNTEST_PARALLELIZE_DIR" ] \
   && [ -f testsuite/gcc-parallel/finished ]; then \
  rm -rf testsuite/gcc; \
else \
  cd testsuite/gcc; \
  rm -f tmp-site.exp; \
  sed '/set tmpdir/ s|testsuite$|testsuite/gcc|' \
	< ../../site.exp > tmp-site.exp; \
  /bin/sh ${srcdir}/../move-if-change tmp-site.exp site.exp; \
  EXPECT=`if [ -f ${rootme}/../expect/expect ] ; then echo ${rootme}/../expect/expect ; else echo expect ; fi` ; export EXPECT ; \
  if [ -f ${rootme}/../expect/expect ] ; then  \
    TCL_LIBRARY=`cd .. ; cd ${srcdir}/../tcl/library ; ${PWDCMD-pwd}` ; \
    export TCL_LIBRARY ; \
  fi ; \
  `if [ -f ${srcdir}/../dejagnu/runtest ] ; then echo ${srcdir}/../dejagnu/runtest ; else echo runtest; fi` --tool gcc ; \
  if [ -n "$GCC_RUNTEST_PARALLELIZE_DIR" ] ; then \
    touch ${rootme}/testsuite/gcc-parallel/finished; \
  fi ; \
fi )
WARNING: Couldn't find the global config file.
Test run by nobody on Mon Jan 21 19:26:17 2019
Native configuration is powerpc-unknown-linux-gnu

		=== gcc tests ===

Schedule of variations:
    unix

Running target unix
Using /usr/share/dejagnu/baseboards/unix.exp as board description file for target.
Using /usr/share/dejagnu/config/unix.exp as generic interface file for target.
Using /usr/ports/core-ppc/gcc/work/src/gcc-7.4.0/gcc/testsuite/config/default.exp as tool-and-target-specific interface file.
Running /usr/ports/core-ppc/gcc/work/src/gcc-7.4.0/gcc/testsuite/gcc.c-torture/compile/compile.exp ...
Running /usr/ports/core-ppc/gcc/work/src/gcc-7.4.0/gcc/testsuite/gcc.c-torture/execute/builtins/builtins.exp ...
Running /usr/ports/core-ppc/gcc/work/src/gcc-7.4.0/gcc/testsuite/gcc.c-torture/execute/execute.exp ...
Running /usr/ports/core-ppc/gcc/work/src/gcc-7.4.0/gcc/testsuite/gcc.c-torture/execute/ieee/ieee.exp ...
Running /usr/ports/core-ppc/gcc/work/src/gcc-7.4.0/gcc/testsuite/gcc.c-torture/unsorted/unsorted.exp ...
Running /usr/ports/core-ppc/gcc/work/src/gcc-7.4.0/gcc/testsuite/gcc.dg/asan/asan.exp ...
FAIL: c-c++-common/asan/heap-overflow-1.c   -O1  output pattern test
FAIL: c-c++-common/asan/heap-overflow-1.c   -O2  output pattern test
FAIL: c-c++-common/asan/heap-overflow-1.c   -O3 -g  output pattern test
FAIL: c-c++-common/asan/heap-overflow-1.c   -Os  output pattern test
FAIL: c-c++-common/asan/heap-overflow-1.c   -O2 -flto -fno-use-linker-plugin -flto-partition=none  output pattern test
FAIL: c-c++-common/asan/heap-overflow-1.c   -O2 -flto -fuse-linker-plugin -fno-fat-lto-objects  output pattern test
FAIL: c-c++-common/asan/null-deref-1.c   -O2  output pattern test
FAIL: c-c++-common/asan/null-deref-1.c   -O3 -g  output pattern test
FAIL: c-c++-common/asan/null-deref-1.c   -O2 -flto -fno-use-linker-plugin -flto-partition=none  output pattern test
FAIL: c-c++-common/asan/null-deref-1.c   -O2 -flto -fuse-linker-plugin -fno-fat-lto-objects  output pattern test
FAIL: c-c++-common/asan/pr70541.c   -O0  output pattern test
FAIL: c-c++-common/asan/sanity-check-pure-c-1.c   -O0  output pattern test
FAIL: c-c++-common/asan/sanity-check-pure-c-1.c   -O1  output pattern test
FAIL: c-c++-common/asan/sanity-check-pure-c-1.c   -O2  output pattern test
FAIL: c-c++-common/asan/sanity-check-pure-c-1.c   -O3 -g  output pattern test
FAIL: c-c++-common/asan/sanity-check-pure-c-1.c   -Os  output pattern test
FAIL: c-c++-common/asan/sanity-check-pure-c-1.c   -O2 -flto -fno-use-linker-plugin -flto-partition=none  output pattern test
FAIL: c-c++-common/asan/sanity-check-pure-c-1.c   -O2 -flto -fuse-linker-plugin -fno-fat-lto-objects  output pattern test
FAIL: c-c++-common/asan/strncpy-overflow-1.c   -O1  output pattern test
FAIL: c-c++-common/asan/strncpy-overflow-1.c   -O2  output pattern test
FAIL: c-c++-common/asan/strncpy-overflow-1.c   -O3 -g  output pattern test
FAIL: c-c++-common/asan/strncpy-overflow-1.c   -Os  output pattern test
FAIL: c-c++-common/asan/strncpy-overflow-1.c   -O2 -flto -fno-use-linker-plugin -flto-partition=none  output pattern test
FAIL: c-c++-common/asan/strncpy-overflow-1.c   -O2 -flto -fuse-linker-plugin -fno-fat-lto-objects  output pattern test
FAIL: c-c++-common/asan/use-after-free-1.c   -O0  output pattern test
FAIL: c-c++-common/asan/use-after-free-1.c   -O1  output pattern test
FAIL: c-c++-common/asan/use-after-free-1.c   -O2  output pattern test
FAIL: c-c++-common/asan/use-after-free-1.c   -O3 -g  output pattern test
FAIL: c-c++-common/asan/use-after-free-1.c   -Os  output pattern test
FAIL: c-c++-common/asan/use-after-free-1.c   -O2 -flto -fno-use-linker-plugin -flto-partition=none  output pattern test
FAIL: c-c++-common/asan/use-after-free-1.c   -O2 -flto -fuse-linker-plugin -fno-fat-lto-objects  output pattern test
Running /usr/ports/core-ppc/gcc/work/src/gcc-7.4.0/gcc/testsuite/gcc.dg/atomic/atomic.exp ...
Running /usr/ports/core-ppc/gcc/work/src/gcc-7.4.0/gcc/testsuite/gcc.dg/autopar/autopar.exp ...
Running /usr/ports/core-ppc/gcc/work/src/gcc-7.4.0/gcc/testsuite/gcc.dg/charset/charset.exp ...
Running /usr/ports/core-ppc/gcc/work/src/gcc-7.4.0/gcc/testsuite/gcc.dg/cilk-plus/cilk-plus.exp ...
Running /usr/ports/core-ppc/gcc/work/src/gcc-7.4.0/gcc/testsuite/gcc.dg/compat/compat.exp ...
Running /usr/ports/core-ppc/gcc/work/src/gcc-7.4.0/gcc/testsuite/gcc.dg/compat/struct-layout-1.exp ...
Running /usr/ports/core-ppc/gcc/work/src/gcc-7.4.0/gcc/testsuite/gcc.dg/cpp/cpp.exp ...
Running /usr/ports/core-ppc/gcc/work/src/gcc-7.4.0/gcc/testsuite/gcc.dg/cpp/trad/trad.exp ...
Running /usr/ports/core-ppc/gcc/work/src/gcc-7.4.0/gcc/testsuite/gcc.dg/debug/debug.exp ...
Running /usr/ports/core-ppc/gcc/work/src/gcc-7.4.0/gcc/testsuite/gcc.dg/debug/dwarf2/dwarf2.exp ...
Running /usr/ports/core-ppc/gcc/work/src/gcc-7.4.0/gcc/testsuite/gcc.dg/dfp/dfp.exp ...
Running /usr/ports/core-ppc/gcc/work/src/gcc-7.4.0/gcc/testsuite/gcc.dg/dg.exp ...
FAIL: gcc.dg/pow-sqrt-synth-1.c scan-tree-dump-times sincos "synthesizing" 7
FAIL: gcc.dg/pr45352-3.c (internal compiler error)
FAIL: gcc.dg/pr45352-3.c (test for excess errors)
FAIL: gcc.dg/pr45352.c (internal compiler error)
FAIL: gcc.dg/pr45352.c (test for excess errors)
FAIL: gcc.dg/pr46521.c (internal compiler error)
FAIL: gcc.dg/pr46521.c (test for excess errors)
FAIL: gcc.dg/sms-1.c scan-rtl-dump-times sms "SMS succeeded" 1
FAIL: gcc.dg/stack-usage-1.c scan-file foo\t(256|264)\tstatic
FAIL: gcc.dg/superblock.c scan-rtl-dump-times sched2 "ADVANCING TO" 2
FAIL: gcc.dg/uninit-19.c  (test for warnings, line 23)
FAIL: gcc.dg/uninit-19.c (test for excess errors)
Running /usr/ports/core-ppc/gcc/work/src/gcc-7.4.0/gcc/testsuite/gcc.dg/fixed-point/fixed-point.exp ...
Running /usr/ports/core-ppc/gcc/work/src/gcc-7.4.0/gcc/testsuite/gcc.dg/format/format.exp ...
Running /usr/ports/core-ppc/gcc/work/src/gcc-7.4.0/gcc/testsuite/gcc.dg/goacc-gomp/goacc-gomp.exp ...
Running /usr/ports/core-ppc/gcc/work/src/gcc-7.4.0/gcc/testsuite/gcc.dg/goacc/goacc.exp ...
Running /usr/ports/core-ppc/gcc/work/src/gcc-7.4.0/gcc/testsuite/gcc.dg/gomp/gomp.exp ...
Running /usr/ports/core-ppc/gcc/work/src/gcc-7.4.0/gcc/testsuite/gcc.dg/graphite/graphite.exp ...
Running /usr/ports/core-ppc/gcc/work/src/gcc-7.4.0/gcc/testsuite/gcc.dg/guality/guality.exp ...
Running /usr/ports/core-ppc/gcc/work/src/gcc-7.4.0/gcc/testsuite/gcc.dg/ipa/ipa.exp ...
Running /usr/ports/core-ppc/gcc/work/src/gcc-7.4.0/gcc/testsuite/gcc.dg/lto/lto.exp ...
FAIL: gcc.dg/lto/20110201-1 c_lto_20110201-1_0.o-c_lto_20110201-1_0.o link,  -O0 -flto -fno-math-errno 
Running /usr/ports/core-ppc/gcc/work/src/gcc-7.4.0/gcc/testsuite/gcc.dg/noncompile/noncompile.exp ...
Running /usr/ports/core-ppc/gcc/work/src/gcc-7.4.0/gcc/testsuite/gcc.dg/params/params.exp ...
Running /usr/ports/core-ppc/gcc/work/src/gcc-7.4.0/gcc/testsuite/gcc.dg/pch/pch.exp ...
Running /usr/ports/core-ppc/gcc/work/src/gcc-7.4.0/gcc/testsuite/gcc.dg/plugin/plugin.exp ...
Running /usr/ports/core-ppc/gcc/work/src/gcc-7.4.0/gcc/testsuite/gcc.dg/rtl/rtl.exp ...
Running /usr/ports/core-ppc/gcc/work/src/gcc-7.4.0/gcc/testsuite/gcc.dg/sancov/sancov.exp ...
Running /usr/ports/core-ppc/gcc/work/src/gcc-7.4.0/gcc/testsuite/gcc.dg/simulate-thread/simulate-thread.exp ...
Running /usr/ports/core-ppc/gcc/work/src/gcc-7.4.0/gcc/testsuite/gcc.dg/special/mips-abi.exp ...
Running /usr/ports/core-ppc/gcc/work/src/gcc-7.4.0/gcc/testsuite/gcc.dg/special/special.exp ...
Running /usr/ports/core-ppc/gcc/work/src/gcc-7.4.0/gcc/testsuite/gcc.dg/sso/sso.exp ...
Running /usr/ports/core-ppc/gcc/work/src/gcc-7.4.0/gcc/testsuite/gcc.dg/tls/tls.exp ...
Running /usr/ports/core-ppc/gcc/work/src/gcc-7.4.0/gcc/testsuite/gcc.dg/tm/tm.exp ...
Running /usr/ports/core-ppc/gcc/work/src/gcc-7.4.0/gcc/testsuite/gcc.dg/torture/dg-torture.exp ...
FAIL: gcc.dg/torture/float32-basic.c   -O0  execution test
FAIL: gcc.dg/torture/float32-basic.c   -O1  execution test
FAIL: gcc.dg/torture/float32-basic.c   -O2  execution test
FAIL: gcc.dg/torture/float32-basic.c   -O3 -g  execution test
FAIL: gcc.dg/torture/float32-basic.c   -Os  execution test
FAIL: gcc.dg/torture/float32-basic.c   -O2 -flto -fno-use-linker-plugin -flto-partition=none  execution test
FAIL: gcc.dg/torture/float32-basic.c   -O2 -flto -fuse-linker-plugin -fno-fat-lto-objects  execution test
Running /usr/ports/core-ppc/gcc/work/src/gcc-7.4.0/gcc/testsuite/gcc.dg/torture/stackalign/stackalign.exp ...
Running /usr/ports/core-ppc/gcc/work/src/gcc-7.4.0/gcc/testsuite/gcc.dg/torture/tls/tls.exp ...
Running /usr/ports/core-ppc/gcc/work/src/gcc-7.4.0/gcc/testsuite/gcc.dg/tree-prof/tree-prof.exp ...
Running /usr/ports/core-ppc/gcc/work/src/gcc-7.4.0/gcc/testsuite/gcc.dg/tree-ssa/tree-ssa.exp ...
Running /usr/ports/core-ppc/gcc/work/src/gcc-7.4.0/gcc/testsuite/gcc.dg/tsan/tsan.exp ...
Running /usr/ports/core-ppc/gcc/work/src/gcc-7.4.0/gcc/testsuite/gcc.dg/ubsan/ubsan.exp ...
Running /usr/ports/core-ppc/gcc/work/src/gcc-7.4.0/gcc/testsuite/gcc.dg/vect/costmodel/i386/i386-costmodel-vect.exp ...
Running /usr/ports/core-ppc/gcc/work/src/gcc-7.4.0/gcc/testsuite/gcc.dg/vect/costmodel/ppc/ppc-costmodel-vect.exp ...
FAIL: gcc.dg/vect/costmodel/ppc/costmodel-bb-slp-9a-pr63175.c scan-assembler-not \tlwz?u?x? 
FAIL: gcc.dg/vect/costmodel/ppc/costmodel-bb-slp-9a-pr63175.c scan-assembler-not \tstwu?x? 
Running /usr/ports/core-ppc/gcc/work/src/gcc-7.4.0/gcc/testsuite/gcc.dg/vect/costmodel/spu/spu-costmodel-vect.exp ...
Running /usr/ports/core-ppc/gcc/work/src/gcc-7.4.0/gcc/testsuite/gcc.dg/vect/costmodel/x86_64/x86_64-costmodel-vect.exp ...
Running /usr/ports/core-ppc/gcc/work/src/gcc-7.4.0/gcc/testsuite/gcc.dg/vect/vect.exp ...
FAIL: gcc.dg/vect/pr46032.c scan-tree-dump-times vect "note: vectorized 1 loop" 1
FAIL: gcc.dg/vect/vect-117.c scan-tree-dump-times vect "vectorized 1 loops" 1
XPASS: gcc.dg/vect/vect-24.c scan-tree-dump-times vect "vectorized 3 loops" 1
FAIL: gcc.dg/vect/vect-31.c scan-tree-dump-times vect "vectorized 4 loops" 1
FAIL: gcc.dg/vect/vect-strided-a-u8-i2-gap.c scan-tree-dump-times vect "vectorized 1 loops" 1
FAIL: gcc.dg/vect/slp-43.c scan-tree-dump-times vect "vectorized 1 loops" 2
FAIL: gcc.dg/vect/slp-perm-8.c scan-tree-dump-times vect "vectorized 1 loops" 1
FAIL: gcc.dg/vect/bb-slp-subgroups-1.c scan-tree-dump-times slp2 "Basic block will be vectorized using SLP" 1
FAIL: gcc.dg/vect/bb-slp-subgroups-1.c scan-tree-dump-times slp2 "basic block vectorized" 1
FAIL: gcc.dg/vect/bb-slp-subgroups-2.c scan-tree-dump-times slp2 "Basic block will be vectorized using SLP" 1
FAIL: gcc.dg/vect/bb-slp-subgroups-2.c scan-tree-dump-times slp2 "basic block vectorized" 1
FAIL: gcc.dg/vect/bb-slp-subgroups-3.c scan-tree-dump-times slp2 "Basic block will be vectorized using SLP" 1
FAIL: gcc.dg/vect/bb-slp-subgroups-3.c scan-tree-dump-times slp2 "basic block vectorized" 1
FAIL: gcc.dg/vect/pr46032.c -flto -ffat-lto-objects  scan-tree-dump-times vect "note: vectorized 1 loop" 1
FAIL: gcc.dg/vect/vect-117.c -flto -ffat-lto-objects  scan-tree-dump-times vect "vectorized 1 loops" 1
XPASS: gcc.dg/vect/vect-24.c -flto -ffat-lto-objects  scan-tree-dump-times vect "vectorized 3 loops" 1
FAIL: gcc.dg/vect/vect-31.c -flto -ffat-lto-objects  scan-tree-dump-times vect "vectorized 4 loops" 1
FAIL: gcc.dg/vect/vect-strided-a-u8-i2-gap.c -flto -ffat-lto-objects  scan-tree-dump-times vect "vectorized 1 loops" 1
FAIL: gcc.dg/vect/slp-43.c -flto -ffat-lto-objects  scan-tree-dump-times vect "vectorized 1 loops" 2
FAIL: gcc.dg/vect/slp-perm-8.c -flto -ffat-lto-objects  scan-tree-dump-times vect "vectorized 1 loops" 1
FAIL: gcc.dg/vect/bb-slp-subgroups-1.c -flto -ffat-lto-objects  scan-tree-dump-times slp2 "Basic block will be vectorized using SLP" 1
FAIL: gcc.dg/vect/bb-slp-subgroups-1.c -flto -ffat-lto-objects  scan-tree-dump-times slp2 "basic block vectorized" 1
FAIL: gcc.dg/vect/bb-slp-subgroups-2.c -flto -ffat-lto-objects  scan-tree-dump-times slp2 "Basic block will be vectorized using SLP" 1
FAIL: gcc.dg/vect/bb-slp-subgroups-2.c -flto -ffat-lto-objects  scan-tree-dump-times slp2 "basic block vectorized" 1
FAIL: gcc.dg/vect/bb-slp-subgroups-3.c -flto -ffat-lto-objects  scan-tree-dump-times slp2 "Basic block will be vectorized using SLP" 1
FAIL: gcc.dg/vect/bb-slp-subgroups-3.c -flto -ffat-lto-objects  scan-tree-dump-times slp2 "basic block vectorized" 1
FAIL: gcc.dg/vect/no-vfa-vect-depend-2.c scan-tree-dump-times vect "vectorized 1 loops" 1
FAIL: gcc.dg/vect/no-vfa-vect-depend-3.c scan-tree-dump-times vect "vectorized 1 loops" 4
FAIL: gcc.dg/vect/no-tree-sra-bb-slp-pr50730.c scan-tree-dump-times slp2 "basic block vectorized" 1
Running /usr/ports/core-ppc/gcc/work/src/gcc-7.4.0/gcc/testsuite/gcc.dg/vmx/vmx.exp ...
FAIL: gcc.dg/vmx/3c-01.c   -O2  execution test
FAIL: gcc.dg/vmx/3c-01.c   -O3 -g  execution test
FAIL: gcc.dg/vmx/3c-01.c   -Os  execution test
FAIL: gcc.dg/vmx/3c-01.c   -O2 -flto -fno-use-linker-plugin -flto-partition=none  execution test
FAIL: gcc.dg/vmx/3c-01.c   -O2 -flto -fuse-linker-plugin -fno-fat-lto-objects  execution test
FAIL: gcc.dg/vmx/extract-vsx-be-order.c   -O0  execution test
FAIL: gcc.dg/vmx/extract-vsx.c   -O0  execution test
FAIL: gcc.dg/vmx/insert-vsx-be-order.c   -O0  execution test
FAIL: gcc.dg/vmx/insert-vsx.c   -O0  execution test
FAIL: gcc.dg/vmx/ld-vsx-be-order.c   -O0  execution test
FAIL: gcc.dg/vmx/ld-vsx-be-order.c   -O1  execution test
FAIL: gcc.dg/vmx/ld-vsx-be-order.c   -O2  execution test
FAIL: gcc.dg/vmx/ld-vsx-be-order.c   -O3 -fomit-frame-pointer -funroll-loops -fpeel-loops -ftracer -finline-functions  execution test
FAIL: gcc.dg/vmx/ld-vsx-be-order.c   -O3 -g  execution test
FAIL: gcc.dg/vmx/ld-vsx-be-order.c   -Os  execution test
FAIL: gcc.dg/vmx/ld-vsx-be-order.c   -O2 -flto -fno-use-linker-plugin -flto-partition=none  execution test
FAIL: gcc.dg/vmx/ld-vsx-be-order.c   -O2 -flto -fuse-linker-plugin -fno-fat-lto-objects  execution test
FAIL: gcc.dg/vmx/ld-vsx.c   -O0  execution test
FAIL: gcc.dg/vmx/ld-vsx.c   -O1  execution test
FAIL: gcc.dg/vmx/ld-vsx.c   -O2  execution test
FAIL: gcc.dg/vmx/ld-vsx.c   -O3 -fomit-frame-pointer -funroll-loops -fpeel-loops -ftracer -finline-functions  execution test
FAIL: gcc.dg/vmx/ld-vsx.c   -O3 -g  execution test
FAIL: gcc.dg/vmx/ld-vsx.c   -Os  execution test
FAIL: gcc.dg/vmx/ld-vsx.c   -O2 -flto -fno-use-linker-plugin -flto-partition=none  execution test
FAIL: gcc.dg/vmx/ld-vsx.c   -O2 -flto -fuse-linker-plugin -fno-fat-lto-objects  execution test
FAIL: gcc.dg/vmx/ldl-vsx-be-order.c   -O0  execution test
FAIL: gcc.dg/vmx/ldl-vsx-be-order.c   -O1  execution test
FAIL: gcc.dg/vmx/ldl-vsx-be-order.c   -O2  execution test
FAIL: gcc.dg/vmx/ldl-vsx-be-order.c   -O3 -fomit-frame-pointer -funroll-loops -fpeel-loops -ftracer -finline-functions  execution test
FAIL: gcc.dg/vmx/ldl-vsx-be-order.c   -O3 -g  execution test
FAIL: gcc.dg/vmx/ldl-vsx-be-order.c   -Os  execution test
FAIL: gcc.dg/vmx/ldl-vsx-be-order.c   -O2 -flto -fno-use-linker-plugin -flto-partition=none  execution test
FAIL: gcc.dg/vmx/ldl-vsx-be-order.c   -O2 -flto -fuse-linker-plugin -fno-fat-lto-objects  execution test
FAIL: gcc.dg/vmx/ldl-vsx.c   -O0  execution test
FAIL: gcc.dg/vmx/ldl-vsx.c   -O1  execution test
FAIL: gcc.dg/vmx/ldl-vsx.c   -O2  execution test
FAIL: gcc.dg/vmx/ldl-vsx.c   -O3 -fomit-frame-pointer -funroll-loops -fpeel-loops -ftracer -finline-functions  execution test
FAIL: gcc.dg/vmx/ldl-vsx.c   -O3 -g  execution test
FAIL: gcc.dg/vmx/ldl-vsx.c   -Os  execution test
FAIL: gcc.dg/vmx/ldl-vsx.c   -O2 -flto -fno-use-linker-plugin -flto-partition=none  execution test
FAIL: gcc.dg/vmx/ldl-vsx.c   -O2 -flto -fuse-linker-plugin -fno-fat-lto-objects  execution test
FAIL: gcc.dg/vmx/merge-vsx-be-order.c   -O0  execution test
FAIL: gcc.dg/vmx/merge-vsx-be-order.c   -O1  execution test
FAIL: gcc.dg/vmx/merge-vsx-be-order.c   -O2  execution test
FAIL: gcc.dg/vmx/merge-vsx-be-order.c   -O3 -g  execution test
FAIL: gcc.dg/vmx/merge-vsx-be-order.c   -Os  execution test
FAIL: gcc.dg/vmx/merge-vsx-be-order.c   -O2 -flto -fno-use-linker-plugin -flto-partition=none  execution test
FAIL: gcc.dg/vmx/merge-vsx-be-order.c   -O2 -flto -fuse-linker-plugin -fno-fat-lto-objects  execution test
FAIL: gcc.dg/vmx/merge-vsx.c   -O0  execution test
FAIL: gcc.dg/vmx/merge-vsx.c   -O1  execution test
FAIL: gcc.dg/vmx/merge-vsx.c   -O2  execution test
FAIL: gcc.dg/vmx/merge-vsx.c   -O3 -g  execution test
FAIL: gcc.dg/vmx/merge-vsx.c   -Os  execution test
FAIL: gcc.dg/vmx/merge-vsx.c   -O2 -flto -fno-use-linker-plugin -flto-partition=none  execution test
FAIL: gcc.dg/vmx/merge-vsx.c   -O2 -flto -fuse-linker-plugin -fno-fat-lto-objects  execution test
FAIL: gcc.dg/vmx/splat-vsx-be-order.c   -O0  execution test
FAIL: gcc.dg/vmx/splat-vsx-be-order.c   -O1  execution test
FAIL: gcc.dg/vmx/splat-vsx-be-order.c   -O2  execution test
FAIL: gcc.dg/vmx/splat-vsx-be-order.c   -O3 -g  execution test
FAIL: gcc.dg/vmx/splat-vsx-be-order.c   -Os  execution test
FAIL: gcc.dg/vmx/splat-vsx-be-order.c   -O2 -flto -fno-use-linker-plugin -flto-partition=none  execution test
FAIL: gcc.dg/vmx/splat-vsx-be-order.c   -O2 -flto -fuse-linker-plugin -fno-fat-lto-objects  execution test
FAIL: gcc.dg/vmx/splat-vsx.c   -O0  execution test
FAIL: gcc.dg/vmx/splat-vsx.c   -O1  execution test
FAIL: gcc.dg/vmx/splat-vsx.c   -O2  execution test
FAIL: gcc.dg/vmx/splat-vsx.c   -O3 -g  execution test
FAIL: gcc.dg/vmx/splat-vsx.c   -Os  execution test
FAIL: gcc.dg/vmx/splat-vsx.c   -O2 -flto -fno-use-linker-plugin -flto-partition=none  execution test
FAIL: gcc.dg/vmx/splat-vsx.c   -O2 -flto -fuse-linker-plugin -fno-fat-lto-objects  execution test
FAIL: gcc.dg/vmx/st-vsx-be-order.c   -O0  execution test
FAIL: gcc.dg/vmx/st-vsx-be-order.c   -O1  execution test
FAIL: gcc.dg/vmx/st-vsx-be-order.c   -O2  execution test
FAIL: gcc.dg/vmx/st-vsx-be-order.c   -O3 -fomit-frame-pointer -funroll-loops -fpeel-loops -ftracer -finline-functions  execution test
FAIL: gcc.dg/vmx/st-vsx-be-order.c   -O3 -g  execution test
FAIL: gcc.dg/vmx/st-vsx-be-order.c   -Os  execution test
FAIL: gcc.dg/vmx/st-vsx-be-order.c   -O2 -flto -fno-use-linker-plugin -flto-partition=none  execution test
FAIL: gcc.dg/vmx/st-vsx-be-order.c   -O2 -flto -fuse-linker-plugin -fno-fat-lto-objects  execution test
FAIL: gcc.dg/vmx/st-vsx.c   -O0  execution test
FAIL: gcc.dg/vmx/st-vsx.c   -O1  execution test
FAIL: gcc.dg/vmx/st-vsx.c   -O2  execution test
FAIL: gcc.dg/vmx/st-vsx.c   -O3 -fomit-frame-pointer -funroll-loops -fpeel-loops -ftracer -finline-functions  execution test
FAIL: gcc.dg/vmx/st-vsx.c   -O3 -g  execution test
FAIL: gcc.dg/vmx/st-vsx.c   -Os  execution test
FAIL: gcc.dg/vmx/st-vsx.c   -O2 -flto -fno-use-linker-plugin -flto-partition=none  execution test
FAIL: gcc.dg/vmx/st-vsx.c   -O2 -flto -fuse-linker-plugin -fno-fat-lto-objects  execution test
FAIL: gcc.dg/vmx/stl-vsx-be-order.c   -O0  execution test
FAIL: gcc.dg/vmx/stl-vsx-be-order.c   -O1  execution test
FAIL: gcc.dg/vmx/stl-vsx-be-order.c   -O2  execution test
FAIL: gcc.dg/vmx/stl-vsx-be-order.c   -O3 -fomit-frame-pointer -funroll-loops -fpeel-loops -ftracer -finline-functions  execution test
FAIL: gcc.dg/vmx/stl-vsx-be-order.c   -O3 -g  execution test
FAIL: gcc.dg/vmx/stl-vsx-be-order.c   -Os  execution test
FAIL: gcc.dg/vmx/stl-vsx-be-order.c   -O2 -flto -fno-use-linker-plugin -flto-partition=none  execution test
FAIL: gcc.dg/vmx/stl-vsx-be-order.c   -O2 -flto -fuse-linker-plugin -fno-fat-lto-objects  execution test
FAIL: gcc.dg/vmx/stl-vsx.c   -O0  execution test
FAIL: gcc.dg/vmx/stl-vsx.c   -O1  execution test
FAIL: gcc.dg/vmx/stl-vsx.c   -O2  execution test
FAIL: gcc.dg/vmx/stl-vsx.c   -O3 -fomit-frame-pointer -funroll-loops -fpeel-loops -ftracer -finline-functions  execution test
FAIL: gcc.dg/vmx/stl-vsx.c   -O3 -g  execution test
FAIL: gcc.dg/vmx/stl-vsx.c   -Os  execution test
FAIL: gcc.dg/vmx/stl-vsx.c   -O2 -flto -fno-use-linker-plugin -flto-partition=none  execution test
FAIL: gcc.dg/vmx/stl-vsx.c   -O2 -flto -fuse-linker-plugin -fno-fat-lto-objects  execution test
Running /usr/ports/core-ppc/gcc/work/src/gcc-7.4.0/gcc/testsuite/gcc.dg/vxworks/vxworks.exp ...
Running /usr/ports/core-ppc/gcc/work/src/gcc-7.4.0/gcc/testsuite/gcc.dg/weak/weak.exp ...
Running /usr/ports/core-ppc/gcc/work/src/gcc-7.4.0/gcc/testsuite/gcc.misc-tests/acker1.exp ...
Running /usr/ports/core-ppc/gcc/work/src/gcc-7.4.0/gcc/testsuite/gcc.misc-tests/arm-isr.exp ...
Running /usr/ports/core-ppc/gcc/work/src/gcc-7.4.0/gcc/testsuite/gcc.misc-tests/bprob.exp ...
Running /usr/ports/core-ppc/gcc/work/src/gcc-7.4.0/gcc/testsuite/gcc.misc-tests/dectest.exp ...
Running /usr/ports/core-ppc/gcc/work/src/gcc-7.4.0/gcc/testsuite/gcc.misc-tests/dhry.exp ...
Running /usr/ports/core-ppc/gcc/work/src/gcc-7.4.0/gcc/testsuite/gcc.misc-tests/gcov.exp ...
Running /usr/ports/core-ppc/gcc/work/src/gcc-7.4.0/gcc/testsuite/gcc.misc-tests/godump.exp ...
Running /usr/ports/core-ppc/gcc/work/src/gcc-7.4.0/gcc/testsuite/gcc.misc-tests/help.exp ...
Running /usr/ports/core-ppc/gcc/work/src/gcc-7.4.0/gcc/testsuite/gcc.misc-tests/i386-prefetch.exp ...
Running /usr/ports/core-ppc/gcc/work/src/gcc-7.4.0/gcc/testsuite/gcc.misc-tests/linkage.exp ...
Running /usr/ports/core-ppc/gcc/work/src/gcc-7.4.0/gcc/testsuite/gcc.misc-tests/matrix1.exp ...
Running /usr/ports/core-ppc/gcc/work/src/gcc-7.4.0/gcc/testsuite/gcc.misc-tests/mg-2.exp ...
Running /usr/ports/core-ppc/gcc/work/src/gcc-7.4.0/gcc/testsuite/gcc.misc-tests/mg.exp ...
Running /usr/ports/core-ppc/gcc/work/src/gcc-7.4.0/gcc/testsuite/gcc.misc-tests/options.exp ...
Running /usr/ports/core-ppc/gcc/work/src/gcc-7.4.0/gcc/testsuite/gcc.misc-tests/output.exp ...
Running /usr/ports/core-ppc/gcc/work/src/gcc-7.4.0/gcc/testsuite/gcc.misc-tests/sieve.exp ...
Running /usr/ports/core-ppc/gcc/work/src/gcc-7.4.0/gcc/testsuite/gcc.misc-tests/sort2.exp ...
Running /usr/ports/core-ppc/gcc/work/src/gcc-7.4.0/gcc/testsuite/gcc.target/aarch64/aapcs64/aapcs64.exp ...
Running /usr/ports/core-ppc/gcc/work/src/gcc-7.4.0/gcc/testsuite/gcc.target/aarch64/aarch64.exp ...
Running /usr/ports/core-ppc/gcc/work/src/gcc-7.4.0/gcc/testsuite/gcc.target/aarch64/acle/acle.exp ...
Running /usr/ports/core-ppc/gcc/work/src/gcc-7.4.0/gcc/testsuite/gcc.target/aarch64/advsimd-intrinsics/advsimd-intrinsics.exp ...
Running /usr/ports/core-ppc/gcc/work/src/gcc-7.4.0/gcc/testsuite/gcc.target/aarch64/fp16/fp16.exp ...
Running /usr/ports/core-ppc/gcc/work/src/gcc-7.4.0/gcc/testsuite/gcc.target/aarch64/simd/simd.exp ...
Running /usr/ports/core-ppc/gcc/work/src/gcc-7.4.0/gcc/testsuite/gcc.target/alpha/alpha.exp ...
Running /usr/ports/core-ppc/gcc/work/src/gcc-7.4.0/gcc/testsuite/gcc.target/arc/arc.exp ...
Running /usr/ports/core-ppc/gcc/work/src/gcc-7.4.0/gcc/testsuite/gcc.target/arm/aapcs/aapcs.exp ...
Running /usr/ports/core-ppc/gcc/work/src/gcc-7.4.0/gcc/testsuite/gcc.target/arm/acle/acle.exp ...
Running /usr/ports/core-ppc/gcc/work/src/gcc-7.4.0/gcc/testsuite/gcc.target/arm/arm.exp ...
Running /usr/ports/core-ppc/gcc/work/src/gcc-7.4.0/gcc/testsuite/gcc.target/arm/cmse/cmse.exp ...
Running /usr/ports/core-ppc/gcc/work/src/gcc-7.4.0/gcc/testsuite/gcc.target/arm/lto/lto.exp ...
Running /usr/ports/core-ppc/gcc/work/src/gcc-7.4.0/gcc/testsuite/gcc.target/arm/pure-code/pure-code.exp ...
Running /usr/ports/core-ppc/gcc/work/src/gcc-7.4.0/gcc/testsuite/gcc.target/arm/simd/simd.exp ...
Running /usr/ports/core-ppc/gcc/work/src/gcc-7.4.0/gcc/testsuite/gcc.target/avr/avr.exp ...
Running /usr/ports/core-ppc/gcc/work/src/gcc-7.4.0/gcc/testsuite/gcc.target/avr/mmcu/avr-mmcu.exp ...
Running /usr/ports/core-ppc/gcc/work/src/gcc-7.4.0/gcc/testsuite/gcc.target/avr/torture/avr-torture.exp ...
Running /usr/ports/core-ppc/gcc/work/src/gcc-7.4.0/gcc/testsuite/gcc.target/bfin/bfin.exp ...
Running /usr/ports/core-ppc/gcc/work/src/gcc-7.4.0/gcc/testsuite/gcc.target/bfin/builtins/bfin-builtins.exp ...
Running /usr/ports/core-ppc/gcc/work/src/gcc-7.4.0/gcc/testsuite/gcc.target/cris/cris.exp ...
Running /usr/ports/core-ppc/gcc/work/src/gcc-7.4.0/gcc/testsuite/gcc.target/cris/torture/cris-torture.exp ...
Running /usr/ports/core-ppc/gcc/work/src/gcc-7.4.0/gcc/testsuite/gcc.target/epiphany/epiphany.exp ...
Running /usr/ports/core-ppc/gcc/work/src/gcc-7.4.0/gcc/testsuite/gcc.target/frv/frv.exp ...
Running /usr/ports/core-ppc/gcc/work/src/gcc-7.4.0/gcc/testsuite/gcc.target/h8300/h8300.exp ...
Running /usr/ports/core-ppc/gcc/work/src/gcc-7.4.0/gcc/testsuite/gcc.target/hppa/hppa.exp ...
Running /usr/ports/core-ppc/gcc/work/src/gcc-7.4.0/gcc/testsuite/gcc.target/i386/i386.exp ...
Running /usr/ports/core-ppc/gcc/work/src/gcc-7.4.0/gcc/testsuite/gcc.target/i386/iamcu/abi-iamcu.exp ...
Running /usr/ports/core-ppc/gcc/work/src/gcc-7.4.0/gcc/testsuite/gcc.target/i386/math-torture/math-torture.exp ...
Running /usr/ports/core-ppc/gcc/work/src/gcc-7.4.0/gcc/testsuite/gcc.target/i386/mpx/mpx.exp ...
Running /usr/ports/core-ppc/gcc/work/src/gcc-7.4.0/gcc/testsuite/gcc.target/i386/stackalign/stackalign.exp ...
Running /usr/ports/core-ppc/gcc/work/src/gcc-7.4.0/gcc/testsuite/gcc.target/ia64/ia64.exp ...
Running /usr/ports/core-ppc/gcc/work/src/gcc-7.4.0/gcc/testsuite/gcc.target/m68k/m68k.exp ...
Running /usr/ports/core-ppc/gcc/work/src/gcc-7.4.0/gcc/testsuite/gcc.target/microblaze/microblaze.exp ...
Running /usr/ports/core-ppc/gcc/work/src/gcc-7.4.0/gcc/testsuite/gcc.target/mips/inter/mips16-inter.exp ...
Running /usr/ports/core-ppc/gcc/work/src/gcc-7.4.0/gcc/testsuite/gcc.target/mips/mips-nonpic/mips-nonpic.exp ...
Running /usr/ports/core-ppc/gcc/work/src/gcc-7.4.0/gcc/testsuite/gcc.target/mips/mips.exp ...
Running /usr/ports/core-ppc/gcc/work/src/gcc-7.4.0/gcc/testsuite/gcc.target/msp430/msp430.exp ...
Running /usr/ports/core-ppc/gcc/work/src/gcc-7.4.0/gcc/testsuite/gcc.target/nds32/nds32.exp ...
Running /usr/ports/core-ppc/gcc/work/src/gcc-7.4.0/gcc/testsuite/gcc.target/nios2/nios2.exp ...
Running /usr/ports/core-ppc/gcc/work/src/gcc-7.4.0/gcc/testsuite/gcc.target/nvptx/nvptx.exp ...
Running /usr/ports/core-ppc/gcc/work/src/gcc-7.4.0/gcc/testsuite/gcc.target/powerpc/bfp/bfp.exp ...
Running /usr/ports/core-ppc/gcc/work/src/gcc-7.4.0/gcc/testsuite/gcc.target/powerpc/dfp/dfp.exp ...
Running /usr/ports/core-ppc/gcc/work/src/gcc-7.4.0/gcc/testsuite/gcc.target/powerpc/powerpc.exp ...
FAIL: gcc.target/powerpc/dfmode_off.c object-size text == 320
FAIL: gcc.target/powerpc/dimode_off.c object-size text <= 640
FAIL: gcc.target/powerpc/fold-vec-mule-misc.c execution test
FAIL: gcc.target/powerpc/fusion.c scan-assembler-times lwz 2
FAIL: gcc.target/powerpc/fusion3.c scan-assembler load fusion, type SF
FAIL: gcc.target/powerpc/fusion3.c scan-assembler load fusion, type DF
FAIL: gcc.target/powerpc/lhs-1.c scan-assembler-times nop 3
FAIL: gcc.target/powerpc/ppc-fpconv-9.c scan-assembler-not lwz
FAIL: gcc.target/powerpc/ppc-fpconv-9.c scan-assembler-not stw
FAIL: gcc.target/powerpc/pr17381.c scan-assembler-times fmr 1
FAIL: gcc.target/powerpc/pr46728-10.c execution test
FAIL: gcc.target/powerpc/pr46728-11.c execution test
FAIL: gcc.target/powerpc/pr46728-13.c execution test
FAIL: gcc.target/powerpc/pr46728-14.c execution test
FAIL: gcc.target/powerpc/pr48857.c scan-assembler-not lwz
FAIL: gcc.target/powerpc/pr48857.c scan-assembler-not stw
FAIL: gcc.target/powerpc/pr48857.c scan-assembler-not addi
FAIL: gcc.target/powerpc/pr54009.c scan-assembler-not [+]32768
FAIL: gcc.target/powerpc/pr55033.c (test for excess errors)
FAIL: gcc.target/powerpc/pr71310.c scan-assembler-not \\mlwz
FAIL: gcc.target/powerpc/pr71656-1.c (test for excess errors)
FAIL: gcc.target/powerpc/pr77687.c (test for excess errors)
FAIL: gcc.target/powerpc/pr84154-1.c scan-assembler-not \\mstw\\M
FAIL: gcc.target/powerpc/pr84154-2.c scan-assembler-not \\mstw\\M
FAIL: gcc.target/powerpc/pr84154-3.c scan-assembler-times \\maddi\\M 6
FAIL: gcc.target/powerpc/pr84154-3.c scan-assembler-not \\mstw\\M
FAIL: gcc.target/powerpc/pr85755.c scan-assembler-times \\mstwu\\M 2
FAIL: gcc.target/powerpc/rlwimi-0.c scan-assembler-times (?n)^\\s+[a-z] 16485
FAIL: gcc.target/powerpc/rlwimi-1.c scan-assembler-times (?n)^\\s+[a-z] 13977
FAIL: gcc.target/powerpc/rlwimi-2.c scan-assembler-times (?n)^\\s+[a-z] 14121
FAIL: gcc.target/powerpc/rlwinm-0.c scan-assembler-times (?n)^\\s+[a-z] 6739
FAIL: gcc.target/powerpc/rlwinm-1.c scan-assembler-times (?n)^\\s+[a-z] 6739
FAIL: gcc.target/powerpc/rlwinm-2.c scan-assembler-times (?n)^\\s+[a-z] 6739
FAIL: gcc.target/powerpc/savres.c (test for excess errors)
FAIL: gcc.target/powerpc/shift-int.c scan-assembler-times (?n)^\\s+[a-z] 16
FAIL: gcc.target/powerpc/shrink-wrap-separate-0.c scan-assembler #before\\M.*\\mmflr\\M
FAIL: gcc.target/powerpc/shrink-wrap-separate-1.c scan-assembler \\mmflr\\M.*\\mbl\\M.*\\mmflr\\M.*\\mbl\\M
FAIL: gcc.target/powerpc/shrink-wrap-separate-2.c scan-assembler \\mmflr\\M.*\\mbl\\M.*\\mmflr\\M.*\\mbl\\M
FAIL: gcc.target/powerpc/spe-small-data-2.c (test for excess errors)
FAIL: gcc.target/powerpc/tfmode_off.c object-size text == 544
FAIL: gcc.target/powerpc/savres.c  -Os  (test for excess errors)
FAIL: gcc.target/powerpc/savres.c  -O2  (test for excess errors)
FAIL: gcc.target/powerpc/savres.c  -Os -mno-multiple  (test for excess errors)
FAIL: gcc.target/powerpc/savres.c  -O2 -mno-multiple  (test for excess errors)
Running /usr/ports/core-ppc/gcc/work/src/gcc-7.4.0/gcc/testsuite/gcc.target/powerpc/ppc-fortran/ppc-fortran.exp ...
Running /usr/ports/core-ppc/gcc/work/src/gcc-7.4.0/gcc/testsuite/gcc.target/powerpc/vsu/vsu.exp ...
Running /usr/ports/core-ppc/gcc/work/src/gcc-7.4.0/gcc/testsuite/gcc.target/riscv/riscv.exp ...
Running /usr/ports/core-ppc/gcc/work/src/gcc-7.4.0/gcc/testsuite/gcc.target/rl78/rl78.exp ...
Running /usr/ports/core-ppc/gcc/work/src/gcc-7.4.0/gcc/testsuite/gcc.target/rx/rx.exp ...
Running /usr/ports/core-ppc/gcc/work/src/gcc-7.4.0/gcc/testsuite/gcc.target/s390/s390.exp ...
Running /usr/ports/core-ppc/gcc/work/src/gcc-7.4.0/gcc/testsuite/gcc.target/sh/sh.exp ...
Running /usr/ports/core-ppc/gcc/work/src/gcc-7.4.0/gcc/testsuite/gcc.target/sh/torture/sh-torture.exp ...
Running /usr/ports/core-ppc/gcc/work/src/gcc-7.4.0/gcc/testsuite/gcc.target/sparc/sparc.exp ...
Running /usr/ports/core-ppc/gcc/work/src/gcc-7.4.0/gcc/testsuite/gcc.target/spu/ea/ea.exp ...
Running /usr/ports/core-ppc/gcc/work/src/gcc-7.4.0/gcc/testsuite/gcc.target/spu/spu.exp ...
Running /usr/ports/core-ppc/gcc/work/src/gcc-7.4.0/gcc/testsuite/gcc.target/tic6x/builtins/c6x-builtins.exp ...
Running /usr/ports/core-ppc/gcc/work/src/gcc-7.4.0/gcc/testsuite/gcc.target/tic6x/tic6x.exp ...
Running /usr/ports/core-ppc/gcc/work/src/gcc-7.4.0/gcc/testsuite/gcc.target/vax/vax.exp ...
Running /usr/ports/core-ppc/gcc/work/src/gcc-7.4.0/gcc/testsuite/gcc.target/visium/visium.exp ...
Running /usr/ports/core-ppc/gcc/work/src/gcc-7.4.0/gcc/testsuite/gcc.target/x86_64/abi/abi-x86_64.exp ...
Running /usr/ports/core-ppc/gcc/work/src/gcc-7.4.0/gcc/testsuite/gcc.target/x86_64/abi/avx/abi-avx.exp ...
Running /usr/ports/core-ppc/gcc/work/src/gcc-7.4.0/gcc/testsuite/gcc.target/x86_64/abi/avx512f/abi-avx512f.exp ...
Running /usr/ports/core-ppc/gcc/work/src/gcc-7.4.0/gcc/testsuite/gcc.target/x86_64/abi/callabi/callabi.exp ...
Running /usr/ports/core-ppc/gcc/work/src/gcc-7.4.0/gcc/testsuite/gcc.target/xstormy16/xstormy16.exp ...
Running /usr/ports/core-ppc/gcc/work/src/gcc-7.4.0/gcc/testsuite/gcc.test-framework/test-framework.exp ...
skipping test framework tests, CHECK_TEST_FRAMEWORK is not defined

		=== gcc Summary ===

# of expected passes		107875
# of unexpected failures	225
# of unexpected successes	2
# of expected failures		322
# of unresolved testcases	8
# of unsupported tests		3062
/usr/ports/core-ppc/gcc/work/src/build/gcc/xgcc  version 7.4.0 (CRUX-PPC) 

make[3]: Leaving directory '/usr/ports/core-ppc/gcc/work/src/build/gcc'
rm -rf testsuite/g++-parallel
make[3]: Entering directory '/usr/ports/core-ppc/gcc/work/src/build/gcc'
(rootme=`${PWDCMD-pwd}`; export rootme; \
srcdir=`cd ../../gcc-7.4.0/gcc; ${PWDCMD-pwd}` ; export srcdir ; \
if [ -n "" ] \
   && [ -n "$GCC_RUNTEST_PARALLELIZE_DIR" ] \
   && [ -f testsuite/g++-parallel/finished ]; then \
  rm -rf testsuite/g++; \
else \
  cd testsuite/g++; \
  rm -f tmp-site.exp; \
  sed '/set tmpdir/ s|testsuite$|testsuite/g++|' \
	< ../../site.exp > tmp-site.exp; \
  /bin/sh ${srcdir}/../move-if-change tmp-site.exp site.exp; \
  EXPECT=`if [ -f ${rootme}/../expect/expect ] ; then echo ${rootme}/../expect/expect ; else echo expect ; fi` ; export EXPECT ; \
  if [ -f ${rootme}/../expect/expect ] ; then  \
    TCL_LIBRARY=`cd .. ; cd ${srcdir}/../tcl/library ; ${PWDCMD-pwd}` ; \
    export TCL_LIBRARY ; \
  fi ; \
  `if [ -f ${srcdir}/../dejagnu/runtest ] ; then echo ${srcdir}/../dejagnu/runtest ; else echo runtest; fi` --tool g++ ; \
  if [ -n "$GCC_RUNTEST_PARALLELIZE_DIR" ] ; then \
    touch ${rootme}/testsuite/g++-parallel/finished; \
  fi ; \
fi )
WARNING: Couldn't find the global config file.
Test run by nobody on Tue Jan 22 00:34:29 2019
Native configuration is powerpc-unknown-linux-gnu

		=== g++ tests ===

Schedule of variations:
    unix

Running target unix
Using /usr/share/dejagnu/baseboards/unix.exp as board description file for target.
Using /usr/share/dejagnu/config/unix.exp as generic interface file for target.
Using /usr/ports/core-ppc/gcc/work/src/gcc-7.4.0/gcc/testsuite/config/default.exp as tool-and-target-specific interface file.
Running /usr/ports/core-ppc/gcc/work/src/gcc-7.4.0/gcc/testsuite/g++.dg/asan/asan.exp ...
FAIL: c-c++-common/asan/heap-overflow-1.c   -O1  output pattern test
FAIL: c-c++-common/asan/heap-overflow-1.c   -O2  output pattern test
FAIL: c-c++-common/asan/heap-overflow-1.c   -O3 -g  output pattern test
FAIL: c-c++-common/asan/heap-overflow-1.c   -Os  output pattern test
FAIL: c-c++-common/asan/heap-overflow-1.c   -O2 -flto -fno-use-linker-plugin -flto-partition=none  output pattern test
FAIL: c-c++-common/asan/heap-overflow-1.c   -O2 -flto -fuse-linker-plugin -fno-fat-lto-objects  output pattern test
FAIL: c-c++-common/asan/null-deref-1.c   -O2  output pattern test
FAIL: c-c++-common/asan/null-deref-1.c   -O3 -g  output pattern test
FAIL: c-c++-common/asan/null-deref-1.c   -O2 -flto -fno-use-linker-plugin -flto-partition=none  output pattern test
FAIL: c-c++-common/asan/null-deref-1.c   -O2 -flto -fuse-linker-plugin -fno-fat-lto-objects  output pattern test
FAIL: c-c++-common/asan/pr70541.c   -O0  output pattern test
FAIL: c-c++-common/asan/sanity-check-pure-c-1.c   -O0  output pattern test
FAIL: c-c++-common/asan/sanity-check-pure-c-1.c   -O1  output pattern test
FAIL: c-c++-common/asan/sanity-check-pure-c-1.c   -O2  output pattern test
FAIL: c-c++-common/asan/sanity-check-pure-c-1.c   -O3 -g  output pattern test
FAIL: c-c++-common/asan/sanity-check-pure-c-1.c   -Os  output pattern test
FAIL: c-c++-common/asan/sanity-check-pure-c-1.c   -O2 -flto -fno-use-linker-plugin -flto-partition=none  output pattern test
FAIL: c-c++-common/asan/sanity-check-pure-c-1.c   -O2 -flto -fuse-linker-plugin -fno-fat-lto-objects  output pattern test
FAIL: c-c++-common/asan/strncpy-overflow-1.c   -O1  output pattern test
FAIL: c-c++-common/asan/strncpy-overflow-1.c   -O2  output pattern test
FAIL: c-c++-common/asan/strncpy-overflow-1.c   -O3 -g  output pattern test
FAIL: c-c++-common/asan/strncpy-overflow-1.c   -Os  output pattern test
FAIL: c-c++-common/asan/strncpy-overflow-1.c   -O2 -flto -fno-use-linker-plugin -flto-partition=none  output pattern test
FAIL: c-c++-common/asan/strncpy-overflow-1.c   -O2 -flto -fuse-linker-plugin -fno-fat-lto-objects  output pattern test
FAIL: c-c++-common/asan/use-after-free-1.c   -O0  output pattern test
FAIL: c-c++-common/asan/use-after-free-1.c   -O1  output pattern test
FAIL: c-c++-common/asan/use-after-free-1.c   -O2  output pattern test
FAIL: c-c++-common/asan/use-after-free-1.c   -O3 -g  output pattern test
FAIL: c-c++-common/asan/use-after-free-1.c   -Os  output pattern test
FAIL: c-c++-common/asan/use-after-free-1.c   -O2 -flto -fno-use-linker-plugin -flto-partition=none  output pattern test
FAIL: c-c++-common/asan/use-after-free-1.c   -O2 -flto -fuse-linker-plugin -fno-fat-lto-objects  output pattern test
FAIL: g++.dg/asan/asan_test.C   -O2  AddressSanitizer_SimpleStackTest A[kSize] = 0 output pattern test
FAIL: g++.dg/asan/asan_test.C   -O2  AddressSanitizer_SimpleStackTest A[kSize + 1] = 0 output pattern test
FAIL: g++.dg/asan/asan_test.C   -O2  AddressSanitizer_SimpleStackTest A[kSize + 5] = 0 output pattern test
FAIL: g++.dg/asan/asan_test.C   -O2  AddressSanitizer_SimpleStackTest A[kSize + 31] = 0 execution test
FAIL: g++.dg/asan/asan_test.C   -O2  AddressSanitizer_SimpleStackTest A[kSize + 31] = 0 execution test
FAIL: g++.dg/asan/asan_test.C   -O2  AddressSanitizer_SimpleStackTest A[kSize + 31] = 0 execution test
FAIL: g++.dg/asan/asan_test.C   -O2  AddressSanitizer_SimpleStackTest A[kSize + 31] = 0 execution test
FAIL: g++.dg/asan/deep-stack-uaf-1.C   -O0  output pattern test
FAIL: g++.dg/asan/deep-stack-uaf-1.C   -O1  output pattern test
FAIL: g++.dg/asan/deep-stack-uaf-1.C   -O2  output pattern test
FAIL: g++.dg/asan/deep-stack-uaf-1.C   -O3 -g  output pattern test
FAIL: g++.dg/asan/deep-stack-uaf-1.C   -Os  output pattern test
Running /usr/ports/core-ppc/gcc/work/src/gcc-7.4.0/gcc/testsuite/g++.dg/bprob/bprob.exp ...
Running /usr/ports/core-ppc/gcc/work/src/gcc-7.4.0/gcc/testsuite/g++.dg/charset/charset.exp ...
Running /usr/ports/core-ppc/gcc/work/src/gcc-7.4.0/gcc/testsuite/g++.dg/cilk-plus/cilk-plus.exp ...
Running /usr/ports/core-ppc/gcc/work/src/gcc-7.4.0/gcc/testsuite/g++.dg/compat/compat.exp ...
Running /usr/ports/core-ppc/gcc/work/src/gcc-7.4.0/gcc/testsuite/g++.dg/compat/struct-layout-1.exp ...
Running /usr/ports/core-ppc/gcc/work/src/gcc-7.4.0/gcc/testsuite/g++.dg/debug/debug.exp ...
Running /usr/ports/core-ppc/gcc/work/src/gcc-7.4.0/gcc/testsuite/g++.dg/debug/dwarf2/dwarf2.exp ...
Running /usr/ports/core-ppc/gcc/work/src/gcc-7.4.0/gcc/testsuite/g++.dg/dfp/dfp.exp ...
Running /usr/ports/core-ppc/gcc/work/src/gcc-7.4.0/gcc/testsuite/g++.dg/dg.exp ...
Running /usr/ports/core-ppc/gcc/work/src/gcc-7.4.0/gcc/testsuite/g++.dg/gcov/gcov.exp ...
Running /usr/ports/core-ppc/gcc/work/src/gcc-7.4.0/gcc/testsuite/g++.dg/goacc-gomp/goacc-gomp.exp ...
Running /usr/ports/core-ppc/gcc/work/src/gcc-7.4.0/gcc/testsuite/g++.dg/goacc/goacc.exp ...
Running /usr/ports/core-ppc/gcc/work/src/gcc-7.4.0/gcc/testsuite/g++.dg/gomp/gomp.exp ...
Running /usr/ports/core-ppc/gcc/work/src/gcc-7.4.0/gcc/testsuite/g++.dg/graphite/graphite.exp ...
Running /usr/ports/core-ppc/gcc/work/src/gcc-7.4.0/gcc/testsuite/g++.dg/guality/guality.exp ...
Running /usr/ports/core-ppc/gcc/work/src/gcc-7.4.0/gcc/testsuite/g++.dg/lto/lto.exp ...
Running /usr/ports/core-ppc/gcc/work/src/gcc-7.4.0/gcc/testsuite/g++.dg/pch/pch.exp ...
Running /usr/ports/core-ppc/gcc/work/src/gcc-7.4.0/gcc/testsuite/g++.dg/plugin/plugin.exp ...
Running /usr/ports/core-ppc/gcc/work/src/gcc-7.4.0/gcc/testsuite/g++.dg/simulate-thread/simulate-thread.exp ...
Running /usr/ports/core-ppc/gcc/work/src/gcc-7.4.0/gcc/testsuite/g++.dg/special/ecos.exp ...
Running /usr/ports/core-ppc/gcc/work/src/gcc-7.4.0/gcc/testsuite/g++.dg/tls/tls.exp ...
Running /usr/ports/core-ppc/gcc/work/src/gcc-7.4.0/gcc/testsuite/g++.dg/tm/tm.exp ...
Running /usr/ports/core-ppc/gcc/work/src/gcc-7.4.0/gcc/testsuite/g++.dg/torture/dg-torture.exp ...
Running /usr/ports/core-ppc/gcc/work/src/gcc-7.4.0/gcc/testsuite/g++.dg/torture/stackalign/stackalign.exp ...
Running /usr/ports/core-ppc/gcc/work/src/gcc-7.4.0/gcc/testsuite/g++.dg/tree-prof/tree-prof.exp ...
Running /usr/ports/core-ppc/gcc/work/src/gcc-7.4.0/gcc/testsuite/g++.dg/tsan/tsan.exp ...
Running /usr/ports/core-ppc/gcc/work/src/gcc-7.4.0/gcc/testsuite/g++.dg/ubsan/ubsan.exp ...
Running /usr/ports/core-ppc/gcc/work/src/gcc-7.4.0/gcc/testsuite/g++.dg/vect/vect.exp ...
Running /usr/ports/core-ppc/gcc/work/src/gcc-7.4.0/gcc/testsuite/g++.old-deja/old-deja.exp ...

		=== g++ Summary ===

# of expected passes		109184
# of unexpected failures	43
# of expected failures		383
# of unsupported tests		4901
/usr/ports/core-ppc/gcc/work/src/build/gcc/xg++  version 7.4.0 (CRUX-PPC) 

make[3]: Leaving directory '/usr/ports/core-ppc/gcc/work/src/build/gcc'
rm -rf testsuite/objc-parallel
make[3]: Entering directory '/usr/ports/core-ppc/gcc/work/src/build/gcc'
(rootme=`${PWDCMD-pwd}`; export rootme; \
srcdir=`cd ../../gcc-7.4.0/gcc; ${PWDCMD-pwd}` ; export srcdir ; \
if [ -n "" ] \
   && [ -n "$GCC_RUNTEST_PARALLELIZE_DIR" ] \
   && [ -f testsuite/objc-parallel/finished ]; then \
  rm -rf testsuite/objc; \
else \
  cd testsuite/objc; \
  rm -f tmp-site.exp; \
  sed '/set tmpdir/ s|testsuite$|testsuite/objc|' \
	< ../../site.exp > tmp-site.exp; \
  /bin/sh ${srcdir}/../move-if-change tmp-site.exp site.exp; \
  EXPECT=`if [ -f ${rootme}/../expect/expect ] ; then echo ${rootme}/../expect/expect ; else echo expect ; fi` ; export EXPECT ; \
  if [ -f ${rootme}/../expect/expect ] ; then  \
    TCL_LIBRARY=`cd .. ; cd ${srcdir}/../tcl/library ; ${PWDCMD-pwd}` ; \
    export TCL_LIBRARY ; \
  fi ; \
  `if [ -f ${srcdir}/../dejagnu/runtest ] ; then echo ${srcdir}/../dejagnu/runtest ; else echo runtest; fi` --tool objc ; \
  if [ -n "$GCC_RUNTEST_PARALLELIZE_DIR" ] ; then \
    touch ${rootme}/testsuite/objc-parallel/finished; \
  fi ; \
fi )
WARNING: Couldn't find the global config file.
Test run by nobody on Tue Jan 22 04:04:00 2019
Native configuration is powerpc-unknown-linux-gnu

		=== objc tests ===

Schedule of variations:
    unix

Running target unix
Using /usr/share/dejagnu/baseboards/unix.exp as board description file for target.
Using /usr/share/dejagnu/config/unix.exp as generic interface file for target.
Using /usr/ports/core-ppc/gcc/work/src/gcc-7.4.0/gcc/testsuite/config/default.exp as tool-and-target-specific interface file.
Running /usr/ports/core-ppc/gcc/work/src/gcc-7.4.0/gcc/testsuite/objc/compile/compile.exp ...
Running /usr/ports/core-ppc/gcc/work/src/gcc-7.4.0/gcc/testsuite/objc/execute/exceptions/exceptions.exp ...
Running /usr/ports/core-ppc/gcc/work/src/gcc-7.4.0/gcc/testsuite/objc/execute/execute.exp ...
Running /usr/ports/core-ppc/gcc/work/src/gcc-7.4.0/gcc/testsuite/objc.dg/attributes/attributes.exp ...
Running /usr/ports/core-ppc/gcc/work/src/gcc-7.4.0/gcc/testsuite/objc.dg/dg.exp ...
Running /usr/ports/core-ppc/gcc/work/src/gcc-7.4.0/gcc/testsuite/objc.dg/gnu-encoding/gnu-encoding.exp ...
Running /usr/ports/core-ppc/gcc/work/src/gcc-7.4.0/gcc/testsuite/objc.dg/lto/lto.exp ...
Running /usr/ports/core-ppc/gcc/work/src/gcc-7.4.0/gcc/testsuite/objc.dg/pch/pch.exp ...
Running /usr/ports/core-ppc/gcc/work/src/gcc-7.4.0/gcc/testsuite/objc.dg/plugin/plugin.exp ...
Running /usr/ports/core-ppc/gcc/work/src/gcc-7.4.0/gcc/testsuite/objc.dg/property/property.exp ...
Running /usr/ports/core-ppc/gcc/work/src/gcc-7.4.0/gcc/testsuite/objc.dg/special/special.exp ...
Running /usr/ports/core-ppc/gcc/work/src/gcc-7.4.0/gcc/testsuite/objc.dg/strings/strings.exp ...
Running /usr/ports/core-ppc/gcc/work/src/gcc-7.4.0/gcc/testsuite/objc.dg/tls/tls.exp ...
Running /usr/ports/core-ppc/gcc/work/src/gcc-7.4.0/gcc/testsuite/objc.dg/torture/dg-torture.exp ...
Running /usr/ports/core-ppc/gcc/work/src/gcc-7.4.0/gcc/testsuite/objc.dg/torture/strings/strings.exp ...
Running /usr/ports/core-ppc/gcc/work/src/gcc-7.4.0/gcc/testsuite/objc.dg/torture/tls/tls.exp ...

		=== objc Summary ===

# of expected passes		2803
# of unsupported tests		68
/usr/ports/core-ppc/gcc/work/src/build/gcc/xgcc  version 7.4.0 (CRUX-PPC) 

make[3]: Leaving directory '/usr/ports/core-ppc/gcc/work/src/build/gcc'
make[2]: Leaving directory '/usr/ports/core-ppc/gcc/work/src/build/gcc'
make[2]: Entering directory '/usr/ports/core-ppc/gcc/work/src/build/intl'
make[2]: Nothing to be done for 'check'.
make[2]: Leaving directory '/usr/ports/core-ppc/gcc/work/src/build/intl'
make[2]: Entering directory '/usr/ports/core-ppc/gcc/work/src/build/libbacktrace'
true  DO=all multi-do # make
make  btest stest
make[3]: Entering directory '/usr/ports/core-ppc/gcc/work/src/build/libbacktrace'
gcc -DHAVE_CONFIG_H -I. -I../../gcc-7.4.0/libbacktrace  -I ../../gcc-7.4.0/libbacktrace/../include -I ../../gcc-7.4.0/libbacktrace/../libgcc -I ../libgcc  -funwind-tables -frandom-seed=btest-btest.o -W -Wall -Wwrite-strings -Wstrict-prototypes -Wmissing-prototypes -Wold-style-definition -Wmissing-format-attribute -Wcast-qual  -g -O -O2 -pipe -mcpu=powerpc -mtune=750 -msecure-plt -c -o btest-btest.o `test -f 'btest.c' || echo '../../gcc-7.4.0/libbacktrace/'`btest.c
/bin/sh ./libtool --tag=CC   --mode=link gcc -funwind-tables -frandom-seed=btest -W -Wall -Wwrite-strings -Wstrict-prototypes -Wmissing-prototypes -Wold-style-definition -Wmissing-format-attribute -Wcast-qual  -g -O -O2 -pipe -mcpu=powerpc -mtune=750 -msecure-plt   -o btest btest-btest.o libbacktrace.la 
libtool: link: gcc -funwind-tables -frandom-seed=btest -W -Wall -Wwrite-strings -Wstrict-prototypes -Wmissing-prototypes -Wold-style-definition -Wmissing-format-attribute -Wcast-qual -g -O -O2 -pipe -mcpu=powerpc -mtune=750 -msecure-plt -o btest btest-btest.o  ./.libs/libbacktrace.a
gcc -DHAVE_CONFIG_H -I. -I../../gcc-7.4.0/libbacktrace  -I ../../gcc-7.4.0/libbacktrace/../include -I ../../gcc-7.4.0/libbacktrace/../libgcc -I ../libgcc  -funwind-tables -frandom-seed=stest.o -W -Wall -Wwrite-strings -Wstrict-prototypes -Wmissing-prototypes -Wold-style-definition -Wmissing-format-attribute -Wcast-qual  -O2 -pipe -mcpu=powerpc -mtune=750 -msecure-plt -c ../../gcc-7.4.0/libbacktrace/stest.c
/bin/sh ./libtool --tag=CC   --mode=link gcc -funwind-tables -frandom-seed=stest -W -Wall -Wwrite-strings -Wstrict-prototypes -Wmissing-prototypes -Wold-style-definition -Wmissing-format-attribute -Wcast-qual  -O2 -pipe -mcpu=powerpc -mtune=750 -msecure-plt   -o stest stest.o libbacktrace.la 
libtool: link: gcc -funwind-tables -frandom-seed=stest -W -Wall -Wwrite-strings -Wstrict-prototypes -Wmissing-prototypes -Wold-style-definition -Wmissing-format-attribute -Wcast-qual -O2 -pipe -mcpu=powerpc -mtune=750 -msecure-plt -o stest stest.o  ./.libs/libbacktrace.a
make[3]: Leaving directory '/usr/ports/core-ppc/gcc/work/src/build/libbacktrace'
make  check-TESTS
make[3]: Entering directory '/usr/ports/core-ppc/gcc/work/src/build/libbacktrace'
PASS: backtrace_full noinline
PASS: backtrace_full inline
PASS: backtrace_simple noinline
PASS: backtrace_simple inline
PASS: backtrace_syminfo variable
PASS: btest
PASS: stest
==================
All 2 tests passed
==================
make[3]: Leaving directory '/usr/ports/core-ppc/gcc/work/src/build/libbacktrace'
make[2]: Leaving directory '/usr/ports/core-ppc/gcc/work/src/build/libbacktrace'
make[2]: Entering directory '/usr/ports/core-ppc/gcc/work/src/build/libcpp'
make[2]: Nothing to be done for 'check'.
make[2]: Leaving directory '/usr/ports/core-ppc/gcc/work/src/build/libcpp'
make[2]: Entering directory '/usr/ports/core-ppc/gcc/work/src/build/libdecnumber'
make[2]: Nothing to be done for 'check'.
make[2]: Leaving directory '/usr/ports/core-ppc/gcc/work/src/build/libdecnumber'
make[2]: Entering directory '/usr/ports/core-ppc/gcc/work/src/build/libiberty'
make[3]: Entering directory '/usr/ports/core-ppc/gcc/work/src/build/libiberty/testsuite'
gcc -DHAVE_CONFIG_H -O2 -pipe -mcpu=powerpc -mtune=750 -msecure-plt  -I.. -I../../../gcc-7.4.0/libiberty/testsuite/../../include  -o test-demangle \
	../../../gcc-7.4.0/libiberty/testsuite/test-demangle.c ../libiberty.a
./test-demangle < ../../../gcc-7.4.0/libiberty/testsuite/demangle-expected
./test-demangle: 986 tests, 0 failures
./test-demangle < ../../../gcc-7.4.0/libiberty/testsuite/d-demangle-expected
./test-demangle: 269 tests, 0 failures
./test-demangle < ../../../gcc-7.4.0/libiberty/testsuite/rust-demangle-expected
./test-demangle: 36 tests, 0 failures
gcc -DHAVE_CONFIG_H -O2 -pipe -mcpu=powerpc -mtune=750 -msecure-plt  -I.. -I../../../gcc-7.4.0/libiberty/testsuite/../../include  -DHAVE_CONFIG_H -I.. -o test-pexecute \
	../../../gcc-7.4.0/libiberty/testsuite/test-pexecute.c ../libiberty.a
./test-pexecute
gcc -DHAVE_CONFIG_H -O2 -pipe -mcpu=powerpc -mtune=750 -msecure-plt  -I.. -I../../../gcc-7.4.0/libiberty/testsuite/../../include  -DHAVE_CONFIG_H -I.. -o test-expandargv \
	../../../gcc-7.4.0/libiberty/testsuite/test-expandargv.c ../libiberty.a
./test-expandargv
PASS: test-expandargv-0.
PASS: test-expandargv-1.
PASS: test-expandargv-2.
PASS: test-expandargv-3.
PASS: test-expandargv-4.
PASS: test-expandargv-5.
PASS: test-expandargv-6.
gcc -DHAVE_CONFIG_H -O2 -pipe -mcpu=powerpc -mtune=750 -msecure-plt  -I.. -I../../../gcc-7.4.0/libiberty/testsuite/../../include  -DHAVE_CONFIG_H -I.. -o test-strtol \
	../../../gcc-7.4.0/libiberty/testsuite/test-strtol.c ../libiberty.a
./test-strtol
PASS: test-strtol-0.
PASS: test-strtol-1.
PASS: test-strtol-2.
PASS: test-strtol-3.
PASS: test-strtol-4.
PASS: test-strtol-5.
PASS: test-strtol-6.
PASS: test-strtol-7.
PASS: test-strtol-8.
PASS: test-strtol-9.
PASS: test-strtol-10.
PASS: test-strtol-11.
PASS: test-strtol-12.
PASS: test-strtol-13.
PASS: test-strtol-14.
PASS: test-strtol-15.
PASS: test-strtol-16.
PASS: test-strtol-17.
PASS: test-strtol-18.
PASS: test-strtol-19.
PASS: test-strtol-20.
PASS: test-strtol-21.
PASS: test-strtol-22.
PASS: test-strtol-23.
make[3]: Leaving directory '/usr/ports/core-ppc/gcc/work/src/build/libiberty/testsuite'
make[2]: Leaving directory '/usr/ports/core-ppc/gcc/work/src/build/libiberty'
make[2]: Entering directory '/usr/ports/core-ppc/gcc/work/src/build/lto-plugin'
make[2]: Leaving directory '/usr/ports/core-ppc/gcc/work/src/build/lto-plugin'
make[2]: Entering directory '/usr/ports/core-ppc/gcc/work/src/build/libcc1'
make  check-am
make[3]: Entering directory '/usr/ports/core-ppc/gcc/work/src/build/libcc1'
make[3]: Leaving directory '/usr/ports/core-ppc/gcc/work/src/build/libcc1'
make[2]: Leaving directory '/usr/ports/core-ppc/gcc/work/src/build/libcc1'
make[2]: Entering directory '/usr/ports/core-ppc/gcc/work/src/build/powerpc-unknown-linux-gnu/libstdc++-v3'
Making check in include
make[3]: Entering directory '/usr/ports/core-ppc/gcc/work/src/build/powerpc-unknown-linux-gnu/libstdc++-v3/include'
make[3]: Nothing to be done for 'check'.
make[3]: Leaving directory '/usr/ports/core-ppc/gcc/work/src/build/powerpc-unknown-linux-gnu/libstdc++-v3/include'
Making check in libsupc++
make[3]: Entering directory '/usr/ports/core-ppc/gcc/work/src/build/powerpc-unknown-linux-gnu/libstdc++-v3/libsupc++'
make[3]: Nothing to be done for 'check'.
make[3]: Leaving directory '/usr/ports/core-ppc/gcc/work/src/build/powerpc-unknown-linux-gnu/libstdc++-v3/libsupc++'
Making check in src
make[3]: Entering directory '/usr/ports/core-ppc/gcc/work/src/build/powerpc-unknown-linux-gnu/libstdc++-v3/src'
Making check in c++98
make[4]: Entering directory '/usr/ports/core-ppc/gcc/work/src/build/powerpc-unknown-linux-gnu/libstdc++-v3/src/c++98'
make[4]: Nothing to be done for 'check'.
make[4]: Leaving directory '/usr/ports/core-ppc/gcc/work/src/build/powerpc-unknown-linux-gnu/libstdc++-v3/src/c++98'
Making check in c++11
make[4]: Entering directory '/usr/ports/core-ppc/gcc/work/src/build/powerpc-unknown-linux-gnu/libstdc++-v3/src/c++11'
make[4]: Nothing to be done for 'check'.
make[4]: Leaving directory '/usr/ports/core-ppc/gcc/work/src/build/powerpc-unknown-linux-gnu/libstdc++-v3/src/c++11'
Making check in filesystem
make[4]: Entering directory '/usr/ports/core-ppc/gcc/work/src/build/powerpc-unknown-linux-gnu/libstdc++-v3/src/filesystem'
make[4]: Nothing to be done for 'check'.
make[4]: Leaving directory '/usr/ports/core-ppc/gcc/work/src/build/powerpc-unknown-linux-gnu/libstdc++-v3/src/filesystem'
make[4]: Entering directory '/usr/ports/core-ppc/gcc/work/src/build/powerpc-unknown-linux-gnu/libstdc++-v3/src'
make[4]: Nothing to be done for 'check-am'.
make[4]: Leaving directory '/usr/ports/core-ppc/gcc/work/src/build/powerpc-unknown-linux-gnu/libstdc++-v3/src'
make[3]: Leaving directory '/usr/ports/core-ppc/gcc/work/src/build/powerpc-unknown-linux-gnu/libstdc++-v3/src'
Making check in doc
make[3]: Entering directory '/usr/ports/core-ppc/gcc/work/src/build/powerpc-unknown-linux-gnu/libstdc++-v3/doc'
make[3]: Nothing to be done for 'check'.
make[3]: Leaving directory '/usr/ports/core-ppc/gcc/work/src/build/powerpc-unknown-linux-gnu/libstdc++-v3/doc'
Making check in po
make[3]: Entering directory '/usr/ports/core-ppc/gcc/work/src/build/powerpc-unknown-linux-gnu/libstdc++-v3/po'
make[3]: Nothing to be done for 'check'.
make[3]: Leaving directory '/usr/ports/core-ppc/gcc/work/src/build/powerpc-unknown-linux-gnu/libstdc++-v3/po'
Making check in testsuite
make[3]: Entering directory '/usr/ports/core-ppc/gcc/work/src/build/powerpc-unknown-linux-gnu/libstdc++-v3/testsuite'
make  check-DEJAGNU
make[4]: Entering directory '/usr/ports/core-ppc/gcc/work/src/build/powerpc-unknown-linux-gnu/libstdc++-v3/testsuite'
Making a new site.exp file...
AR="ar"; export AR; \
RANLIB="ranlib"; export RANLIB; \
if [ -z "" ] && [ -n "" ]; then \
  rm -rf normal-parallel || true; \
  mkdir normal-parallel; \
  make  check-DEJAGNUnormal1 check-DEJAGNUnormal2 check-DEJAGNUnormal3 check-DEJAGNUnormal4 check-DEJAGNUnormal5 check-DEJAGNUnormal6 check-DEJAGNUnormal7 check-DEJAGNUnormal8 check-DEJAGNUnormal9 check-DEJAGNUnormal10 check-DEJAGNUnormal11 check-DEJAGNUnormal12 check-DEJAGNUnormal13 check-DEJAGNUnormal14 check-DEJAGNUnormal15 check-DEJAGNUnormal16 check-DEJAGNUnormal17 check-DEJAGNUnormal18 check-DEJAGNUnormal19 check-DEJAGNUnormal20 check-DEJAGNUnormal21 check-DEJAGNUnormal22 check-DEJAGNUnormal23 check-DEJAGNUnormal24 check-DEJAGNUnormal25 check-DEJAGNUnormal26 check-DEJAGNUnormal27 check-DEJAGNUnormal28 check-DEJAGNUnormal29 check-DEJAGNUnormal30 check-DEJAGNUnormal31 check-DEJAGNUnormal32 check-DEJAGNUnormal33 check-DEJAGNUnormal34 check-DEJAGNUnormal35 check-DEJAGNUnormal36 check-DEJAGNUnormal37 check-DEJAGNUnormal38 check-DEJAGNUnormal39 check-DEJAGNUnormal40 check-DEJAGNUnormal41 check-DEJAGNUnormal42 check-DEJAGNUnormal43 check-DEJAGNUnormal44 check-DEJAGNUnormal45 check-DEJAGNUnormal46 check-DEJAGNUnormal47 check-DEJAGNUnormal48 check-DEJAGNUnormal49 check-DEJAGNUnormal50 check-DEJAGNUnormal51 check-DEJAGNUnormal52 check-DEJAGNUnormal53 check-DEJAGNUnormal54 check-DEJAGNUnormal55 check-DEJAGNUnormal56 check-DEJAGNUnormal57 check-DEJAGNUnormal58 check-DEJAGNUnormal59 check-DEJAGNUnormal60 check-DEJAGNUnormal61 check-DEJAGNUnormal62 check-DEJAGNUnormal63 check-DEJAGNUnormal64 check-DEJAGNUnormal65 check-DEJAGNUnormal66 check-DEJAGNUnormal67 check-DEJAGNUnormal68 check-DEJAGNUnormal69 check-DEJAGNUnormal70 check-DEJAGNUnormal71 check-DEJAGNUnormal72 check-DEJAGNUnormal73 check-DEJAGNUnormal74 check-DEJAGNUnormal75 check-DEJAGNUnormal76 check-DEJAGNUnormal77 check-DEJAGNUnormal78 check-DEJAGNUnormal79 check-DEJAGNUnormal80 check-DEJAGNUnormal81 check-DEJAGNUnormal82 check-DEJAGNUnormal83 check-DEJAGNUnormal84 check-DEJAGNUnormal85 check-DEJAGNUnormal86 check-DEJAGNUnormal87 check-DEJAGNUnormal88 check-DEJAGNUnormal89 check-DEJAGNUnormal90 check-DEJAGNUnormal91 check-DEJAGNUnormal92 check-DEJAGNUnormal93 check-DEJAGNUnormal94 check-DEJAGNUnormal95 check-DEJAGNUnormal96 check-DEJAGNUnormal97 check-DEJAGNUnormal98 check-DEJAGNUnormal99 check-DEJAGNUnormal100 check-DEJAGNUnormal101 check-DEJAGNUnormal102 check-DEJAGNUnormal103 check-DEJAGNUnormal104 check-DEJAGNUnormal105 check-DEJAGNUnormal106 check-DEJAGNUnormal107 check-DEJAGNUnormal108 check-DEJAGNUnormal109 check-DEJAGNUnormal110 check-DEJAGNUnormal111 check-DEJAGNUnormal112 check-DEJAGNUnormal113 check-DEJAGNUnormal114 check-DEJAGNUnormal115 check-DEJAGNUnormal116 check-DEJAGNUnormal117 check-DEJAGNUnormal118 check-DEJAGNUnormal119 check-DEJAGNUnormal120 check-DEJAGNUnormal121 check-DEJAGNUnormal122 check-DEJAGNUnormal123 check-DEJAGNUnormal124 check-DEJAGNUnormal125 check-DEJAGNUnormal126 check-DEJAGNUnormal127 check-DEJAGNUnormal128; \
  rm -rf normal-parallel || true; \
  for idx in 1 2 3 4 5 6 7 8 9 10 11 12 13 14 15 16 17 18 19 20 21 22 23 24 25 26 27 28 29 30 31 32 33 34 35 36 37 38 39 40 41 42 43 44 45 46 47 48 49 50 51 52 53 54 55 56 57 58 59 60 61 62 63 64 65 66 67 68 69 70 71 72 73 74 75 76 77 78 79 80 81 82 83 84 85 86 87 88 89 90 91 92 93 94 95 96 97 98 99 100 101 102 103 104 105 106 107 108 109 110 111 112 113 114 115 116 117 118 119 120 121 122 123 124 125 126 127 128; do \
    if [ -d normal$idx ]; then \
      mv -f normal$idx/libstdc++.sum normal$idx/libstdc++.sum.sep; \
      mv -f normal$idx/libstdc++.log normal$idx/libstdc++.log.sep; \
    fi; \
  done; \
  /bin/sh ../../../../gcc-7.4.0/libstdc++-v3/testsuite/../../contrib/dg-extract-results.sh \
    normal[0-9]*/libstdc++.sum.sep > libstdc++.sum; \
  /bin/sh ../../../../gcc-7.4.0/libstdc++-v3/testsuite/../../contrib/dg-extract-results.sh -L \
    normal[0-9]*/libstdc++.log.sep > libstdc++.log; \
  exit 0; \
fi; \
srcdir=`CDPATH="${ZSH_VERSION+.}:" && cd ../../../../gcc-7.4.0/libstdc++-v3/testsuite && pwd`; export srcdir; \
EXPECT=expect; export EXPECT; \
runtest=runtest; \
if [ -z "$runtest" ]; then runtest=runtest; fi; \
tool=libstdc++; \
if [ -n "" ]; then \
  if [ -f normal-parallel/finished ]; then rm -rf ""; exit 0; fi; \
  GCC_RUNTEST_PARALLELIZE_DIR=`${PWDCMD-pwd}`/normal-parallel; \
  export GCC_RUNTEST_PARALLELIZE_DIR; \
  cd ""; \
fi; \
if /bin/sh -c "$runtest --version" > /dev/null 2>&1; then \
  $runtest  --tool $tool --srcdir $srcdir \
	    ; \
  if [ -n "" ]; then \
    touch $GCC_RUNTEST_PARALLELIZE_DIR/finished; \
  fi; \
else \
  echo "WARNING: could not find \`runtest'" 1>&2; :;\
fi
WARNING: Couldn't find the global config file.
Test run by nobody on Tue Jan 22 04:10:00 2019
Native configuration is powerpc-unknown-linux-gnu

		=== libstdc++ tests ===

Schedule of variations:
    unix

Running target unix
Using /usr/share/dejagnu/baseboards/unix.exp as board description file for target.
Using /usr/share/dejagnu/config/unix.exp as generic interface file for target.
Using /usr/ports/core-ppc/gcc/work/src/gcc-7.4.0/libstdc++-v3/testsuite/config/default.exp as tool-and-target-specific interface file.
Running /usr/ports/core-ppc/gcc/work/src/gcc-7.4.0/libstdc++-v3/testsuite/libstdc++-abi/abi.exp ...
FAIL: libstdc++-abi/abi_check
Running /usr/ports/core-ppc/gcc/work/src/gcc-7.4.0/libstdc++-v3/testsuite/libstdc++-dg/conformance.exp ...
Running /usr/ports/core-ppc/gcc/work/src/gcc-7.4.0/libstdc++-v3/testsuite/libstdc++-prettyprinters/prettyprinters.exp ...
Running /usr/ports/core-ppc/gcc/work/src/gcc-7.4.0/libstdc++-v3/testsuite/libstdc++-xmethods/xmethods.exp ...

		=== libstdc++ Summary ===

# of expected passes		11818
# of unexpected failures	1
# of expected failures		66
# of unsupported tests		308
make[4]: Leaving directory '/usr/ports/core-ppc/gcc/work/src/build/powerpc-unknown-linux-gnu/libstdc++-v3/testsuite'
make[3]: Leaving directory '/usr/ports/core-ppc/gcc/work/src/build/powerpc-unknown-linux-gnu/libstdc++-v3/testsuite'
Making check in python
make[3]: Entering directory '/usr/ports/core-ppc/gcc/work/src/build/powerpc-unknown-linux-gnu/libstdc++-v3/python'
make[3]: Nothing to be done for 'check'.
make[3]: Leaving directory '/usr/ports/core-ppc/gcc/work/src/build/powerpc-unknown-linux-gnu/libstdc++-v3/python'
make[3]: Entering directory '/usr/ports/core-ppc/gcc/work/src/build/powerpc-unknown-linux-gnu/libstdc++-v3'
true "AR_FLAGS=rc" "CC_FOR_BUILD=gcc" "CC_FOR_TARGET=/usr/ports/core-ppc/gcc/work/src/build/./gcc/xgcc -B/usr/ports/core-ppc/gcc/work/src/build/./gcc/" "CFLAGS=-g -O2 -pipe -mcpu=powerpc -mtune=750 -msecure-plt" "CXXFLAGS=-g -O2 -pipe -mcpu=powerpc -mtune=750 -msecure-plt -D_GNU_SOURCE" "CFLAGS_FOR_BUILD=-O2 -pipe -mcpu=powerpc -mtune=750 -msecure-plt" "CFLAGS_FOR_TARGET=-g -O2 -pipe -mcpu=powerpc -mtune=750 -msecure-plt" "INSTALL=/usr/bin/install -c" "INSTALL_DATA=/usr/bin/install -c -m 644" "INSTALL_PROGRAM=/usr/bin/install -c" "INSTALL_SCRIPT=/usr/bin/install -c" "LDFLAGS=" "LIBCFLAGS=-g -O2 -pipe -mcpu=powerpc -mtune=750 -msecure-plt" "LIBCFLAGS_FOR_TARGET=-g -O2 -pipe -mcpu=powerpc -mtune=750 -msecure-plt" "MAKE=make" "MAKEINFO=/usr/ports/core-ppc/gcc/work/src/gcc-7.4.0/missing makeinfo --split-size=5000000 --split-size=5000000  " "SHELL=/bin/sh" "RUNTESTFLAGS=" "exec_prefix=/usr" "infodir=/usr/share/info" "libdir=/usr/lib" "includedir=/usr/include" "prefix=/usr" "tooldir=/usr/powerpc-unknown-linux-gnu" "gxx_include_dir=/usr/include/c++/7.4.0" "AR=ar" "AS=/usr/ports/core-ppc/gcc/work/src/build/./gcc/as" "LD=/usr/ports/core-ppc/gcc/work/src/build/./gcc/collect-ld" "RANLIB=ranlib" "NM=/usr/ports/core-ppc/gcc/work/src/build/./gcc/nm" "NM_FOR_BUILD=" "NM_FOR_TARGET=nm" "DESTDIR=" "WERROR=" DO=all multi-do # make
make[3]: Leaving directory '/usr/ports/core-ppc/gcc/work/src/build/powerpc-unknown-linux-gnu/libstdc++-v3'
make[2]: Leaving directory '/usr/ports/core-ppc/gcc/work/src/build/powerpc-unknown-linux-gnu/libstdc++-v3'
make[2]: Entering directory '/usr/ports/core-ppc/gcc/work/src/build/powerpc-unknown-linux-gnu/libsanitizer'
Making check in sanitizer_common
make[3]: Entering directory '/usr/ports/core-ppc/gcc/work/src/build/powerpc-unknown-linux-gnu/libsanitizer/sanitizer_common'
make[3]: Nothing to be done for 'check'.
make[3]: Leaving directory '/usr/ports/core-ppc/gcc/work/src/build/powerpc-unknown-linux-gnu/libsanitizer/sanitizer_common'
Making check in interception
make[3]: Entering directory '/usr/ports/core-ppc/gcc/work/src/build/powerpc-unknown-linux-gnu/libsanitizer/interception'
make[3]: Nothing to be done for 'check'.
make[3]: Leaving directory '/usr/ports/core-ppc/gcc/work/src/build/powerpc-unknown-linux-gnu/libsanitizer/interception'
Making check in libbacktrace
make[3]: Entering directory '/usr/ports/core-ppc/gcc/work/src/build/powerpc-unknown-linux-gnu/libsanitizer/libbacktrace'
make[3]: Nothing to be done for 'check'.
make[3]: Leaving directory '/usr/ports/core-ppc/gcc/work/src/build/powerpc-unknown-linux-gnu/libsanitizer/libbacktrace'
Making check in lsan
make[3]: Entering directory '/usr/ports/core-ppc/gcc/work/src/build/powerpc-unknown-linux-gnu/libsanitizer/lsan'
make[3]: Nothing to be done for 'check'.
make[3]: Leaving directory '/usr/ports/core-ppc/gcc/work/src/build/powerpc-unknown-linux-gnu/libsanitizer/lsan'
Making check in asan
make[3]: Entering directory '/usr/ports/core-ppc/gcc/work/src/build/powerpc-unknown-linux-gnu/libsanitizer/asan'
make[3]: Nothing to be done for 'check'.
make[3]: Leaving directory '/usr/ports/core-ppc/gcc/work/src/build/powerpc-unknown-linux-gnu/libsanitizer/asan'
Making check in ubsan
make[3]: Entering directory '/usr/ports/core-ppc/gcc/work/src/build/powerpc-unknown-linux-gnu/libsanitizer/ubsan'
make[3]: Nothing to be done for 'check'.
make[3]: Leaving directory '/usr/ports/core-ppc/gcc/work/src/build/powerpc-unknown-linux-gnu/libsanitizer/ubsan'
make[3]: Entering directory '/usr/ports/core-ppc/gcc/work/src/build/powerpc-unknown-linux-gnu/libsanitizer'
true "AR_FLAGS=rc" "CC_FOR_BUILD=gcc" "CFLAGS=-g -O2 -pipe -mcpu=powerpc -mtune=750 -msecure-plt" "CXXFLAGS=-g -O2 -pipe -mcpu=powerpc -mtune=750 -msecure-plt -D_GNU_SOURCE" "CFLAGS_FOR_BUILD=-O2 -pipe -mcpu=powerpc -mtune=750 -msecure-plt" "CFLAGS_FOR_TARGET=-g -O2 -pipe -mcpu=powerpc -mtune=750 -msecure-plt" "INSTALL=/usr/bin/install -c" "INSTALL_DATA=/usr/bin/install -c -m 644" "INSTALL_PROGRAM=/usr/bin/install -c" "INSTALL_SCRIPT=/usr/bin/install -c" "JC1FLAGS=" "LDFLAGS=" "LIBCFLAGS=-g -O2 -pipe -mcpu=powerpc -mtune=750 -msecure-plt" "LIBCFLAGS_FOR_TARGET=-g -O2 -pipe -mcpu=powerpc -mtune=750 -msecure-plt" "MAKE=make" "MAKEINFO=/usr/ports/core-ppc/gcc/work/src/gcc-7.4.0/missing makeinfo --split-size=5000000 --split-size=5000000  " "PICFLAG=" "PICFLAG_FOR_TARGET=" "SHELL=/bin/sh" "RUNTESTFLAGS=" "exec_prefix=/usr" "infodir=/usr/share/info" "libdir=/usr/lib" "prefix=/usr" "includedir=/usr/include" "AR=ar" "AS=/usr/ports/core-ppc/gcc/work/src/build/./gcc/as" "LD=/usr/ports/core-ppc/gcc/work/src/build/./gcc/collect-ld" "LIBCFLAGS=-g -O2 -pipe -mcpu=powerpc -mtune=750 -msecure-plt" "NM=/usr/ports/core-ppc/gcc/work/src/build/./gcc/nm" "PICFLAG=" "RANLIB=ranlib" "DESTDIR=" DO=all multi-do # make
make[3]: Leaving directory '/usr/ports/core-ppc/gcc/work/src/build/powerpc-unknown-linux-gnu/libsanitizer'
make[2]: Leaving directory '/usr/ports/core-ppc/gcc/work/src/build/powerpc-unknown-linux-gnu/libsanitizer'
make[2]: Entering directory '/usr/ports/core-ppc/gcc/work/src/build/powerpc-unknown-linux-gnu/libssp'
true "AR_FLAGS=rc" "CC_FOR_BUILD=gcc" "CFLAGS=-g -O2 -pipe -mcpu=powerpc -mtune=750 -msecure-plt" "CXXFLAGS=-g -O2 -pipe -mcpu=powerpc -mtune=750 -msecure-plt -D_GNU_SOURCE" "CFLAGS_FOR_BUILD=-O2 -pipe -mcpu=powerpc -mtune=750 -msecure-plt" "CFLAGS_FOR_TARGET=-g -O2 -pipe -mcpu=powerpc -mtune=750 -msecure-plt" "INSTALL=/usr/bin/install -c" "INSTALL_DATA=/usr/bin/install -c -m 644" "INSTALL_PROGRAM=/usr/bin/install -c" "INSTALL_SCRIPT=/usr/bin/install -c" "JC1FLAGS=" "LDFLAGS=" "LIBCFLAGS=-g -O2 -pipe -mcpu=powerpc -mtune=750 -msecure-plt" "LIBCFLAGS_FOR_TARGET=-g -O2 -pipe -mcpu=powerpc -mtune=750 -msecure-plt" "MAKE=make" "MAKEINFO=/usr/ports/core-ppc/gcc/work/src/gcc-7.4.0/missing makeinfo --split-size=5000000 --split-size=5000000 " "PICFLAG=" "PICFLAG_FOR_TARGET=" "SHELL=/bin/sh" "RUNTESTFLAGS=" "exec_prefix=/usr" "infodir=/usr/share/info" "libdir=/usr/lib" "prefix=/usr" "includedir=/usr/include" "AR=ar" "AS=/usr/ports/core-ppc/gcc/work/src/build/./gcc/as" "CC=/usr/ports/core-ppc/gcc/work/src/build/./gcc/xgcc -B/usr/ports/core-ppc/gcc/work/src/build/./gcc/ -B/usr/powerpc-unknown-linux-gnu/bin/ -B/usr/powerpc-unknown-linux-gnu/lib/ -isystem /usr/powerpc-unknown-linux-gnu/include -isystem /usr/powerpc-unknown-linux-gnu/sys-include   " "CXX=/usr/ports/core-ppc/gcc/work/src/build/./gcc/xg++ -B/usr/ports/core-ppc/gcc/work/src/build/./gcc/ -nostdinc++ -nostdinc++ -I/usr/ports/core-ppc/gcc/work/src/build/powerpc-unknown-linux-gnu/libstdc++-v3/include/powerpc-unknown-linux-gnu -I/usr/ports/core-ppc/gcc/work/src/build/powerpc-unknown-linux-gnu/libstdc++-v3/include -I/usr/ports/core-ppc/gcc/work/src/gcc-7.4.0/libstdc++-v3/libsupc++ -I/usr/ports/core-ppc/gcc/work/src/gcc-7.4.0/libstdc++-v3/include/backward -I/usr/ports/core-ppc/gcc/work/src/gcc-7.4.0/libstdc++-v3/testsuite/util -L/usr/ports/core-ppc/gcc/work/src/build/powerpc-unknown-linux-gnu/libstdc++-v3/src -L/usr/ports/core-ppc/gcc/work/src/build/powerpc-unknown-linux-gnu/libstdc++-v3/src/.libs -L/usr/ports/core-ppc/gcc/work/src/build/powerpc-unknown-linux-gnu/libstdc++-v3/libsupc++/.libs -B/usr/ports/core-ppc/gcc/work/src/build/powerpc-unknown-linux-gnu/libstdc++-v3/src/.libs -B/usr/ports/core-ppc/gcc/work/src/build/powerpc-unknown-linux-gnu/libstdc++-v3/libsupc++/.libs -B/usr/powerpc-unknown-linux-gnu/bin/ -B/usr/powerpc-unknown-linux-gnu/lib/ -isystem /usr/powerpc-unknown-linux-gnu/include -isystem /usr/powerpc-unknown-linux-gnu/sys-include   " "LD=/usr/ports/core-ppc/gcc/work/src/build/./gcc/collect-ld" "LIBCFLAGS=-g -O2 -pipe -mcpu=powerpc -mtune=750 -msecure-plt" "NM=/usr/ports/core-ppc/gcc/work/src/build/./gcc/nm" "PICFLAG=" "RANLIB=ranlib" "DESTDIR=" DO=all multi-do # make
make[2]: Leaving directory '/usr/ports/core-ppc/gcc/work/src/build/powerpc-unknown-linux-gnu/libssp'
make[2]: Entering directory '/usr/ports/core-ppc/gcc/work/src/build/powerpc-unknown-linux-gnu/libquadmath'
true  DO=all multi-do # make
make[2]: Leaving directory '/usr/ports/core-ppc/gcc/work/src/build/powerpc-unknown-linux-gnu/libquadmath'
make[2]: Entering directory '/usr/ports/core-ppc/gcc/work/src/build/powerpc-unknown-linux-gnu/libobjc'
make[2]: Nothing to be done for 'check'.
make[2]: Leaving directory '/usr/ports/core-ppc/gcc/work/src/build/powerpc-unknown-linux-gnu/libobjc'
make[2]: Entering directory '/usr/ports/core-ppc/gcc/work/src/build/powerpc-unknown-linux-gnu/libgomp'
Making check in testsuite
make[3]: Entering directory '/usr/ports/core-ppc/gcc/work/src/build/powerpc-unknown-linux-gnu/libgomp/testsuite'
make  check-DEJAGNU
make[4]: Entering directory '/usr/ports/core-ppc/gcc/work/src/build/powerpc-unknown-linux-gnu/libgomp/testsuite'
Making a new site.exp file...
srcdir='../../../../gcc-7.4.0/libgomp/testsuite'; export srcdir; \
EXPECT=expect; export EXPECT; \
runtest=runtest; \
if /bin/sh -c "$runtest --version" > /dev/null 2>&1; then \
  exit_status=0; l='libgomp'; for tool in $l; do \
    if $runtest  --tool $tool --srcdir $srcdir ; \
    then :; else exit_status=1; fi; \
  done; \
else echo "WARNING: could not find \`runtest'" 1>&2; :;\
fi; \
exit $exit_status
WARNING: Couldn't find the global config file.
Test run by nobody on Tue Jan 22 10:18:10 2019
Native configuration is powerpc-unknown-linux-gnu

		=== libgomp tests ===

Schedule of variations:
    unix

Running target unix
Using /usr/share/dejagnu/baseboards/unix.exp as board description file for target.
Using /usr/share/dejagnu/config/unix.exp as generic interface file for target.
Using ../../../../gcc-7.4.0/libgomp/testsuite/config/default.exp as tool-and-target-specific interface file.
Running ../../../../gcc-7.4.0/libgomp/testsuite/libgomp.c/c.exp ...
Running ../../../../gcc-7.4.0/libgomp/testsuite/libgomp.c++/c++.exp ...
Running ../../../../gcc-7.4.0/libgomp/testsuite/libgomp.fortran/fortran.exp ...
No libgfortran library found, will not execute fortran tests
Running ../../../../gcc-7.4.0/libgomp/testsuite/libgomp.graphite/graphite.exp ...
Running ../../../../gcc-7.4.0/libgomp/testsuite/libgomp.hsa.c/c.exp ...
Running ../../../../gcc-7.4.0/libgomp/testsuite/libgomp.oacc-c/c.exp ...
FAIL: libgomp.oacc-c/../libgomp.oacc-c-c++-common/atomic_update-1.c -DACC_DEVICE_TYPE_host=1 -DACC_MEM_SHARED=1  -O2  execution test
Running ../../../../gcc-7.4.0/libgomp/testsuite/libgomp.oacc-c++/c++.exp ...
FAIL: libgomp.oacc-c++/../libgomp.oacc-c-c++-common/atomic_update-1.c -DACC_DEVICE_TYPE_host=1 -DACC_MEM_SHARED=1  -O2  execution test
Running ../../../../gcc-7.4.0/libgomp/testsuite/libgomp.oacc-fortran/fortran.exp ...
No libgfortran library found, will not execute fortran tests

		=== libgomp Summary ===

# of expected passes		1731
# of unexpected failures	2
# of unsupported tests		210
make[4]: *** [Makefile:306: check-DEJAGNU] Error 1
make[4]: Leaving directory '/usr/ports/core-ppc/gcc/work/src/build/powerpc-unknown-linux-gnu/libgomp/testsuite'
make[3]: *** [Makefile:350: check-am] Error 2
make[3]: Target 'check' not remade because of errors.
make[3]: Leaving directory '/usr/ports/core-ppc/gcc/work/src/build/powerpc-unknown-linux-gnu/libgomp/testsuite'
make[3]: Entering directory '/usr/ports/core-ppc/gcc/work/src/build/powerpc-unknown-linux-gnu/libgomp'
true  DO=all multi-do # make
make[3]: Leaving directory '/usr/ports/core-ppc/gcc/work/src/build/powerpc-unknown-linux-gnu/libgomp'
make[2]: *** [Makefile:904: check-recursive] Error 1
make[2]: Target 'check' not remade because of errors.
make[2]: Leaving directory '/usr/ports/core-ppc/gcc/work/src/build/powerpc-unknown-linux-gnu/libgomp'
make[1]: *** [Makefile:14403: check-target-libgomp] Error 2
make[2]: Entering directory '/usr/ports/core-ppc/gcc/work/src/build/powerpc-unknown-linux-gnu/libitm'
Making check in testsuite
make[3]: Entering directory '/usr/ports/core-ppc/gcc/work/src/build/powerpc-unknown-linux-gnu/libitm/testsuite'
make  check-DEJAGNU
make[4]: Entering directory '/usr/ports/core-ppc/gcc/work/src/build/powerpc-unknown-linux-gnu/libitm/testsuite'
Making a new site.exp file...
srcdir='../../../../gcc-7.4.0/libitm/testsuite'; export srcdir; \
EXPECT=expect; export EXPECT; \
runtest=runtest; \
if /bin/sh -c "$runtest --version" > /dev/null 2>&1; then \
  exit_status=0; l='libitm'; for tool in $l; do \
    if $runtest  --tool $tool --srcdir $srcdir ; \
    then :; else exit_status=1; fi; \
  done; \
else echo "WARNING: could not find \`runtest'" 1>&2; :;\
fi; \
exit $exit_status
WARNING: Couldn't find the global config file.
Test run by nobody on Tue Jan 22 10:35:23 2019
Native configuration is powerpc-unknown-linux-gnu

		=== libitm tests ===

Schedule of variations:
    unix

Running target unix
Using /usr/share/dejagnu/baseboards/unix.exp as board description file for target.
Using /usr/share/dejagnu/config/unix.exp as generic interface file for target.
Using ../../../../gcc-7.4.0/libitm/testsuite/config/default.exp as tool-and-target-specific interface file.
Running ../../../../gcc-7.4.0/libitm/testsuite/libitm.c/c.exp ...
Running ../../../../gcc-7.4.0/libitm/testsuite/libitm.c++/c++.exp ...

		=== libitm Summary ===

# of expected passes		42
# of expected failures		3
# of unsupported tests		1
make[4]: Leaving directory '/usr/ports/core-ppc/gcc/work/src/build/powerpc-unknown-linux-gnu/libitm/testsuite'
make[3]: Leaving directory '/usr/ports/core-ppc/gcc/work/src/build/powerpc-unknown-linux-gnu/libitm/testsuite'
make[3]: Entering directory '/usr/ports/core-ppc/gcc/work/src/build/powerpc-unknown-linux-gnu/libitm'
true  DO=all multi-do # make
make[3]: Leaving directory '/usr/ports/core-ppc/gcc/work/src/build/powerpc-unknown-linux-gnu/libitm'
make[2]: Leaving directory '/usr/ports/core-ppc/gcc/work/src/build/powerpc-unknown-linux-gnu/libitm'
make[2]: Entering directory '/usr/ports/core-ppc/gcc/work/src/build/powerpc-unknown-linux-gnu/libatomic'
Making check in testsuite
make[3]: Entering directory '/usr/ports/core-ppc/gcc/work/src/build/powerpc-unknown-linux-gnu/libatomic/testsuite'
make  check-DEJAGNU
make[4]: Entering directory '/usr/ports/core-ppc/gcc/work/src/build/powerpc-unknown-linux-gnu/libatomic/testsuite'
Making a new site.exp file...
srcdir='../../../../gcc-7.4.0/libatomic/testsuite'; export srcdir; \
EXPECT=expect; export EXPECT; \
runtest=runtest; \
if /bin/sh -c "$runtest --version" > /dev/null 2>&1; then \
  exit_status=0; l='libatomic'; for tool in $l; do \
    if $runtest  --tool $tool --srcdir $srcdir ; \
    then :; else exit_status=1; fi; \
  done; \
else echo "WARNING: could not find \`runtest'" 1>&2; :;\
fi; \
exit $exit_status
WARNING: Couldn't find the global config file.
Test run by nobody on Tue Jan 22 10:35:46 2019
Native configuration is powerpc-unknown-linux-gnu

		=== libatomic tests ===

Schedule of variations:
    unix

Running target unix
Using /usr/share/dejagnu/baseboards/unix.exp as board description file for target.
Using /usr/share/dejagnu/config/unix.exp as generic interface file for target.
Using ../../../../gcc-7.4.0/libatomic/testsuite/config/default.exp as tool-and-target-specific interface file.
Running ../../../../gcc-7.4.0/libatomic/testsuite/libatomic.c/c.exp ...

		=== libatomic Summary ===

# of expected passes		44
# of unsupported tests		5
make[4]: Leaving directory '/usr/ports/core-ppc/gcc/work/src/build/powerpc-unknown-linux-gnu/libatomic/testsuite'
make[3]: Leaving directory '/usr/ports/core-ppc/gcc/work/src/build/powerpc-unknown-linux-gnu/libatomic/testsuite'
make[3]: Entering directory '/usr/ports/core-ppc/gcc/work/src/build/powerpc-unknown-linux-gnu/libatomic'
true  DO=all multi-do # make
make[3]: Leaving directory '/usr/ports/core-ppc/gcc/work/src/build/powerpc-unknown-linux-gnu/libatomic'
make[2]: Leaving directory '/usr/ports/core-ppc/gcc/work/src/build/powerpc-unknown-linux-gnu/libatomic'
make[1]: Target 'check-target' not remade because of errors.
make[1]: Leaving directory '/usr/ports/core-ppc/gcc/work/src/build'
make: *** [Makefile:2238: do-check] Error 2
make: Target 'check' not remade because of errors.
